#
# There is insufficient memory for the Java Runtime Environment to continue.
# Native memory allocation (malloc) failed to allocate 1460816 bytes for Chunk::new
# Possible reasons:
#   The system is out of physical RAM or swap space
#   The process is running with CompressedOops enabled, and the Java Heap may be blocking the growth of the native heap
# Possible solutions:
#   Reduce memory load on the system
#   Increase physical memory or swap space
#   Check if swap backing store is full
#   Decrease Java heap size (-Xmx/-Xms)
#   Decrease number of Java threads
#   Decrease Java thread stack sizes (-Xss)
#   Set larger code cache with -XX:ReservedCodeCacheSize=
#   JVM is running with Unscaled Compressed Oops mode in which the Java heap is
#     placed in the first 4GB address space. The Java Heap base address is the
#     maximum limit for the native heap growth. Please use -XX:HeapBaseMinAddress
#     to set the Java Heap base and to place the Java Heap above 4GB virtual address.
# This output file may be truncated or incomplete.
#
#  Out of Memory Error (./src/hotspot/share/memory/arena.cpp:197), pid=16872, tid=14160
#
# JRE version: OpenJDK Runtime Environment (11.0.8+10) (build 11.0.8+10-b944.6842174)
# Java VM: OpenJDK 64-Bit Server VM (11.0.8+10-b944.6842174, mixed mode, tiered, compressed oops, g1 gc, windows-amd64)
# No core dump will be written. Minidumps are not enabled by default on client versions of Windows
#

---------------  S U M M A R Y ------------

Command Line: --add-opens=java.base/java.util=ALL-UNNAMED --add-opens=java.base/java.lang=ALL-UNNAMED --add-opens=java.base/java.lang.invoke=ALL-UNNAMED --add-opens=java.prefs/java.util.prefs=ALL-UNNAMED -Xmx2048m -Dfile.encoding=UTF-8 -Duser.country=US -Duser.language=en -Duser.variant org.gradle.launcher.daemon.bootstrap.GradleDaemon 6.7.1

Host: Intel(R) Core(TM) i7-7700HQ CPU @ 2.80GHz, 8 cores, 7G,  Windows 10 , 64 bit Build 19041 (10.0.19041.1023)
Time: Sun Jul 18 21:19:23 2021 SE Asia Standard Time elapsed time: 19 seconds (0d 0h 0m 19s)

---------------  T H R E A D  ---------------

Current thread (0x00000254d1cfc800):  JavaThread "C2 CompilerThread1" daemon [_thread_in_native, id=14160, stack(0x000000f800100000,0x000000f800200000)]


Current CompileTask:
C2:  19830 8943       4       org.gradle.cache.internal.btree.FreeListBlockStore::read (12 bytes)

Stack: [0x000000f800100000,0x000000f800200000]
Native frames: (J=compiled Java code, j=interpreted, Vv=VM code, C=native code)
V  [jvm.dll+0x5de50a]
V  [jvm.dll+0x7122f5]
V  [jvm.dll+0x71384d]
V  [jvm.dll+0x713f03]
V  [jvm.dll+0x23e728]
V  [jvm.dll+0xb899c]
V  [jvm.dll+0xb8e9c]
V  [jvm.dll+0x35020b]
V  [jvm.dll+0x31dea3]
V  [jvm.dll+0x31d39a]
V  [jvm.dll+0x1f7702]
V  [jvm.dll+0x1f68d4]
V  [jvm.dll+0x17f32c]
V  [jvm.dll+0x205047]
V  [jvm.dll+0x203891]
V  [jvm.dll+0x6dad3f]
V  [jvm.dll+0x6d3895]
V  [jvm.dll+0x5dd4a6]
C  [ucrtbase.dll+0x21bb2]
C  [KERNEL32.DLL+0x17034]
C  [ntdll.dll+0x52651]


---------------  P R O C E S S  ---------------

Threads class SMR info:
_java_thread_list=0x00000254d567afb0, length=139, elements={
0x00000254b10cb000, 0x00000254cb3c5000, 0x00000254cb3c6000, 0x00000254cb3da000,
0x00000254cb3da800, 0x00000254cb3dc800, 0x00000254cb3e8800, 0x00000254cb3ed000,
0x00000254cbe94800, 0x00000254cbeae000, 0x00000254cc982000, 0x00000254ccd7b000,
0x00000254ccc51800, 0x00000254cd218000, 0x00000254cc099000, 0x00000254ccf9d000,
0x00000254ce432800, 0x00000254cd854000, 0x00000254cc9a7000, 0x00000254ce1e6800,
0x00000254cdd0a000, 0x00000254cdd0b000, 0x00000254cdd09800, 0x00000254cdd0c800,
0x00000254cdd0f000, 0x00000254cdd0b800, 0x00000254cdd0d800, 0x00000254cdd10000,
0x00000254d03f7800, 0x00000254d03f8000, 0x00000254d03f6800, 0x00000254d03f9000,
0x00000254d03fa800, 0x00000254d03fa000, 0x00000254d03fb800, 0x00000254d03f5800,
0x00000254d03fe800, 0x00000254d03ff800, 0x00000254d0400800, 0x00000254d03fc800,
0x00000254d0401000, 0x00000254d03fe000, 0x00000254d0402000, 0x00000254d0403000,
0x00000254d03fd000, 0x00000254d0403800, 0x00000254d0404800, 0x00000254d067a800,
0x00000254d0678800, 0x00000254d0678000, 0x00000254d0677000, 0x00000254d067f000,
0x00000254d0682800, 0x00000254d0683000, 0x00000254d0681800, 0x00000254d067d800,
0x00000254d0680000, 0x00000254d0684000, 0x00000254d0681000, 0x00000254d067e800,
0x00000254d0685000, 0x00000254d0685800, 0x00000254d19a3800, 0x00000254d199f000,
0x00000254d199d800, 0x00000254d19a4000, 0x00000254d199e800, 0x00000254d19a5000,
0x00000254d19a5800, 0x00000254d19a2800, 0x00000254d19a0000, 0x00000254d19a1800,
0x00000254d19a6800, 0x00000254d19a1000, 0x00000254d19a9000, 0x00000254d19ac000,
0x00000254d19a7800, 0x00000254d19aa000, 0x00000254d19a8000, 0x00000254d19aa800,
0x00000254d19ab800, 0x00000254d0968800, 0x00000254d0969800, 0x00000254d0967000,
0x00000254d096c800, 0x00000254d096d800, 0x00000254d096c000, 0x00000254d096a000,
0x00000254d096b000, 0x00000254d0967800, 0x00000254ce43e800, 0x00000254ce440000,
0x00000254ce443800, 0x00000254ce445000, 0x00000254ce442800, 0x00000254ce444800,
0x00000254ce43f800, 0x00000254ce446000, 0x00000254ce441000, 0x00000254ce442000,
0x00000254ce448800, 0x00000254ce44c800, 0x00000254ce446800, 0x00000254ce44b800,
0x00000254ce44d000, 0x00000254ce447800, 0x00000254ce44b000, 0x00000254ce449000,
0x00000254ce44a000, 0x00000254d0b7d000, 0x00000254d0b81000, 0x00000254d0b7f800,
0x00000254d0b80000, 0x00000254d0b7d800, 0x00000254d0b7c000, 0x00000254d0b81800,
0x00000254d0b7e800, 0x00000254d0b84000, 0x00000254d0b88800, 0x00000254d0b82800,
0x00000254d0b85000, 0x00000254d0b83800, 0x00000254d0b8a800, 0x00000254d0b8a000,
0x00000254d0b89000, 0x00000254d0b86000, 0x00000254d0b86800, 0x00000254d0b87800,
0x00000254d1cf6000, 0x00000254d1cf1000, 0x00000254d1cf7000, 0x00000254d1cf7800,
0x00000254d1cf2000, 0x00000254d1cf3800, 0x00000254d1cf4800, 0x00000254d1cf8800,
0x00000254d1cf3000, 0x00000254d1cfa000, 0x00000254d1cfc800
}

Java Threads: ( => current thread )
  0x00000254b10cb000 JavaThread "main" [_thread_blocked, id=15352, stack(0x000000f87e200000,0x000000f87e300000)]
  0x00000254cb3c5000 JavaThread "Reference Handler" daemon [_thread_blocked, id=13996, stack(0x000000f87e900000,0x000000f87ea00000)]
  0x00000254cb3c6000 JavaThread "Finalizer" daemon [_thread_blocked, id=26692, stack(0x000000f87ea00000,0x000000f87eb00000)]
  0x00000254cb3da000 JavaThread "Signal Dispatcher" daemon [_thread_blocked, id=11436, stack(0x000000f87eb00000,0x000000f87ec00000)]
  0x00000254cb3da800 JavaThread "Attach Listener" daemon [_thread_blocked, id=23316, stack(0x000000f87ec00000,0x000000f87ed00000)]
  0x00000254cb3dc800 JavaThread "C2 CompilerThread0" daemon [_thread_in_native, id=23924, stack(0x000000f87ed00000,0x000000f87ee00000)]
  0x00000254cb3e8800 JavaThread "C1 CompilerThread0" daemon [_thread_in_native, id=13260, stack(0x000000f87ee00000,0x000000f87ef00000)]
  0x00000254cb3ed000 JavaThread "Sweeper thread" daemon [_thread_blocked, id=16036, stack(0x000000f87ef00000,0x000000f87f000000)]
  0x00000254cbe94800 JavaThread "Common-Cleaner" daemon [_thread_blocked, id=16652, stack(0x000000f87f000000,0x000000f87f100000)]
  0x00000254cbeae000 JavaThread "Service Thread" daemon [_thread_blocked, id=15904, stack(0x000000f87f100000,0x000000f87f200000)]
  0x00000254cc982000 JavaThread "Daemon health stats" [_thread_blocked, id=11108, stack(0x000000f87f600000,0x000000f87f700000)]
  0x00000254ccd7b000 JavaThread "Incoming local TCP Connector on port 57396" [_thread_in_native, id=8012, stack(0x000000f87f800000,0x000000f87f900000)]
  0x00000254ccc51800 JavaThread "Daemon periodic checks" [_thread_blocked, id=28332, stack(0x000000f87f900000,0x000000f87fa00000)]
  0x00000254cd218000 JavaThread "Daemon" [_thread_blocked, id=25488, stack(0x000000f87fa00000,0x000000f87fb00000)]
  0x00000254cc099000 JavaThread "Handler for socket connection from /127.0.0.1:57396 to /127.0.0.1:57397" [_thread_in_native, id=1224, stack(0x000000f87fb00000,0x000000f87fc00000)]
  0x00000254ccf9d000 JavaThread "Cancel handler" [_thread_blocked, id=10808, stack(0x000000f87fc00000,0x000000f87fd00000)]
  0x00000254ce432800 JavaThread "Daemon worker" [_thread_blocked, id=23292, stack(0x000000f87fd00000,0x000000f87fe00000)]
  0x00000254cd854000 JavaThread "Asynchronous log dispatcher for DefaultDaemonConnection: socket connection from /127.0.0.1:57396 to /127.0.0.1:57397" [_thread_blocked, id=20164, stack(0x000000f87fe00000,0x000000f87ff00000)]
  0x00000254cc9a7000 JavaThread "Stdin handler" [_thread_blocked, id=20388, stack(0x000000f87ff00000,0x000000f880000000)]
  0x00000254ce1e6800 JavaThread "Thread-8" [_thread_blocked, id=11304, stack(0x000000f800000000,0x000000f800100000)]
  0x00000254cdd0a000 JavaThread "Cache worker for file hash cache (C:\Users\phamh\.gradle\caches\6.7.1\fileHashes)" [_thread_in_native, id=18244, stack(0x000000f800700000,0x000000f800800000)]
  0x00000254cdd0b000 JavaThread "File lock request listener" [_thread_in_native, id=21544, stack(0x000000f800800000,0x000000f800900000)]
  0x00000254cdd09800 JavaThread "Cache worker for journal cache (C:\Users\phamh\.gradle\caches\journal-1)" [_thread_blocked, id=1684, stack(0x000000f800a00000,0x000000f800b00000)]
  0x00000254cdd0c800 JavaThread "Cache worker for file hash cache (D:\Data\STU_2020_2021\LVTN\LuanvanMXHHippo\.gradle\6.7.1\fileHashes)" [_thread_blocked, id=11468, stack(0x000000f800b00000,0x000000f800c00000)]
  0x00000254cdd0f000 JavaThread "jar transforms" [_thread_blocked, id=8592, stack(0x000000f800c00000,0x000000f800d00000)]
  0x00000254cdd0b800 JavaThread "jar transforms Thread 2" [_thread_blocked, id=19652, stack(0x000000f800d00000,0x000000f800e00000)]
  0x00000254cdd0d800 JavaThread "jar transforms Thread 3" [_thread_blocked, id=9164, stack(0x000000f800e00000,0x000000f800f00000)]
  0x00000254cdd10000 JavaThread "jar transforms Thread 4" [_thread_blocked, id=11440, stack(0x000000f800f00000,0x000000f801000000)]
  0x00000254d03f7800 JavaThread "jar transforms Thread 5" [_thread_blocked, id=14372, stack(0x000000f801000000,0x000000f801100000)]
  0x00000254d03f8000 JavaThread "jar transforms Thread 6" [_thread_blocked, id=21680, stack(0x000000f801100000,0x000000f801200000)]
  0x00000254d03f6800 JavaThread "jar transforms Thread 7" [_thread_blocked, id=20960, stack(0x000000f801200000,0x000000f801300000)]
  0x00000254d03f9000 JavaThread "jar transforms Thread 8" [_thread_blocked, id=1100, stack(0x000000f801300000,0x000000f801400000)]
  0x00000254d03fa800 JavaThread "jar transforms Thread 9" [_thread_blocked, id=25444, stack(0x000000f801400000,0x000000f801500000)]
  0x00000254d03fa000 JavaThread "jar transforms Thread 10" [_thread_blocked, id=3292, stack(0x000000f801500000,0x000000f801600000)]
  0x00000254d03fb800 JavaThread "jar transforms Thread 11" [_thread_blocked, id=13372, stack(0x000000f801600000,0x000000f801700000)]
  0x00000254d03f5800 JavaThread "jar transforms Thread 12" [_thread_blocked, id=19252, stack(0x000000f801700000,0x000000f801800000)]
  0x00000254d03fe800 JavaThread "jar transforms Thread 13" [_thread_blocked, id=22072, stack(0x000000f801800000,0x000000f801900000)]
  0x00000254d03ff800 JavaThread "jar transforms Thread 14" [_thread_blocked, id=8648, stack(0x000000f801900000,0x000000f801a00000)]
  0x00000254d0400800 JavaThread "jar transforms Thread 15" [_thread_blocked, id=25760, stack(0x000000f801a00000,0x000000f801b00000)]
  0x00000254d03fc800 JavaThread "jar transforms Thread 16" [_thread_blocked, id=18156, stack(0x000000f801b00000,0x000000f801c00000)]
  0x00000254d0401000 JavaThread "jar transforms Thread 17" [_thread_blocked, id=12524, stack(0x000000f801c00000,0x000000f801d00000)]
  0x00000254d03fe000 JavaThread "jar transforms Thread 18" [_thread_blocked, id=27936, stack(0x000000f801d00000,0x000000f801e00000)]
  0x00000254d0402000 JavaThread "jar transforms Thread 19" [_thread_blocked, id=10852, stack(0x000000f801e00000,0x000000f801f00000)]
  0x00000254d0403000 JavaThread "jar transforms Thread 20" [_thread_blocked, id=22992, stack(0x000000f801f00000,0x000000f802000000)]
  0x00000254d03fd000 JavaThread "jar transforms Thread 21" [_thread_blocked, id=9608, stack(0x000000f802000000,0x000000f802100000)]
  0x00000254d0403800 JavaThread "Cache worker for checksums cache (D:\Data\STU_2020_2021\LVTN\LuanvanMXHHippo\.gradle\checksums)" [_thread_blocked, id=12580, stack(0x000000f802100000,0x000000f802200000)]
  0x00000254d0404800 JavaThread "Cache worker for cache directory md-supplier (C:\Users\phamh\.gradle\caches\6.7.1\md-supplier)" [_thread_blocked, id=2820, stack(0x000000f802200000,0x000000f802300000)]
  0x00000254d067a800 JavaThread "Cache worker for cache directory md-rule (C:\Users\phamh\.gradle\caches\6.7.1\md-rule)" [_thread_blocked, id=13800, stack(0x000000f802300000,0x000000f802400000)]
  0x00000254d0678800 JavaThread "Cache worker for execution history cache (C:\Users\phamh\.gradle\caches\6.7.1\executionHistory)" [_thread_blocked, id=21864, stack(0x000000f802400000,0x000000f802500000)]
  0x00000254d0678000 JavaThread "Cache worker for file content cache (C:\Users\phamh\.gradle\caches\6.7.1\fileContent)" [_thread_blocked, id=11024, stack(0x000000f802500000,0x000000f802600000)]
  0x00000254d0677000 JavaThread "Cache worker for Build Output Cleanup Cache (D:\Data\STU_2020_2021\LVTN\LuanvanMXHHippo\.gradle\buildOutputCleanup)" [_thread_blocked, id=23128, stack(0x000000f802600000,0x000000f802700000)]
  0x00000254d067f000 JavaThread "Build operations" [_thread_blocked, id=4684, stack(0x000000f802700000,0x000000f802800000)]
  0x00000254d0682800 JavaThread "Build operations Thread 2" [_thread_in_Java, id=9132, stack(0x000000f802800000,0x000000f802900000)]
  0x00000254d0683000 JavaThread "Build operations Thread 3" [_thread_in_native, id=14716, stack(0x000000f802900000,0x000000f802a00000)]
  0x00000254d0681800 JavaThread "Build operations Thread 4" [_thread_blocked, id=20332, stack(0x000000f802a00000,0x000000f802b00000)]
  0x00000254d067d800 JavaThread "Build operations Thread 5" [_thread_in_Java, id=23560, stack(0x000000f802b00000,0x000000f802c00000)]
  0x00000254d0680000 JavaThread "Build operations Thread 6" [_thread_blocked, id=24572, stack(0x000000f802c00000,0x000000f802d00000)]
  0x00000254d0684000 JavaThread "Build operations Thread 7" [_thread_blocked, id=15524, stack(0x000000f802d00000,0x000000f802e00000)]
  0x00000254d0681000 JavaThread "Build operations Thread 8" [_thread_blocked, id=25060, stack(0x000000f802e00000,0x000000f802f00000)]
  0x00000254d067e800 JavaThread "jar transforms Thread 22" [_thread_blocked, id=5384, stack(0x000000f802f00000,0x000000f803000000)]
  0x00000254d0685000 JavaThread "jar transforms Thread 23" [_thread_blocked, id=25688, stack(0x000000f803000000,0x000000f803100000)]
  0x00000254d0685800 JavaThread "jar transforms Thread 24" [_thread_blocked, id=16024, stack(0x000000f803100000,0x000000f803200000)]
  0x00000254d19a3800 JavaThread "jar transforms Thread 25" [_thread_blocked, id=24952, stack(0x000000f803200000,0x000000f803300000)]
  0x00000254d199f000 JavaThread "jar transforms Thread 26" [_thread_blocked, id=28456, stack(0x000000f803300000,0x000000f803400000)]
  0x00000254d199d800 JavaThread "jar transforms Thread 27" [_thread_blocked, id=26196, stack(0x000000f803400000,0x000000f803500000)]
  0x00000254d19a4000 JavaThread "jar transforms Thread 28" [_thread_blocked, id=12180, stack(0x000000f803500000,0x000000f803600000)]
  0x00000254d199e800 JavaThread "jar transforms Thread 29" [_thread_blocked, id=24468, stack(0x000000f803600000,0x000000f803700000)]
  0x00000254d19a5000 JavaThread "jar transforms Thread 30" [_thread_blocked, id=27832, stack(0x000000f803700000,0x000000f803800000)]
  0x00000254d19a5800 JavaThread "jar transforms Thread 31" [_thread_blocked, id=19708, stack(0x000000f803800000,0x000000f803900000)]
  0x00000254d19a2800 JavaThread "jar transforms Thread 32" [_thread_blocked, id=18660, stack(0x000000f803900000,0x000000f803a00000)]
  0x00000254d19a0000 JavaThread "jar transforms Thread 33" [_thread_blocked, id=15572, stack(0x000000f803a00000,0x000000f803b00000)]
  0x00000254d19a1800 JavaThread "jar transforms Thread 34" [_thread_blocked, id=15224, stack(0x000000f803b00000,0x000000f803c00000)]
  0x00000254d19a6800 JavaThread "jar transforms Thread 35" [_thread_blocked, id=1580, stack(0x000000f803c00000,0x000000f803d00000)]
  0x00000254d19a1000 JavaThread "jar transforms Thread 36" [_thread_blocked, id=15984, stack(0x000000f803d00000,0x000000f803e00000)]
  0x00000254d19a9000 JavaThread "jar transforms Thread 37" [_thread_blocked, id=23712, stack(0x000000f803e00000,0x000000f803f00000)]
  0x00000254d19ac000 JavaThread "jar transforms Thread 38" [_thread_blocked, id=22412, stack(0x000000f803f00000,0x000000f804000000)]
  0x00000254d19a7800 JavaThread "jar transforms Thread 39" [_thread_blocked, id=17184, stack(0x000000f804000000,0x000000f804100000)]
  0x00000254d19aa000 JavaThread "jar transforms Thread 40" [_thread_blocked, id=11400, stack(0x000000f804100000,0x000000f804200000)]
  0x00000254d19a8000 JavaThread "jar transforms Thread 41" [_thread_blocked, id=2512, stack(0x000000f804200000,0x000000f804300000)]
  0x00000254d19aa800 JavaThread "jar transforms Thread 42" [_thread_blocked, id=23220, stack(0x000000f804300000,0x000000f804400000)]
  0x00000254d19ab800 JavaThread "jar transforms Thread 43" [_thread_blocked, id=9028, stack(0x000000f804400000,0x000000f804500000)]
  0x00000254d0968800 JavaThread "jar transforms Thread 44" [_thread_blocked, id=16252, stack(0x000000f804500000,0x000000f804600000)]
  0x00000254d0969800 JavaThread "jar transforms Thread 45" [_thread_blocked, id=13468, stack(0x000000f804600000,0x000000f804700000)]
  0x00000254d0967000 JavaThread "jar transforms Thread 46" [_thread_blocked, id=12148, stack(0x000000f804700000,0x000000f804800000)]
  0x00000254d096c800 JavaThread "jar transforms Thread 47" [_thread_blocked, id=1476, stack(0x000000f804800000,0x000000f804900000)]
  0x00000254d096d800 JavaThread "jar transforms Thread 48" [_thread_blocked, id=24724, stack(0x000000f804900000,0x000000f804a00000)]
  0x00000254d096c000 JavaThread "jar transforms Thread 49" [_thread_blocked, id=2472, stack(0x000000f804a00000,0x000000f804b00000)]
  0x00000254d096a000 JavaThread "jar transforms Thread 50" [_thread_blocked, id=26404, stack(0x000000f804b00000,0x000000f804c00000)]
  0x00000254d096b000 JavaThread "jar transforms Thread 51" [_thread_blocked, id=21248, stack(0x000000f804c00000,0x000000f804d00000)]
  0x00000254d0967800 JavaThread "jar transforms Thread 52" [_thread_blocked, id=15620, stack(0x000000f804d00000,0x000000f804e00000)]
  0x00000254ce43e800 JavaThread "jar transforms Thread 53" [_thread_blocked, id=24232, stack(0x000000f804e00000,0x000000f804f00000)]
  0x00000254ce440000 JavaThread "jar transforms Thread 54" [_thread_blocked, id=12504, stack(0x000000f804f00000,0x000000f805000000)]
  0x00000254ce443800 JavaThread "jar transforms Thread 55" [_thread_blocked, id=9936, stack(0x000000f805000000,0x000000f805100000)]
  0x00000254ce445000 JavaThread "jar transforms Thread 56" [_thread_blocked, id=13036, stack(0x000000f805100000,0x000000f805200000)]
  0x00000254ce442800 JavaThread "jar transforms Thread 57" [_thread_blocked, id=6056, stack(0x000000f805200000,0x000000f805300000)]
  0x00000254ce444800 JavaThread "jar transforms Thread 58" [_thread_blocked, id=2020, stack(0x000000f805300000,0x000000f805400000)]
  0x00000254ce43f800 JavaThread "jar transforms Thread 59" [_thread_blocked, id=19160, stack(0x000000f805400000,0x000000f805500000)]
  0x00000254ce446000 JavaThread "jar transforms Thread 60" [_thread_blocked, id=18280, stack(0x000000f805500000,0x000000f805600000)]
  0x00000254ce441000 JavaThread "jar transforms Thread 61" [_thread_blocked, id=20284, stack(0x000000f805600000,0x000000f805700000)]
  0x00000254ce442000 JavaThread "jar transforms Thread 62" [_thread_blocked, id=4168, stack(0x000000f805700000,0x000000f805800000)]
  0x00000254ce448800 JavaThread "jar transforms Thread 63" [_thread_blocked, id=25592, stack(0x000000f805800000,0x000000f805900000)]
  0x00000254ce44c800 JavaThread "jar transforms Thread 64" [_thread_blocked, id=17304, stack(0x000000f805900000,0x000000f805a00000)]
  0x00000254ce446800 JavaThread "jar transforms Thread 65" [_thread_blocked, id=12656, stack(0x000000f805a00000,0x000000f805b00000)]
  0x00000254ce44b800 JavaThread "jar transforms Thread 66" [_thread_blocked, id=17108, stack(0x000000f805b00000,0x000000f805c00000)]
  0x00000254ce44d000 JavaThread "jar transforms Thread 67" [_thread_blocked, id=7916, stack(0x000000f805c00000,0x000000f805d00000)]
  0x00000254ce447800 JavaThread "jar transforms Thread 68" [_thread_blocked, id=16100, stack(0x000000f805d00000,0x000000f805e00000)]
  0x00000254ce44b000 JavaThread "jar transforms Thread 69" [_thread_blocked, id=9092, stack(0x000000f805e00000,0x000000f805f00000)]
  0x00000254ce449000 JavaThread "jar transforms Thread 70" [_thread_blocked, id=23580, stack(0x000000f805f00000,0x000000f806000000)]
  0x00000254ce44a000 JavaThread "jar transforms Thread 71" [_thread_blocked, id=26016, stack(0x000000f806000000,0x000000f806100000)]
  0x00000254d0b7d000 JavaThread "jar transforms Thread 72" [_thread_blocked, id=19476, stack(0x000000f806100000,0x000000f806200000)]
  0x00000254d0b81000 JavaThread "jar transforms Thread 73" [_thread_blocked, id=20944, stack(0x000000f806200000,0x000000f806300000)]
  0x00000254d0b7f800 JavaThread "jar transforms Thread 74" [_thread_blocked, id=5344, stack(0x000000f806300000,0x000000f806400000)]
  0x00000254d0b80000 JavaThread "jar transforms Thread 75" [_thread_blocked, id=23584, stack(0x000000f806400000,0x000000f806500000)]
  0x00000254d0b7d800 JavaThread "jar transforms Thread 76" [_thread_blocked, id=10716, stack(0x000000f806500000,0x000000f806600000)]
  0x00000254d0b7c000 JavaThread "jar transforms Thread 77" [_thread_blocked, id=25624, stack(0x000000f806600000,0x000000f806700000)]
  0x00000254d0b81800 JavaThread "jar transforms Thread 78" [_thread_blocked, id=22140, stack(0x000000f806700000,0x000000f806800000)]
  0x00000254d0b7e800 JavaThread "jar transforms Thread 79" [_thread_blocked, id=22648, stack(0x000000f806800000,0x000000f806900000)]
  0x00000254d0b84000 JavaThread "jar transforms Thread 80" [_thread_blocked, id=3344, stack(0x000000f806900000,0x000000f806a00000)]
  0x00000254d0b88800 JavaThread "jar transforms Thread 81" [_thread_blocked, id=22156, stack(0x000000f806a00000,0x000000f806b00000)]
  0x00000254d0b82800 JavaThread "jar transforms Thread 82" [_thread_blocked, id=19552, stack(0x000000f806b00000,0x000000f806c00000)]
  0x00000254d0b85000 JavaThread "jar transforms Thread 83" [_thread_blocked, id=18072, stack(0x000000f806c00000,0x000000f806d00000)]
  0x00000254d0b83800 JavaThread "jar transforms Thread 84" [_thread_blocked, id=10168, stack(0x000000f806d00000,0x000000f806e00000)]
  0x00000254d0b8a800 JavaThread "jar transforms Thread 85" [_thread_blocked, id=1612, stack(0x000000f806e00000,0x000000f806f00000)]
  0x00000254d0b8a000 JavaThread "jar transforms Thread 86" [_thread_blocked, id=26712, stack(0x000000f806f00000,0x000000f807000000)]
  0x00000254d0b89000 JavaThread "jar transforms Thread 87" [_thread_blocked, id=6996, stack(0x000000f807000000,0x000000f807100000)]
  0x00000254d0b86000 JavaThread "jar transforms Thread 88" [_thread_blocked, id=26140, stack(0x000000f807100000,0x000000f807200000)]
  0x00000254d0b86800 JavaThread "jar transforms Thread 89" [_thread_blocked, id=13012, stack(0x000000f807200000,0x000000f807300000)]
  0x00000254d0b87800 JavaThread "jar transforms Thread 90" [_thread_blocked, id=12564, stack(0x000000f807300000,0x000000f807400000)]
  0x00000254d1cf6000 JavaThread "jar transforms Thread 91" [_thread_blocked, id=26324, stack(0x000000f807400000,0x000000f807500000)]
  0x00000254d1cf1000 JavaThread "jar transforms Thread 92" [_thread_blocked, id=8148, stack(0x000000f807500000,0x000000f807600000)]
  0x00000254d1cf7000 JavaThread "jar transforms Thread 93" [_thread_blocked, id=24900, stack(0x000000f807600000,0x000000f807700000)]
  0x00000254d1cf7800 JavaThread "jar transforms Thread 94" [_thread_blocked, id=11368, stack(0x000000f807700000,0x000000f807800000)]
  0x00000254d1cf2000 JavaThread "jar transforms Thread 95" [_thread_blocked, id=21348, stack(0x000000f807800000,0x000000f807900000)]
  0x00000254d1cf3800 JavaThread "jar transforms Thread 96" [_thread_blocked, id=6868, stack(0x000000f807900000,0x000000f807a00000)]
  0x00000254d1cf4800 JavaThread "jar transforms Thread 97" [_thread_blocked, id=17212, stack(0x000000f807a00000,0x000000f807b00000)]
  0x00000254d1cf8800 JavaThread "jar transforms Thread 98" [_thread_blocked, id=19408, stack(0x000000f807b00000,0x000000f807c00000)]
  0x00000254d1cf3000 JavaThread "jar transforms Thread 99" [_thread_blocked, id=13676, stack(0x000000f807c00000,0x000000f807d00000)]
  0x00000254d1cfa000 JavaThread "Memory manager" [_thread_blocked, id=19340, stack(0x000000f807d00000,0x000000f807e00000)]
=>0x00000254d1cfc800 JavaThread "C2 CompilerThread1" daemon [_thread_in_native, id=14160, stack(0x000000f800100000,0x000000f800200000)]

Other Threads:
  0x00000254cb3c2800 VMThread "VM Thread" [stack: 0x000000f87e800000,0x000000f87e900000] [id=12708]
  0x00000254cbeaf000 WatcherThread [stack: 0x000000f87f200000,0x000000f87f300000] [id=1468]
  0x00000254b10e2800 GCTaskThread "GC Thread#0" [stack: 0x000000f87e300000,0x000000f87e400000] [id=15716]
  0x00000254cc12b000 GCTaskThread "GC Thread#1" [stack: 0x000000f87f400000,0x000000f87f500000] [id=6432]
  0x00000254cc8b6800 GCTaskThread "GC Thread#2" [stack: 0x000000f87f500000,0x000000f87f600000] [id=13708]
  0x00000254cd057800 GCTaskThread "GC Thread#3" [stack: 0x000000f800200000,0x000000f800300000] [id=13660]
  0x00000254ce09a800 GCTaskThread "GC Thread#4" [stack: 0x000000f800300000,0x000000f800400000] [id=27904]
  0x00000254cd23d800 GCTaskThread "GC Thread#5" [stack: 0x000000f800400000,0x000000f800500000] [id=8040]
  0x00000254cd5f0800 GCTaskThread "GC Thread#6" [stack: 0x000000f800500000,0x000000f800600000] [id=28236]
  0x00000254ce42f000 GCTaskThread "GC Thread#7" [stack: 0x000000f800600000,0x000000f800700000] [id=768]
  0x00000254b1113800 ConcurrentGCThread "G1 Main Marker" [stack: 0x000000f87e400000,0x000000f87e500000] [id=9872]
  0x00000254b1116000 ConcurrentGCThread "G1 Conc#0" [stack: 0x000000f87e500000,0x000000f87e600000] [id=13500]
  0x00000254cd18d800 ConcurrentGCThread "G1 Conc#1" [stack: 0x000000f800900000,0x000000f800a00000] [id=12416]
  0x00000254cb210800 ConcurrentGCThread "G1 Refine#0" [stack: 0x000000f87e600000,0x000000f87e700000] [id=11376]
  0x00000254cb211000 ConcurrentGCThread "G1 Young RemSet Sampling" [stack: 0x000000f87e700000,0x000000f87e800000] [id=7796]

Threads with active compile tasks:
C2 CompilerThread0  19882 8924       4       org.gradle.cache.internal.btree.CachingBlockStore::read (56 bytes)
C2 CompilerThread1  19882 8943       4       org.gradle.cache.internal.btree.FreeListBlockStore::read (12 bytes)

VM state:not at safepoint (normal execution)

VM Mutex/Monitor currently owned by a thread: None

Heap address: 0x0000000080000000, size: 2048 MB, Compressed Oops mode: 32-bit
Narrow klass base: 0x0000000000000000, Narrow klass shift: 3
Compressed class space size: 1073741824 Address: 0x0000000100000000

Heap:
 garbage-first heap   total 187392K, used 118277K [0x0000000080000000, 0x0000000100000000)
  region size 1024K, 31 young (31744K), 7 survivors (7168K)
 Metaspace       used 91869K, capacity 94251K, committed 94464K, reserved 1130496K
  class space    used 11965K, capacity 12794K, committed 12876K, reserved 1048576K
Heap Regions: E=young(eden), S=young(survivor), O=old, HS=humongous(starts), HC=humongous(continues), CS=collection set, F=free, A=archive, TAMS=top-at-mark-start (previous, next)
|   0|0x0000000080000000, 0x0000000080100000, 0x0000000080100000|100%| O|  |TAMS 0x0000000080100000, 0x0000000080000000| Untracked 
|   1|0x0000000080100000, 0x0000000080200000, 0x0000000080200000|100%| O|  |TAMS 0x0000000080200000, 0x0000000080100000| Untracked 
|   2|0x0000000080200000, 0x0000000080300000, 0x0000000080300000|100%| O|  |TAMS 0x0000000080300000, 0x0000000080200000| Untracked 
|   3|0x0000000080300000, 0x0000000080400000, 0x0000000080400000|100%|HS|  |TAMS 0x0000000080400000, 0x0000000080300000| Complete 
|   4|0x0000000080400000, 0x0000000080500000, 0x0000000080500000|100%|HC|  |TAMS 0x0000000080500000, 0x0000000080400000| Complete 
|   5|0x0000000080500000, 0x0000000080600000, 0x0000000080600000|100%|HC|  |TAMS 0x0000000080600000, 0x0000000080500000| Complete 
|   6|0x0000000080600000, 0x0000000080700000, 0x0000000080700000|100%| O|  |TAMS 0x0000000080700000, 0x0000000080600000| Untracked 
|   7|0x0000000080700000, 0x0000000080800000, 0x0000000080800000|100%| O|  |TAMS 0x0000000080800000, 0x0000000080700000| Untracked 
|   8|0x0000000080800000, 0x0000000080900000, 0x0000000080900000|100%| O|  |TAMS 0x0000000080900000, 0x0000000080800000| Untracked 
|   9|0x0000000080900000, 0x0000000080a00000, 0x0000000080a00000|100%| O|  |TAMS 0x0000000080a00000, 0x0000000080900000| Untracked 
|  10|0x0000000080a00000, 0x0000000080b00000, 0x0000000080b00000|100%| O|  |TAMS 0x0000000080b00000, 0x0000000080a00000| Untracked 
|  11|0x0000000080b00000, 0x0000000080c00000, 0x0000000080c00000|100%| O|  |TAMS 0x0000000080c00000, 0x0000000080b00000| Untracked 
|  12|0x0000000080c00000, 0x0000000080d00000, 0x0000000080d00000|100%| O|  |TAMS 0x0000000080d00000, 0x0000000080c00000| Untracked 
|  13|0x0000000080d00000, 0x0000000080e00000, 0x0000000080e00000|100%| O|  |TAMS 0x0000000080e00000, 0x0000000080d00000| Untracked 
|  14|0x0000000080e00000, 0x0000000080f00000, 0x0000000080f00000|100%| O|  |TAMS 0x0000000080f00000, 0x0000000080e00000| Untracked 
|  15|0x0000000080f00000, 0x0000000081000000, 0x0000000081000000|100%|HS|  |TAMS 0x0000000081000000, 0x0000000080f00000| Complete 
|  16|0x0000000081000000, 0x0000000081100000, 0x0000000081100000|100%|HC|  |TAMS 0x0000000081100000, 0x0000000081000000| Complete 
|  17|0x0000000081100000, 0x0000000081200000, 0x0000000081200000|100%|HS|  |TAMS 0x0000000081200000, 0x0000000081100000| Complete 
|  18|0x0000000081200000, 0x0000000081300000, 0x0000000081300000|100%|HC|  |TAMS 0x0000000081300000, 0x0000000081200000| Complete 
|  19|0x0000000081300000, 0x0000000081400000, 0x0000000081400000|100%|HC|  |TAMS 0x0000000081400000, 0x0000000081300000| Complete 
|  20|0x0000000081400000, 0x0000000081500000, 0x0000000081500000|100%|HS|  |TAMS 0x0000000081500000, 0x0000000081400000| Complete 
|  21|0x0000000081500000, 0x0000000081600000, 0x0000000081600000|100%|HC|  |TAMS 0x0000000081600000, 0x0000000081500000| Complete 
|  22|0x0000000081600000, 0x0000000081700000, 0x0000000081700000|100%|HC|  |TAMS 0x0000000081700000, 0x0000000081600000| Complete 
|  23|0x0000000081700000, 0x0000000081800000, 0x0000000081800000|100%|HC|  |TAMS 0x0000000081800000, 0x0000000081700000| Complete 
|  24|0x0000000081800000, 0x0000000081900000, 0x0000000081900000|100%| O|  |TAMS 0x0000000081900000, 0x0000000081800000| Untracked 
|  25|0x0000000081900000, 0x0000000081a00000, 0x0000000081a00000|100%| O|  |TAMS 0x0000000081a00000, 0x0000000081900000| Untracked 
|  26|0x0000000081a00000, 0x0000000081b00000, 0x0000000081b00000|100%| O|  |TAMS 0x0000000081b00000, 0x0000000081a00000| Untracked 
|  27|0x0000000081b00000, 0x0000000081c00000, 0x0000000081c00000|100%| O|  |TAMS 0x0000000081c00000, 0x0000000081b00000| Untracked 
|  28|0x0000000081c00000, 0x0000000081d00000, 0x0000000081d00000|100%| O|  |TAMS 0x0000000081d00000, 0x0000000081c00000| Untracked 
|  29|0x0000000081d00000, 0x0000000081e00000, 0x0000000081e00000|100%| O|  |TAMS 0x0000000081e00000, 0x0000000081d00000| Untracked 
|  30|0x0000000081e00000, 0x0000000081f00000, 0x0000000081f00000|100%| O|  |TAMS 0x0000000081f00000, 0x0000000081e00000| Untracked 
|  31|0x0000000081f00000, 0x0000000082000000, 0x0000000082000000|100%| O|  |TAMS 0x0000000082000000, 0x0000000081f00000| Untracked 
|  32|0x0000000082000000, 0x0000000082100000, 0x0000000082100000|100%|HS|  |TAMS 0x0000000082100000, 0x0000000082000000| Complete 
|  33|0x0000000082100000, 0x0000000082200000, 0x0000000082200000|100%|HC|  |TAMS 0x0000000082200000, 0x0000000082100000| Complete 
|  34|0x0000000082200000, 0x0000000082300000, 0x0000000082300000|100%|HC|  |TAMS 0x0000000082300000, 0x0000000082200000| Complete 
|  35|0x0000000082300000, 0x0000000082400000, 0x0000000082400000|100%|HC|  |TAMS 0x0000000082400000, 0x0000000082300000| Complete 
|  36|0x0000000082400000, 0x0000000082500000, 0x0000000082500000|100%|HS|  |TAMS 0x0000000082500000, 0x0000000082400000| Complete 
|  37|0x0000000082500000, 0x0000000082600000, 0x0000000082600000|100%|HC|  |TAMS 0x0000000082600000, 0x0000000082500000| Complete 
|  38|0x0000000082600000, 0x0000000082700000, 0x0000000082700000|100%|HC|  |TAMS 0x0000000082700000, 0x0000000082600000| Complete 
|  39|0x0000000082700000, 0x0000000082800000, 0x0000000082800000|100%| O|  |TAMS 0x0000000082800000, 0x0000000082700000| Untracked 
|  40|0x0000000082800000, 0x0000000082900000, 0x0000000082900000|100%| O|  |TAMS 0x0000000082900000, 0x0000000082800000| Untracked 
|  41|0x0000000082900000, 0x0000000082a00000, 0x0000000082a00000|100%| O|  |TAMS 0x0000000082a00000, 0x0000000082900000| Untracked 
|  42|0x0000000082a00000, 0x0000000082b00000, 0x0000000082b00000|100%| O|  |TAMS 0x0000000082b00000, 0x0000000082a00000| Untracked 
|  43|0x0000000082b00000, 0x0000000082c00000, 0x0000000082c00000|100%| O|  |TAMS 0x0000000082c00000, 0x0000000082b00000| Untracked 
|  44|0x0000000082c00000, 0x0000000082d00000, 0x0000000082d00000|100%| O|  |TAMS 0x0000000082d00000, 0x0000000082c00000| Untracked 
|  45|0x0000000082d00000, 0x0000000082e00000, 0x0000000082e00000|100%| O|  |TAMS 0x0000000082e00000, 0x0000000082d00000| Untracked 
|  46|0x0000000082e00000, 0x0000000082f00000, 0x0000000082f00000|100%| O|  |TAMS 0x0000000082f00000, 0x0000000082e00000| Untracked 
|  47|0x0000000082f00000, 0x0000000083000000, 0x0000000083000000|100%| O|  |TAMS 0x0000000083000000, 0x0000000082f00000| Untracked 
|  48|0x0000000083000000, 0x0000000083100000, 0x0000000083100000|100%|HS|  |TAMS 0x0000000083100000, 0x0000000083000000| Complete 
|  49|0x0000000083100000, 0x0000000083200000, 0x0000000083200000|100%|HS|  |TAMS 0x0000000083200000, 0x0000000083100000| Complete 
|  50|0x0000000083200000, 0x0000000083300000, 0x0000000083300000|100%|HC|  |TAMS 0x0000000083300000, 0x0000000083200000| Complete 
|  51|0x0000000083300000, 0x0000000083400000, 0x0000000083400000|100%| O|  |TAMS 0x0000000083400000, 0x0000000083300000| Untracked 
|  52|0x0000000083400000, 0x0000000083500000, 0x0000000083500000|100%| O|  |TAMS 0x0000000083500000, 0x0000000083400000| Untracked 
|  53|0x0000000083500000, 0x0000000083600000, 0x0000000083600000|100%| O|  |TAMS 0x0000000083600000, 0x0000000083500000| Untracked 
|  54|0x0000000083600000, 0x0000000083700000, 0x0000000083700000|100%| O|  |TAMS 0x0000000083700000, 0x0000000083600000| Untracked 
|  55|0x0000000083700000, 0x0000000083800000, 0x0000000083800000|100%| O|  |TAMS 0x0000000083800000, 0x0000000083700000| Untracked 
|  56|0x0000000083800000, 0x0000000083900000, 0x0000000083900000|100%| O|  |TAMS 0x0000000083900000, 0x0000000083800000| Untracked 
|  57|0x0000000083900000, 0x0000000083a00000, 0x0000000083a00000|100%| O|  |TAMS 0x0000000083a00000, 0x0000000083900000| Untracked 
|  58|0x0000000083a00000, 0x0000000083b00000, 0x0000000083b00000|100%| O|  |TAMS 0x0000000083b00000, 0x0000000083a00000| Untracked 
|  59|0x0000000083b00000, 0x0000000083c00000, 0x0000000083c00000|100%| O|  |TAMS 0x0000000083c00000, 0x0000000083b00000| Untracked 
|  60|0x0000000083c00000, 0x0000000083d00000, 0x0000000083d00000|100%| O|  |TAMS 0x0000000083d00000, 0x0000000083c00000| Untracked 
|  61|0x0000000083d00000, 0x0000000083e00000, 0x0000000083e00000|100%| O|  |TAMS 0x0000000083e00000, 0x0000000083d00000| Untracked 
|  62|0x0000000083e00000, 0x0000000083f00000, 0x0000000083f00000|100%| O|  |TAMS 0x0000000083f00000, 0x0000000083e00000| Untracked 
|  63|0x0000000083f00000, 0x0000000084000000, 0x0000000084000000|100%| O|  |TAMS 0x0000000084000000, 0x0000000083f00000| Untracked 
|  64|0x0000000084000000, 0x0000000084100000, 0x0000000084100000|100%| O|  |TAMS 0x0000000084100000, 0x0000000084000000| Untracked 
|  65|0x0000000084100000, 0x0000000084200000, 0x0000000084200000|100%| O|  |TAMS 0x0000000084200000, 0x0000000084100000| Untracked 
|  66|0x0000000084200000, 0x0000000084300000, 0x0000000084300000|100%| O|  |TAMS 0x0000000084300000, 0x0000000084200000| Untracked 
|  67|0x0000000084300000, 0x0000000084400000, 0x0000000084400000|100%| O|  |TAMS 0x0000000084400000, 0x0000000084300000| Untracked 
|  68|0x0000000084400000, 0x0000000084500000, 0x0000000084500000|100%| O|  |TAMS 0x0000000084500000, 0x0000000084400000| Untracked 
|  69|0x0000000084500000, 0x0000000084600000, 0x0000000084600000|100%| O|  |TAMS 0x0000000084600000, 0x0000000084500000| Untracked 
|  70|0x0000000084600000, 0x0000000084700000, 0x0000000084700000|100%| O|  |TAMS 0x0000000084700000, 0x0000000084600000| Untracked 
|  71|0x0000000084700000, 0x0000000084800000, 0x0000000084800000|100%| O|  |TAMS 0x0000000084800000, 0x0000000084700000| Untracked 
|  72|0x0000000084800000, 0x0000000084900000, 0x0000000084900000|100%| O|  |TAMS 0x0000000084900000, 0x0000000084800000| Untracked 
|  73|0x0000000084900000, 0x0000000084a00000, 0x0000000084a00000|100%| O|  |TAMS 0x0000000084a00000, 0x0000000084900000| Untracked 
|  74|0x0000000084a00000, 0x0000000084b00000, 0x0000000084b00000|100%| O|  |TAMS 0x0000000084b00000, 0x0000000084a00000| Untracked 
|  75|0x0000000084b00000, 0x0000000084c00000, 0x0000000084c00000|100%| O|  |TAMS 0x0000000084c00000, 0x0000000084b00000| Untracked 
|  76|0x0000000084c00000, 0x0000000084d00000, 0x0000000084d00000|100%| O|  |TAMS 0x0000000084d00000, 0x0000000084c00000| Untracked 
|  77|0x0000000084d00000, 0x0000000084e00000, 0x0000000084e00000|100%| O|  |TAMS 0x0000000084e00000, 0x0000000084d00000| Untracked 
|  78|0x0000000084e00000, 0x0000000084f00000, 0x0000000084f00000|100%| O|  |TAMS 0x0000000084f00000, 0x0000000084e00000| Untracked 
|  79|0x0000000084f00000, 0x0000000085000000, 0x0000000085000000|100%| O|  |TAMS 0x0000000085000000, 0x0000000084f00000| Untracked 
|  80|0x0000000085000000, 0x0000000085100000, 0x0000000085100000|100%| O|  |TAMS 0x0000000085100000, 0x0000000085000000| Untracked 
|  81|0x0000000085100000, 0x0000000085200000, 0x0000000085200000|100%| O|  |TAMS 0x0000000085200000, 0x0000000085100000| Untracked 
|  82|0x0000000085200000, 0x0000000085300000, 0x0000000085300000|100%| O|  |TAMS 0x0000000085300000, 0x0000000085200000| Untracked 
|  83|0x0000000085300000, 0x0000000085400000, 0x0000000085400000|100%| O|  |TAMS 0x00000000853d7600, 0x0000000085300000| Untracked 
|  84|0x0000000085400000, 0x0000000085500000, 0x0000000085500000|100%| O|  |TAMS 0x0000000085400000, 0x0000000085400000| Untracked 
|  85|0x0000000085500000, 0x0000000085581600, 0x0000000085600000| 50%| O|  |TAMS 0x0000000085500000, 0x0000000085500000| Untracked 
|  86|0x0000000085600000, 0x0000000085600000, 0x0000000085700000|  0%| F|  |TAMS 0x0000000085600000, 0x0000000085600000| Untracked 
|  87|0x0000000085700000, 0x0000000085700000, 0x0000000085800000|  0%| F|  |TAMS 0x0000000085700000, 0x0000000085700000| Untracked 
|  88|0x0000000085800000, 0x0000000085800000, 0x0000000085900000|  0%| F|  |TAMS 0x0000000085800000, 0x0000000085800000| Untracked 
|  89|0x0000000085900000, 0x0000000085900000, 0x0000000085a00000|  0%| F|  |TAMS 0x0000000085900000, 0x0000000085900000| Untracked 
|  90|0x0000000085a00000, 0x0000000085a00000, 0x0000000085b00000|  0%| F|  |TAMS 0x0000000085a00000, 0x0000000085a00000| Untracked 
|  91|0x0000000085b00000, 0x0000000085b00000, 0x0000000085c00000|  0%| F|  |TAMS 0x0000000085b00000, 0x0000000085b00000| Untracked 
|  92|0x0000000085c00000, 0x0000000085c00000, 0x0000000085d00000|  0%| F|  |TAMS 0x0000000085c00000, 0x0000000085c00000| Untracked 
|  93|0x0000000085d00000, 0x0000000085d00000, 0x0000000085e00000|  0%| F|  |TAMS 0x0000000085d00000, 0x0000000085d00000| Untracked 
|  94|0x0000000085e00000, 0x0000000085e00000, 0x0000000085f00000|  0%| F|  |TAMS 0x0000000085e00000, 0x0000000085e00000| Untracked 
|  95|0x0000000085f00000, 0x0000000085f00000, 0x0000000086000000|  0%| F|  |TAMS 0x0000000085f00000, 0x0000000085f00000| Untracked 
|  96|0x0000000086000000, 0x0000000086000000, 0x0000000086100000|  0%| F|  |TAMS 0x0000000086000000, 0x0000000086000000| Untracked 
|  97|0x0000000086100000, 0x0000000086100000, 0x0000000086200000|  0%| F|  |TAMS 0x0000000086100000, 0x0000000086100000| Untracked 
|  98|0x0000000086200000, 0x0000000086200000, 0x0000000086300000|  0%| F|  |TAMS 0x0000000086200000, 0x0000000086200000| Untracked 
|  99|0x0000000086300000, 0x0000000086300000, 0x0000000086400000|  0%| F|  |TAMS 0x0000000086300000, 0x0000000086300000| Untracked 
| 100|0x0000000086400000, 0x0000000086400000, 0x0000000086500000|  0%| F|  |TAMS 0x0000000086400000, 0x0000000086400000| Untracked 
| 101|0x0000000086500000, 0x0000000086500000, 0x0000000086600000|  0%| F|  |TAMS 0x0000000086500000, 0x0000000086500000| Untracked 
| 102|0x0000000086600000, 0x0000000086600000, 0x0000000086700000|  0%| F|  |TAMS 0x0000000086600000, 0x0000000086600000| Untracked 
| 103|0x0000000086700000, 0x0000000086700000, 0x0000000086800000|  0%| F|  |TAMS 0x0000000086700000, 0x0000000086700000| Untracked 
| 104|0x0000000086800000, 0x0000000086800000, 0x0000000086900000|  0%| F|  |TAMS 0x0000000086800000, 0x0000000086800000| Untracked 
| 105|0x0000000086900000, 0x0000000086900000, 0x0000000086a00000|  0%| F|  |TAMS 0x0000000086900000, 0x0000000086900000| Untracked 
| 106|0x0000000086a00000, 0x0000000086a00000, 0x0000000086b00000|  0%| F|  |TAMS 0x0000000086a00000, 0x0000000086a00000| Untracked 
| 107|0x0000000086b00000, 0x0000000086b00000, 0x0000000086c00000|  0%| F|  |TAMS 0x0000000086b00000, 0x0000000086b00000| Untracked 
| 108|0x0000000086c00000, 0x0000000086c00000, 0x0000000086d00000|  0%| F|  |TAMS 0x0000000086c00000, 0x0000000086c00000| Untracked 
| 109|0x0000000086d00000, 0x0000000086d00000, 0x0000000086e00000|  0%| F|  |TAMS 0x0000000086d00000, 0x0000000086d00000| Untracked 
| 110|0x0000000086e00000, 0x0000000086e00000, 0x0000000086f00000|  0%| F|  |TAMS 0x0000000086e00000, 0x0000000086e00000| Untracked 
| 111|0x0000000086f00000, 0x0000000086f00000, 0x0000000087000000|  0%| F|  |TAMS 0x0000000086f00000, 0x0000000086f00000| Untracked 
| 112|0x0000000087000000, 0x0000000087000000, 0x0000000087100000|  0%| F|  |TAMS 0x0000000087000000, 0x0000000087000000| Untracked 
| 113|0x0000000087100000, 0x0000000087100000, 0x0000000087200000|  0%| F|  |TAMS 0x0000000087100000, 0x0000000087100000| Untracked 
| 114|0x0000000087200000, 0x0000000087200000, 0x0000000087300000|  0%| F|  |TAMS 0x0000000087200000, 0x0000000087200000| Untracked 
| 115|0x0000000087300000, 0x0000000087300000, 0x0000000087400000|  0%| F|  |TAMS 0x0000000087300000, 0x0000000087300000| Untracked 
| 116|0x0000000087400000, 0x0000000087400000, 0x0000000087500000|  0%| F|  |TAMS 0x0000000087400000, 0x0000000087400000| Untracked 
| 117|0x0000000087500000, 0x0000000087500000, 0x0000000087600000|  0%| F|  |TAMS 0x0000000087500000, 0x0000000087500000| Untracked 
| 118|0x0000000087600000, 0x0000000087600000, 0x0000000087700000|  0%| F|  |TAMS 0x0000000087600000, 0x0000000087600000| Untracked 
| 119|0x0000000087700000, 0x0000000087700000, 0x0000000087800000|  0%| F|  |TAMS 0x0000000087700000, 0x0000000087700000| Untracked 
| 120|0x0000000087800000, 0x0000000087800000, 0x0000000087900000|  0%| F|  |TAMS 0x0000000087800000, 0x0000000087800000| Untracked 
| 121|0x0000000087900000, 0x0000000087900000, 0x0000000087a00000|  0%| F|  |TAMS 0x0000000087900000, 0x0000000087900000| Untracked 
| 122|0x0000000087a00000, 0x0000000087a00000, 0x0000000087b00000|  0%| F|  |TAMS 0x0000000087a00000, 0x0000000087a00000| Untracked 
| 123|0x0000000087b00000, 0x0000000087b00000, 0x0000000087c00000|  0%| F|  |TAMS 0x0000000087b00000, 0x0000000087b00000| Untracked 
| 124|0x0000000087c00000, 0x0000000087c00000, 0x0000000087d00000|  0%| F|  |TAMS 0x0000000087c00000, 0x0000000087c00000| Untracked 
| 125|0x0000000087d00000, 0x0000000087d00000, 0x0000000087e00000|  0%| F|  |TAMS 0x0000000087d00000, 0x0000000087d00000| Untracked 
| 126|0x0000000087e00000, 0x0000000087e00000, 0x0000000087f00000|  0%| F|  |TAMS 0x0000000087e00000, 0x0000000087e00000| Untracked 
| 127|0x0000000087f00000, 0x0000000088000000, 0x0000000088000000|100%| S|CS|TAMS 0x0000000087f00000, 0x0000000087f00000| Complete 
| 128|0x0000000088000000, 0x0000000088100000, 0x0000000088100000|100%| S|CS|TAMS 0x0000000088000000, 0x0000000088000000| Complete 
| 129|0x0000000088100000, 0x0000000088200000, 0x0000000088200000|100%| S|CS|TAMS 0x0000000088100000, 0x0000000088100000| Complete 
| 130|0x0000000088200000, 0x0000000088300000, 0x0000000088300000|100%| S|CS|TAMS 0x0000000088200000, 0x0000000088200000| Complete 
| 131|0x0000000088300000, 0x0000000088400000, 0x0000000088400000|100%| S|CS|TAMS 0x0000000088300000, 0x0000000088300000| Complete 
| 132|0x0000000088400000, 0x0000000088500000, 0x0000000088500000|100%| S|CS|TAMS 0x0000000088400000, 0x0000000088400000| Complete 
| 133|0x0000000088500000, 0x0000000088600000, 0x0000000088600000|100%| S|CS|TAMS 0x0000000088500000, 0x0000000088500000| Complete 
| 134|0x0000000088600000, 0x0000000088600000, 0x0000000088700000|  0%| F|  |TAMS 0x0000000088600000, 0x0000000088600000| Untracked 
| 135|0x0000000088700000, 0x0000000088700000, 0x0000000088800000|  0%| F|  |TAMS 0x0000000088700000, 0x0000000088700000| Untracked 
| 136|0x0000000088800000, 0x0000000088800000, 0x0000000088900000|  0%| F|  |TAMS 0x0000000088800000, 0x0000000088800000| Untracked 
| 137|0x0000000088900000, 0x0000000088900000, 0x0000000088a00000|  0%| F|  |TAMS 0x0000000088900000, 0x0000000088900000| Untracked 
| 138|0x0000000088a00000, 0x0000000088a00000, 0x0000000088b00000|  0%| F|  |TAMS 0x0000000088a00000, 0x0000000088a00000| Untracked 
| 139|0x0000000088b00000, 0x0000000088b00000, 0x0000000088c00000|  0%| F|  |TAMS 0x0000000088b00000, 0x0000000088b00000| Untracked 
| 140|0x0000000088c00000, 0x0000000088c00000, 0x0000000088d00000|  0%| F|  |TAMS 0x0000000088c00000, 0x0000000088c00000| Untracked 
| 141|0x0000000088d00000, 0x0000000088d00000, 0x0000000088e00000|  0%| F|  |TAMS 0x0000000088d00000, 0x0000000088d00000| Untracked 
| 142|0x0000000088e00000, 0x0000000088e00000, 0x0000000088f00000|  0%| F|  |TAMS 0x0000000088e00000, 0x0000000088e00000| Untracked 
| 143|0x0000000088f00000, 0x0000000088f00000, 0x0000000089000000|  0%| F|  |TAMS 0x0000000088f00000, 0x0000000088f00000| Untracked 
| 144|0x0000000089000000, 0x0000000089000000, 0x0000000089100000|  0%| F|  |TAMS 0x0000000089000000, 0x0000000089000000| Untracked 
| 145|0x0000000089100000, 0x0000000089100000, 0x0000000089200000|  0%| F|  |TAMS 0x0000000089100000, 0x0000000089100000| Untracked 
| 146|0x0000000089200000, 0x0000000089200000, 0x0000000089300000|  0%| F|  |TAMS 0x0000000089200000, 0x0000000089200000| Untracked 
| 147|0x0000000089300000, 0x0000000089300000, 0x0000000089400000|  0%| F|  |TAMS 0x0000000089300000, 0x0000000089300000| Untracked 
| 148|0x0000000089400000, 0x0000000089400000, 0x0000000089500000|  0%| F|  |TAMS 0x0000000089400000, 0x0000000089400000| Untracked 
| 149|0x0000000089500000, 0x0000000089500000, 0x0000000089600000|  0%| F|  |TAMS 0x0000000089500000, 0x0000000089500000| Untracked 
| 150|0x0000000089600000, 0x0000000089600000, 0x0000000089700000|  0%| F|  |TAMS 0x0000000089600000, 0x0000000089600000| Untracked 
| 151|0x0000000089700000, 0x0000000089700000, 0x0000000089800000|  0%| F|  |TAMS 0x0000000089700000, 0x0000000089700000| Untracked 
| 152|0x0000000089800000, 0x0000000089800000, 0x0000000089900000|  0%| F|  |TAMS 0x0000000089800000, 0x0000000089800000| Untracked 
| 153|0x0000000089900000, 0x0000000089900000, 0x0000000089a00000|  0%| F|  |TAMS 0x0000000089900000, 0x0000000089900000| Untracked 
| 154|0x0000000089a00000, 0x0000000089a00000, 0x0000000089b00000|  0%| F|  |TAMS 0x0000000089a00000, 0x0000000089a00000| Untracked 
| 155|0x0000000089b00000, 0x0000000089b00000, 0x0000000089c00000|  0%| F|  |TAMS 0x0000000089b00000, 0x0000000089b00000| Untracked 
| 156|0x0000000089c00000, 0x0000000089c00000, 0x0000000089d00000|  0%| F|  |TAMS 0x0000000089c00000, 0x0000000089c00000| Untracked 
| 157|0x0000000089d00000, 0x0000000089d00000, 0x0000000089e00000|  0%| F|  |TAMS 0x0000000089d00000, 0x0000000089d00000| Untracked 
| 158|0x0000000089e00000, 0x0000000089ec6398, 0x0000000089f00000| 77%| E|  |TAMS 0x0000000089e00000, 0x0000000089e00000| Complete 
| 159|0x0000000089f00000, 0x000000008a000000, 0x000000008a000000|100%| E|  |TAMS 0x0000000089f00000, 0x0000000089f00000| Complete 
| 160|0x000000008a000000, 0x000000008a100000, 0x000000008a100000|100%| E|CS|TAMS 0x000000008a000000, 0x000000008a000000| Complete 
| 161|0x000000008a100000, 0x000000008a200000, 0x000000008a200000|100%| E|CS|TAMS 0x000000008a100000, 0x000000008a100000| Complete 
| 162|0x000000008a200000, 0x000000008a300000, 0x000000008a300000|100%| E|CS|TAMS 0x000000008a200000, 0x000000008a200000| Complete 
| 163|0x000000008a300000, 0x000000008a400000, 0x000000008a400000|100%| E|CS|TAMS 0x000000008a300000, 0x000000008a300000| Complete 
| 164|0x000000008a400000, 0x000000008a500000, 0x000000008a500000|100%| E|CS|TAMS 0x000000008a400000, 0x000000008a400000| Complete 
| 165|0x000000008a500000, 0x000000008a600000, 0x000000008a600000|100%| E|CS|TAMS 0x000000008a500000, 0x000000008a500000| Complete 
| 166|0x000000008a600000, 0x000000008a700000, 0x000000008a700000|100%| E|CS|TAMS 0x000000008a600000, 0x000000008a600000| Complete 
| 167|0x000000008a700000, 0x000000008a800000, 0x000000008a800000|100%| E|CS|TAMS 0x000000008a700000, 0x000000008a700000| Complete 
| 168|0x000000008a800000, 0x000000008a900000, 0x000000008a900000|100%| E|CS|TAMS 0x000000008a800000, 0x000000008a800000| Complete 
| 169|0x000000008a900000, 0x000000008aa00000, 0x000000008aa00000|100%| E|CS|TAMS 0x000000008a900000, 0x000000008a900000| Complete 
| 170|0x000000008aa00000, 0x000000008ab00000, 0x000000008ab00000|100%| E|CS|TAMS 0x000000008aa00000, 0x000000008aa00000| Complete 
| 171|0x000000008ab00000, 0x000000008ac00000, 0x000000008ac00000|100%| E|CS|TAMS 0x000000008ab00000, 0x000000008ab00000| Complete 
| 172|0x000000008ac00000, 0x000000008ad00000, 0x000000008ad00000|100%| E|CS|TAMS 0x000000008ac00000, 0x000000008ac00000| Complete 
| 173|0x000000008ad00000, 0x000000008ae00000, 0x000000008ae00000|100%| E|CS|TAMS 0x000000008ad00000, 0x000000008ad00000| Complete 
| 174|0x000000008ae00000, 0x000000008af00000, 0x000000008af00000|100%| E|CS|TAMS 0x000000008ae00000, 0x000000008ae00000| Complete 
| 175|0x000000008af00000, 0x000000008b000000, 0x000000008b000000|100%| E|CS|TAMS 0x000000008af00000, 0x000000008af00000| Complete 
| 176|0x000000008b000000, 0x000000008b100000, 0x000000008b100000|100%| E|CS|TAMS 0x000000008b000000, 0x000000008b000000| Complete 
| 177|0x000000008b100000, 0x000000008b200000, 0x000000008b200000|100%| E|CS|TAMS 0x000000008b100000, 0x000000008b100000| Complete 
| 178|0x000000008b200000, 0x000000008b300000, 0x000000008b300000|100%| E|CS|TAMS 0x000000008b200000, 0x000000008b200000| Complete 
| 179|0x000000008b300000, 0x000000008b400000, 0x000000008b400000|100%| E|CS|TAMS 0x000000008b300000, 0x000000008b300000| Complete 
| 180|0x000000008b400000, 0x000000008b500000, 0x000000008b500000|100%| E|CS|TAMS 0x000000008b400000, 0x000000008b400000| Complete 
| 181|0x000000008b500000, 0x000000008b600000, 0x000000008b600000|100%| E|CS|TAMS 0x000000008b500000, 0x000000008b500000| Complete 
| 182|0x000000008b600000, 0x000000008b700000, 0x000000008b700000|100%| E|CS|TAMS 0x000000008b600000, 0x000000008b600000| Complete 

Card table byte_map: [0x00000254c4180000,0x00000254c4580000] _byte_map_base: 0x00000254c3d80000

Marking Bits (Prev, Next): (CMBitMap*) 0x00000254b110ac30, (CMBitMap*) 0x00000254b110abf8
 Prev Bits: [0x00000254c6980000, 0x00000254c8980000)
 Next Bits: [0x00000254c4980000, 0x00000254c6980000)

Polling page: 0x00000254aef90000

Metaspace:

Usage:
  Non-class:     79.55 MB capacity,    78.04 MB ( 98%) used,     1.28 MB (  2%) free+waste,   232.19 KB ( <1%) overhead. 
      Class:     12.49 MB capacity,    11.68 MB ( 94%) used,   721.71 KB (  6%) free+waste,   106.94 KB ( <1%) overhead. 
       Both:     92.04 MB capacity,    89.72 MB ( 97%) used,     1.99 MB (  2%) free+waste,   339.13 KB ( <1%) overhead. 

Virtual space:
  Non-class space:       80.00 MB reserved,      79.68 MB (>99%) committed 
      Class space:        1.00 GB reserved,      12.57 MB (  1%) committed 
             Both:        1.08 GB reserved,      92.25 MB (  8%) committed 

Chunk freelists:
   Non-Class:  3.00 KB
       Class:  0 bytes
        Both:  3.00 KB

MaxMetaspaceSize: 17179869184.00 GB
CompressedClassSpaceSize: 1.00 GB

CodeHeap 'non-profiled nmethods': size=120000Kb used=5221Kb max_used=5221Kb free=114778Kb
 bounds [0x00000254bc520000, 0x00000254bca40000, 0x00000254c3a50000]
CodeHeap 'profiled nmethods': size=120000Kb used=19607Kb max_used=19607Kb free=100393Kb
 bounds [0x00000254b4ff0000, 0x00000254b6320000, 0x00000254bc520000]
CodeHeap 'non-nmethods': size=5760Kb used=2299Kb max_used=2342Kb free=3460Kb
 bounds [0x00000254b4a50000, 0x00000254b4cc0000, 0x00000254b4ff0000]
 total_blobs=9873 nmethods=8969 adapters=815
 compilation: enabled
              stopped_count=0, restarted_count=0
 full_count=0

Compilation events (20 events):
Event: 19.816 Thread 0x00000254cb3e8800 nmethod 9216 0x00000254b62d2390 code [0x00000254b62d2580, 0x00000254b62d2a98]
Event: 19.816 Thread 0x00000254cb3e8800 9217       3       com.google.common.collect.ImmutableMultimap$Builder::put (50 bytes)
Event: 19.816 Thread 0x00000254cb3e8800 nmethod 9217 0x00000254b62d2c90 code [0x00000254b62d2ec0, 0x00000254b62d36f8]
Event: 19.816 Thread 0x00000254cb3e8800 9218       3       com.google.common.collect.ImmutableMultimap$Builder::newMutableValueCollection (8 bytes)
Event: 19.817 Thread 0x00000254cb3e8800 nmethod 9218 0x00000254b62d3990 code [0x00000254b62d3b60, 0x00000254b62d3e98]
Event: 19.817 Thread 0x00000254cb3e8800 9219       3       java.util.stream.ReferencePipeline::forEachWithCancel (23 bytes)
Event: 19.817 Thread 0x00000254cb3e8800 nmethod 9219 0x00000254b62d4010 code [0x00000254b62d41e0, 0x00000254b62d4578]
Event: 19.817 Thread 0x00000254cb3e8800 9220   !   3       org.gradle.internal.operations.UnmanagedBuildOperationWrapper::callWithUnmanagedSupport (33 bytes)
Event: 19.817 Thread 0x00000254cb3e8800 nmethod 9220 0x00000254b62d4710 code [0x00000254b62d4900, 0x00000254b62d4bb8]
Event: 19.817 Thread 0x00000254cb3e8800 9221       3       org.gradle.internal.operations.DefaultBuildOperationExecutor::call (19 bytes)
Event: 19.818 Thread 0x00000254cb3e8800 nmethod 9221 0x00000254b62d4d90 code [0x00000254b62d5020, 0x00000254b62d5b88]
Event: 19.818 Thread 0x00000254cb3e8800 9222       3       com.google.common.collect.ImmutableSortedMap::entrySet (5 bytes)
Event: 19.819 Thread 0x00000254cb3e8800 nmethod 9222 0x00000254b62d6090 code [0x00000254b62d62c0, 0x00000254b62d6ba8]
Event: 19.819 Thread 0x00000254cb3e8800 9225       3       com.google.common.collect.ImmutableSortedMap$1EntrySet$1::get (6 bytes)
Event: 19.819 Thread 0x00000254cb3e8800 nmethod 9225 0x00000254b62d6e90 code [0x00000254b62d7040, 0x00000254b62d7168]
Event: 19.819 Thread 0x00000254cb3e8800 9223       3       org.gradle.internal.operations.DefaultBuildOperationExecutor$$Lambda$140/0x0000000100324440::get$Lambda (10 bytes)
Event: 19.820 Thread 0x00000254cb3e8800 nmethod 9223 0x00000254b62d7210 code [0x00000254b62d73e0, 0x00000254b62d7698]
Event: 19.820 Thread 0x00000254cb3e8800 9224       3       org.gradle.internal.operations.DefaultBuildOperationExecutor$$Lambda$140/0x0000000100324440::<init> (15 bytes)
Event: 19.820 Thread 0x00000254cb3e8800 nmethod 9224 0x00000254b62d7790 code [0x00000254b62d7940, 0x00000254b62d7b58]
Event: 19.820 Thread 0x00000254cb3e8800 9226       3       java.util.concurrent.locks.AbstractQueuedSynchronizer::parkAndCheckInterrupt (8 bytes)

GC Heap History (20 events):
Event: 9.841 GC heap before
{Heap before GC invocations=19 (full 0):
 garbage-first heap   total 129024K, used 98581K [0x0000000080000000, 0x0000000100000000)
  region size 1024K, 31 young (31744K), 4 survivors (4096K)
 Metaspace       used 62999K, capacity 64756K, committed 64896K, reserved 1105920K
  class space    used 8029K, capacity 8608K, committed 8652K, reserved 1048576K
}
Event: 9.848 GC heap after
{Heap after GC invocations=20 (full 0):
 garbage-first heap   total 129024K, used 73167K [0x0000000080000000, 0x0000000100000000)
  region size 1024K, 3 young (3072K), 3 survivors (3072K)
 Metaspace       used 62999K, capacity 64756K, committed 64896K, reserved 1105920K
  class space    used 8029K, capacity 8608K, committed 8652K, reserved 1048576K
}
Event: 10.385 GC heap before
{Heap before GC invocations=21 (full 0):
 garbage-first heap   total 129024K, used 100815K [0x0000000080000000, 0x0000000100000000)
  region size 1024K, 30 young (30720K), 3 survivors (3072K)
 Metaspace       used 66351K, capacity 68031K, committed 68352K, reserved 1107968K
  class space    used 8621K, capacity 9206K, committed 9292K, reserved 1048576K
}
Event: 10.392 GC heap after
{Heap after GC invocations=22 (full 0):
 garbage-first heap   total 129024K, used 74579K [0x0000000080000000, 0x0000000100000000)
  region size 1024K, 4 young (4096K), 4 survivors (4096K)
 Metaspace       used 66351K, capacity 68031K, committed 68352K, reserved 1107968K
  class space    used 8621K, capacity 9206K, committed 9292K, reserved 1048576K
}
Event: 10.632 GC heap before
{Heap before GC invocations=22 (full 0):
 garbage-first heap   total 129024K, used 102227K [0x0000000080000000, 0x0000000100000000)
  region size 1024K, 31 young (31744K), 4 survivors (4096K)
 Metaspace       used 66806K, capacity 68629K, committed 68992K, reserved 1110016K
  class space    used 8691K, capacity 9297K, committed 9420K, reserved 1048576K
}
Event: 10.641 GC heap after
{Heap after GC invocations=23 (full 0):
 garbage-first heap   total 129024K, used 77070K [0x0000000080000000, 0x0000000100000000)
  region size 1024K, 4 young (4096K), 4 survivors (4096K)
 Metaspace       used 66806K, capacity 68629K, committed 68992K, reserved 1110016K
  class space    used 8691K, capacity 9297K, committed 9420K, reserved 1048576K
}
Event: 11.193 GC heap before
{Heap before GC invocations=24 (full 0):
 garbage-first heap   total 129024K, used 104718K [0x0000000080000000, 0x0000000100000000)
  region size 1024K, 31 young (31744K), 4 survivors (4096K)
 Metaspace       used 69083K, capacity 70888K, committed 71040K, reserved 1110016K
  class space    used 9027K, capacity 9624K, committed 9676K, reserved 1048576K
}
Event: 11.199 GC heap after
{Heap after GC invocations=25 (full 0):
 garbage-first heap   total 155648K, used 78834K [0x0000000080000000, 0x0000000100000000)
  region size 1024K, 2 young (2048K), 2 survivors (2048K)
 Metaspace       used 69083K, capacity 70888K, committed 71040K, reserved 1110016K
  class space    used 9027K, capacity 9624K, committed 9676K, reserved 1048576K
}
Event: 11.913 GC heap before
{Heap before GC invocations=25 (full 0):
 garbage-first heap   total 155648K, used 115698K [0x0000000080000000, 0x0000000100000000)
  region size 1024K, 38 young (38912K), 2 survivors (2048K)
 Metaspace       used 72375K, capacity 74247K, committed 74496K, reserved 1114112K
  class space    used 9384K, capacity 10012K, committed 10060K, reserved 1048576K
}
Event: 11.918 GC heap after
{Heap after GC invocations=26 (full 0):
 garbage-first heap   total 155648K, used 80963K [0x0000000080000000, 0x0000000100000000)
  region size 1024K, 4 young (4096K), 4 survivors (4096K)
 Metaspace       used 72375K, capacity 74247K, committed 74496K, reserved 1114112K
  class space    used 9384K, capacity 10012K, committed 10060K, reserved 1048576K
}
Event: 12.380 GC heap before
{Heap before GC invocations=27 (full 0):
 garbage-first heap   total 155648K, used 117827K [0x0000000080000000, 0x0000000100000000)
  region size 1024K, 40 young (40960K), 4 survivors (4096K)
 Metaspace       used 74425K, capacity 76455K, committed 76672K, reserved 1116160K
  class space    used 9713K, capacity 10389K, committed 10444K, reserved 1048576K
}
Event: 12.388 GC heap after
{Heap after GC invocations=28 (full 0):
 garbage-first heap   total 155648K, used 83247K [0x0000000080000000, 0x0000000100000000)
  region size 1024K, 5 young (5120K), 5 survivors (5120K)
 Metaspace       used 74425K, capacity 76455K, committed 76672K, reserved 1116160K
  class space    used 9713K, capacity 10389K, committed 10444K, reserved 1048576K
}
Event: 12.945 GC heap before
{Heap before GC invocations=28 (full 0):
 garbage-first heap   total 155648K, used 120111K [0x0000000080000000, 0x0000000100000000)
  region size 1024K, 41 young (41984K), 5 survivors (5120K)
 Metaspace       used 76785K, capacity 78751K, committed 78848K, reserved 1118208K
  class space    used 10046K, capacity 10740K, committed 10828K, reserved 1048576K
}
Event: 12.957 GC heap after
{Heap after GC invocations=29 (full 0):
 garbage-first heap   total 155648K, used 85925K [0x0000000080000000, 0x0000000100000000)
  region size 1024K, 5 young (5120K), 5 survivors (5120K)
 Metaspace       used 76785K, capacity 78751K, committed 78848K, reserved 1118208K
  class space    used 10046K, capacity 10740K, committed 10828K, reserved 1048576K
}
Event: 13.691 GC heap before
{Heap before GC invocations=30 (full 0):
 garbage-first heap   total 155648K, used 122789K [0x0000000080000000, 0x0000000100000000)
  region size 1024K, 41 young (41984K), 5 survivors (5120K)
 Metaspace       used 81460K, capacity 83526K, committed 83840K, reserved 1122304K
  class space    used 10691K, capacity 11382K, committed 11468K, reserved 1048576K
}
Event: 13.697 GC heap after
{Heap after GC invocations=31 (full 0):
 garbage-first heap   total 155648K, used 87435K [0x0000000080000000, 0x0000000100000000)
  region size 1024K, 5 young (5120K), 5 survivors (5120K)
 Metaspace       used 81460K, capacity 83526K, committed 83840K, reserved 1122304K
  class space    used 10691K, capacity 11382K, committed 11468K, reserved 1048576K
}
Event: 14.424 GC heap before
{Heap before GC invocations=31 (full 0):
 garbage-first heap   total 155648K, used 124299K [0x0000000080000000, 0x0000000100000000)
  region size 1024K, 41 young (41984K), 5 survivors (5120K)
 Metaspace       used 86066K, capacity 88164K, committed 88320K, reserved 1126400K
  class space    used 11222K, capacity 11979K, committed 12108K, reserved 1048576K
}
Event: 14.434 GC heap after
{Heap after GC invocations=32 (full 0):
 garbage-first heap   total 187392K, used 90973K [0x0000000080000000, 0x0000000100000000)
  region size 1024K, 5 young (5120K), 5 survivors (5120K)
 Metaspace       used 86066K, capacity 88164K, committed 88320K, reserved 1126400K
  class space    used 11222K, capacity 11979K, committed 12108K, reserved 1048576K
}
Event: 19.685 GC heap before
{Heap before GC invocations=33 (full 0):
 garbage-first heap   total 187392K, used 140125K [0x0000000080000000, 0x0000000100000000)
  region size 1024K, 54 young (55296K), 5 survivors (5120K)
 Metaspace       used 91089K, capacity 93242K, committed 93440K, reserved 1130496K
  class space    used 11814K, capacity 12563K, committed 12620K, reserved 1048576K
}
Event: 19.695 GC heap after
{Heap after GC invocations=34 (full 0):
 garbage-first heap   total 187392K, used 94725K [0x0000000080000000, 0x0000000100000000)
  region size 1024K, 7 young (7168K), 7 survivors (7168K)
 Metaspace       used 91089K, capacity 93242K, committed 93440K, reserved 1130496K
  class space    used 11814K, capacity 12563K, committed 12620K, reserved 1048576K
}

Deoptimization events (20 events):
Event: 19.664 Thread 0x00000254d0681000 Uncommon trap: trap_request=0xffffff4d fr.pc=0x00000254bc7b7bcc relative=0x00000000000002ec
Event: 19.664 Thread 0x00000254d0681000 Uncommon trap: reason=unstable_if action=reinterpret pc=0x00000254bc7b7bcc method=java.util.concurrent.ConcurrentHashMap.addCount(JI)V @ 97 c2
Event: 19.664 Thread 0x00000254d0681000 DEOPT PACKING pc=0x00000254bc7b7bcc sp=0x000000f802efe700
Event: 19.664 Thread 0x00000254d0681000 DEOPT UNPACKING pc=0x00000254b4a774af sp=0x000000f802efe640 mode 2
Event: 19.707 Thread 0x00000254d067d800 Uncommon trap: trap_request=0xffffff4d fr.pc=0x00000254bc761894 relative=0x00000000000003f4
Event: 19.707 Thread 0x00000254d0681800 Uncommon trap: trap_request=0xffffff4d fr.pc=0x00000254bc761894 relative=0x00000000000003f4
Event: 19.707 Thread 0x00000254d067d800 Uncommon trap: reason=unstable_if action=reinterpret pc=0x00000254bc761894 method=org.gradle.internal.snapshot.VfsRelativePath.hasPrefix(Ljava/lang/String;Lorg/gradle/internal/snapshot/CaseSensitivity;)Z @ 105 c2
Event: 19.707 Thread 0x00000254d0681800 Uncommon trap: reason=unstable_if action=reinterpret pc=0x00000254bc761894 method=org.gradle.internal.snapshot.VfsRelativePath.hasPrefix(Ljava/lang/String;Lorg/gradle/internal/snapshot/CaseSensitivity;)Z @ 105 c2
Event: 19.707 Thread 0x00000254d0681800 DEOPT PACKING pc=0x00000254bc761894 sp=0x000000f802afc390
Event: 19.707 Thread 0x00000254d067d800 DEOPT PACKING pc=0x00000254bc761894 sp=0x000000f802bfc2b0
Event: 19.707 Thread 0x00000254d0681800 DEOPT UNPACKING pc=0x00000254b4a774af sp=0x000000f802afc320 mode 2
Event: 19.708 Thread 0x00000254d067d800 DEOPT UNPACKING pc=0x00000254b4a774af sp=0x000000f802bfc240 mode 2
Event: 19.768 Thread 0x00000254d0681800 Uncommon trap: trap_request=0xffffff4d fr.pc=0x00000254bca2bb40 relative=0x0000000000000660
Event: 19.768 Thread 0x00000254d0681800 Uncommon trap: reason=unstable_if action=reinterpret pc=0x00000254bca2bb40 method=sun.security.provider.DigestBase.engineUpdate([BII)V @ 1 c2
Event: 19.768 Thread 0x00000254d0681800 DEOPT PACKING pc=0x00000254bca2bb40 sp=0x000000f802afd700
Event: 19.768 Thread 0x00000254d0681800 DEOPT UNPACKING pc=0x00000254b4a774af sp=0x000000f802afd6d8 mode 2
Event: 19.775 Thread 0x00000254d067d800 Uncommon trap: trap_request=0xffffff4d fr.pc=0x00000254bc56d138 relative=0x0000000000000478
Event: 19.775 Thread 0x00000254d067d800 Uncommon trap: reason=unstable_if action=reinterpret pc=0x00000254bc56d138 method=java.lang.StringLatin1.compareToCI([B[B)I @ 68 c2
Event: 19.775 Thread 0x00000254d067d800 DEOPT PACKING pc=0x00000254bc56d138 sp=0x000000f802bfc010
Event: 19.775 Thread 0x00000254d067d800 DEOPT UNPACKING pc=0x00000254b4a774af sp=0x000000f802bfbf88 mode 2

Classes redefined (0 events):
No events

Internal exceptions (20 events):
Event: 13.959 Thread 0x00000254ce432800 Exception <a 'java/lang/reflect/InvocationTargetException'{0x0000000088991758}> (0x0000000088991758) thrown at [./src/hotspot/share/runtime/reflection.cpp, line 1247]
Event: 14.145 Thread 0x00000254ce432800 Implicit null exception at 0x00000254bc830794 to 0x00000254bc830d58
Event: 14.353 Thread 0x00000254ce432800 Exception <a 'sun/nio/fs/WindowsException'{0x00000000879b9158}> (0x00000000879b9158) thrown at [./src/hotspot/share/prims/jni.cpp, line 615]
Event: 14.364 Thread 0x00000254ce432800 Exception <a 'java/lang/IncompatibleClassChangeError'{0x00000000879dcf70}: Found class java.lang.Object, but interface was expected> (0x00000000879dcf70) thrown at [./src/hotspot/share/interpreter/linkResolver.cpp, line 839]
Event: 16.700 Thread 0x00000254ce432800 Exception <a 'java/lang/ClassNotFoundException'{0x000000008a561848}: sun/misc/SharedSecrets> (0x000000008a561848) thrown at [./src/hotspot/share/classfile/systemDictionary.cpp, line 231]
Event: 17.090 Thread 0x00000254ce432800 Implicit null exception at 0x00000254bc9e06e8 to 0x00000254bc9e0990
Event: 19.604 Thread 0x00000254d0683000 Exception <a 'java/lang/NoSuchMethodError'{0x0000000088e1f4e0}: 'java.lang.Object java.lang.invoke.DirectMethodHandle$Holder.invokeSpecialIFC(java.lang.Object, java.lang.Object, java.lang.Object)'> (0x0000000088e1f4e0) thrown at [./src/hotspot/share/interpreter/linkResolver.cpp, line 773]
Event: 19.604 Thread 0x00000254d0681800 Exception <a 'java/lang/NoSuchMethodError'{0x0000000088e59658}: 'java.lang.Object java.lang.invoke.DirectMethodHandle$Holder.invokeSpecialIFC(java.lang.Object, java.lang.Object, java.lang.Object)'> (0x0000000088e59658) thrown at [./src/hotspot/share/interpreter/linkResolver.cpp, line 773]
Event: 19.604 Thread 0x00000254d067d800 Exception <a 'java/lang/NoSuchMethodError'{0x0000000088e65fc0}: 'java.lang.Object java.lang.invoke.DirectMethodHandle$Holder.invokeSpecialIFC(java.lang.Object, java.lang.Object, java.lang.Object)'> (0x0000000088e65fc0) thrown at [./src/hotspot/share/interpreter/linkResolver.cpp, line 773]
Event: 19.604 Thread 0x00000254d0684000 Exception <a 'java/lang/NoSuchMethodError'{0x0000000088e52558}: 'java.lang.Object java.lang.invoke.DirectMethodHandle$Holder.invokeSpecialIFC(java.lang.Object, java.lang.Object, java.lang.Object)'> (0x0000000088e52558) thrown at [./src/hotspot/share/interpreter/linkResolver.cpp, line 773]
Event: 19.604 Thread 0x00000254d0681000 Exception <a 'java/lang/NoSuchMethodError'{0x0000000088e2a488}: 'java.lang.Object java.lang.invoke.DirectMethodHandle$Holder.invokeSpecialIFC(java.lang.Object, java.lang.Object, java.lang.Object)'> (0x0000000088e2a488) thrown at [./src/hotspot/share/interpreter/linkResolver.cpp, line 773]
Event: 19.735 Thread 0x00000254d0681800 Exception <a 'java/lang/NoSuchMethodError'{0x000000008b4adb30}: 'void java.lang.invoke.DirectMethodHandle$Holder.invokeStatic(java.lang.Object, java.lang.Object, java.lang.Object, java.lang.Object, java.lang.Object, java.lang.Object, java.lang.Object)'> (0x000000008b4adb30) thrown at [./src/hotspot/share/interpreter/linkResolver.cpp, line 773]
Event: 19.735 Thread 0x00000254d0680000 Exception <a 'java/lang/NoSuchMethodError'{0x000000008b4a5a68}: 'void java.lang.invoke.DirectMethodHandle$Holder.invokeStatic(java.lang.Object, java.lang.Object, java.lang.Object, java.lang.Object, java.lang.Object, java.lang.Object, java.lang.Object)'> (0x000000008b4a5a68) thrown at [./src/hotspot/share/interpreter/linkResolver.cpp, line 773]
Event: 19.735 Thread 0x00000254d0683000 Exception <a 'java/lang/NoSuchMethodError'{0x000000008b309eb8}: 'void java.lang.invoke.DirectMethodHandle$Holder.invokeStatic(java.lang.Object, java.lang.Object, java.lang.Object, java.lang.Object, java.lang.Object, java.lang.Object, java.lang.Object)'> (0x000000008b309eb8) thrown at [./src/hotspot/share/interpreter/linkResolver.cpp, line 773]
Event: 19.735 Thread 0x00000254d0681000 Exception <a 'java/lang/NoSuchMethodError'{0x000000008b4f5490}: 'void java.lang.invoke.DirectMethodHandle$Holder.invokeStatic(java.lang.Object, java.lang.Object, java.lang.Object, java.lang.Object, java.lang.Object, java.lang.Object, java.lang.Object)'> (0x000000008b4f5490) thrown at [./src/hotspot/share/interpreter/linkResolver.cpp, line 773]
Event: 19.735 Thread 0x00000254d067d800 Exception <a 'java/lang/NoSuchMethodError'{0x000000008b4eaf50}: 'void java.lang.invoke.DirectMethodHandle$Holder.invokeStatic(java.lang.Object, java.lang.Object, java.lang.Object, java.lang.Object, java.lang.Object, java.lang.Object, java.lang.Object)'> (0x000000008b4eaf50) thrown at [./src/hotspot/share/interpreter/linkResolver.cpp, line 773]
Event: 19.735 Thread 0x00000254d0684000 Exception <a 'java/lang/NoSuchMethodError'{0x000000008b301208}: 'void java.lang.invoke.DirectMethodHandle$Holder.invokeStatic(java.lang.Object, java.lang.Object, java.lang.Object, java.lang.Object, java.lang.Object, java.lang.Object, java.lang.Object)'> (0x000000008b301208) thrown at [./src/hotspot/share/interpreter/linkResolver.cpp, line 773]
Event: 19.735 Thread 0x00000254d067f000 Exception <a 'java/lang/NoSuchMethodError'{0x000000008b31ca18}: 'void java.lang.invoke.DirectMethodHandle$Holder.invokeStatic(java.lang.Object, java.lang.Object, java.lang.Object, java.lang.Object, java.lang.Object, java.lang.Object, java.lang.Object)'> (0x000000008b31ca18) thrown at [./src/hotspot/share/interpreter/linkResolver.cpp, line 773]
Event: 19.735 Thread 0x00000254d0682800 Exception <a 'java/lang/NoSuchMethodError'{0x000000008b5980f0}: 'void java.lang.invoke.DirectMethodHandle$Holder.invokeStatic(java.lang.Object, java.lang.Object, java.lang.Object, java.lang.Object, java.lang.Object, java.lang.Object, java.lang.Object)'> (0x000000008b5980f0) thrown at [./src/hotspot/share/interpreter/linkResolver.cpp, line 773]
Event: 19.737 Thread 0x00000254d0684000 Exception <a 'java/lang/NoSuchMethodError'{0x000000008b35d160}: 'void java.lang.invoke.DirectMethodHandle$Holder.invokeStatic(java.lang.Object, java.lang.Object, java.lang.Object, java.lang.Object, java.lang.Object, int, java.lang.Object)'> (0x000000008b35d160) thrown at [./src/hotspot/share/interpreter/linkResolver.cpp, line 773]

Events (20 events):
Event: 19.767 loading class org/gradle/api/internal/artifacts/transform/DefaultTransformerInvocationFactory$TransformerExecution
Event: 19.767 loading class org/gradle/api/internal/artifacts/transform/DefaultTransformerInvocationFactory$TransformerExecution done
Event: 19.767 loading class org/gradle/api/internal/artifacts/transform/DefaultTransformerInvocationFactory$TransformerExecution
Event: 19.767 loading class org/gradle/api/internal/artifacts/transform/DefaultTransformerInvocationFactory$TransformerExecution done
Event: 19.767 loading class org/gradle/internal/Try
Event: 19.767 loading class org/gradle/internal/Try done
Event: 19.767 loading class org/gradle/internal/Try
Event: 19.767 loading class org/gradle/internal/Try done
Event: 19.768 loading class org/gradle/internal/snapshot/VfsRelativePath
Event: 19.768 loading class org/gradle/internal/snapshot/VfsRelativePath done
Event: 19.768 loading class org/gradle/internal/snapshot/VfsRelativePath
Event: 19.768 loading class org/gradle/internal/snapshot/VfsRelativePath done
Event: 19.768 loading class org/gradle/internal/snapshot/MetadataSnapshot
Event: 19.768 loading class org/gradle/internal/snapshot/MetadataSnapshot done
Event: 19.768 loading class org/gradle/internal/snapshot/VfsRelativePath
Event: 19.768 loading class org/gradle/internal/snapshot/VfsRelativePath done
Event: 19.768 loading class org/gradle/internal/snapshot/VfsRelativePath
Event: 19.768 loading class org/gradle/internal/snapshot/VfsRelativePath done
Event: 19.768 loading class org/gradle/internal/snapshot/VfsRelativePath
Event: 19.768 loading class org/gradle/internal/snapshot/VfsRelativePath done


Dynamic libraries:
0x00007ff7d48d0000 - 0x00007ff7d48da000 	C:\Program Files\Android\Android Studio1\jre\bin\java.exe
0x00007ffbc8d50000 - 0x00007ffbc8f45000 	C:\Windows\SYSTEM32\ntdll.dll
0x00007ffbc7080000 - 0x00007ffbc713d000 	C:\Windows\System32\KERNEL32.DLL
0x00007ffbc6780000 - 0x00007ffbc6a49000 	C:\Windows\System32\KERNELBASE.dll
0x00007ffbc65a0000 - 0x00007ffbc66a0000 	C:\Windows\System32\ucrtbase.dll
0x00007ffb9a610000 - 0x00007ffb9a629000 	C:\Program Files\Android\Android Studio1\jre\bin\jli.dll
0x00007ffb9d560000 - 0x00007ffb9d577000 	C:\Program Files\Android\Android Studio1\jre\bin\VCRUNTIME140.dll
0x00007ffbc6ee0000 - 0x00007ffbc7080000 	C:\Windows\System32\USER32.dll
0x00007ffbc6750000 - 0x00007ffbc6772000 	C:\Windows\System32\win32u.dll
0x00007ffba9640000 - 0x00007ffba98da000 	C:\Windows\WinSxS\amd64_microsoft.windows.common-controls_6595b64144ccf1df_6.0.19041.1110_none_60b5254171f9507e\COMCTL32.dll
0x00007ffbc7fb0000 - 0x00007ffbc7fda000 	C:\Windows\System32\GDI32.dll
0x00007ffbc6e40000 - 0x00007ffbc6ede000 	C:\Windows\System32\msvcrt.dll
0x00007ffbc6490000 - 0x00007ffbc659b000 	C:\Windows\System32\gdi32full.dll
0x00007ffbc6bc0000 - 0x00007ffbc6c5d000 	C:\Windows\System32\msvcp_win.dll
0x00007ffbc7b70000 - 0x00007ffbc7ba0000 	C:\Windows\System32\IMM32.DLL
0x00007ffb86680000 - 0x00007ffb8671d000 	C:\Program Files\Android\Android Studio1\jre\bin\msvcp140.dll
0x00007ffb6e6a0000 - 0x00007ffb6f15c000 	C:\Program Files\Android\Android Studio1\jre\bin\server\jvm.dll
0x00007ffbc8000000 - 0x00007ffbc80ac000 	C:\Windows\System32\ADVAPI32.dll
0x00007ffbc8120000 - 0x00007ffbc81bb000 	C:\Windows\System32\sechost.dll
0x00007ffbc7cd0000 - 0x00007ffbc7dfa000 	C:\Windows\System32\RPCRT4.dll
0x00007ffbc7fe0000 - 0x00007ffbc7fe8000 	C:\Windows\System32\PSAPI.DLL
0x00007ffbb93c0000 - 0x00007ffbb93c9000 	C:\Windows\SYSTEM32\WSOCK32.dll
0x00007ffbb7620000 - 0x00007ffbb7647000 	C:\Windows\SYSTEM32\WINMM.dll
0x00007ffbbf4a0000 - 0x00007ffbbf4aa000 	C:\Windows\SYSTEM32\VERSION.dll
0x00007ffbc80b0000 - 0x00007ffbc811b000 	C:\Windows\System32\WS2_32.dll
0x00007ffbc4d60000 - 0x00007ffbc4d72000 	C:\Windows\SYSTEM32\kernel.appcore.dll
0x00007ffbc1440000 - 0x00007ffbc1451000 	C:\Program Files\Android\Android Studio1\jre\bin\verify.dll
0x00007ffbc4a40000 - 0x00007ffbc4c24000 	C:\Windows\SYSTEM32\DBGHELP.DLL
0x00007ffbbed30000 - 0x00007ffbbed5c000 	C:\Windows\SYSTEM32\dbgcore.DLL
0x00007ffbc6a80000 - 0x00007ffbc6b03000 	C:\Windows\System32\bcryptPrimitives.dll
0x00007ffbc11e0000 - 0x00007ffbc1209000 	C:\Program Files\Android\Android Studio1\jre\bin\java.dll
0x00007ffbc1430000 - 0x00007ffbc143b000 	C:\Program Files\Android\Android Studio1\jre\bin\jimage.dll
0x00007ffbc1180000 - 0x00007ffbc1198000 	C:\Program Files\Android\Android Studio1\jre\bin\zip.dll
0x00007ffbc83d0000 - 0x00007ffbc8b0f000 	C:\Windows\System32\SHELL32.dll
0x00007ffbc41d0000 - 0x00007ffbc4961000 	C:\Windows\SYSTEM32\windows.storage.dll
0x00007ffbc71a0000 - 0x00007ffbc74f5000 	C:\Windows\System32\combase.dll
0x00007ffbc5f00000 - 0x00007ffbc5f2c000 	C:\Windows\SYSTEM32\Wldp.dll
0x00007ffbc8bd0000 - 0x00007ffbc8c7e000 	C:\Windows\System32\SHCORE.dll
0x00007ffbc81e0000 - 0x00007ffbc8235000 	C:\Windows\System32\shlwapi.dll
0x00007ffbc63d0000 - 0x00007ffbc63ef000 	C:\Windows\SYSTEM32\profapi.dll
0x00007ffbbffa0000 - 0x00007ffbbffba000 	C:\Program Files\Android\Android Studio1\jre\bin\net.dll
0x00007ffbbbb90000 - 0x00007ffbbbc9a000 	C:\Windows\SYSTEM32\WINHTTP.dll
0x00007ffbc5c60000 - 0x00007ffbc5cca000 	C:\Windows\system32\mswsock.dll
0x00007ffbbfe30000 - 0x00007ffbbfe44000 	C:\Program Files\Android\Android Studio1\jre\bin\nio.dll
0x00007ffba71f0000 - 0x00007ffba7216000 	C:\Users\phamh\.gradle\native\fdc75f09e3144964f2cf3f50f0aa648679c211496f362492102eb8c894070792\windows-amd64\native-platform.dll
0x00007ffb868f0000 - 0x00007ffb86a81000 	C:\Users\phamh\.gradle\native\12488b8bf47d2d4c9fbf2f6322a914ad602e24e48041cd04a747c6da556b65c4\windows-amd64\native-platform-file-events.dll
0x00007ffbbfe20000 - 0x00007ffbbfe2a000 	C:\Program Files\Android\Android Studio1\jre\bin\management.dll
0x00007ffbbf990000 - 0x00007ffbbf99c000 	C:\Program Files\Android\Android Studio1\jre\bin\management_ext.dll
0x00007ffbc5e40000 - 0x00007ffbc5e58000 	C:\Windows\SYSTEM32\CRYPTSP.dll
0x00007ffbc5590000 - 0x00007ffbc55c4000 	C:\Windows\system32\rsaenh.dll
0x00007ffbc6a50000 - 0x00007ffbc6a77000 	C:\Windows\System32\bcrypt.dll
0x00007ffbc6390000 - 0x00007ffbc63be000 	C:\Windows\SYSTEM32\USERENV.dll
0x00007ffbc5e60000 - 0x00007ffbc5e6c000 	C:\Windows\SYSTEM32\CRYPTBASE.dll
0x00007ffbc5900000 - 0x00007ffbc593b000 	C:\Windows\SYSTEM32\IPHLPAPI.DLL
0x00007ffbc8240000 - 0x00007ffbc8248000 	C:\Windows\System32\NSI.dll
0x00007ffbbd8a0000 - 0x00007ffbbd8b7000 	C:\Windows\SYSTEM32\dhcpcsvc6.DLL
0x00007ffbbe740000 - 0x00007ffbbe75d000 	C:\Windows\SYSTEM32\dhcpcsvc.DLL
0x00007ffbc5950000 - 0x00007ffbc5a1c000 	C:\Windows\SYSTEM32\DNSAPI.dll
0x00007ffbbf4b0000 - 0x00007ffbbf4bb000 	C:\Windows\SYSTEM32\WINNSI.DLL
0x00007ffbbb660000 - 0x00007ffbbb687000 	C:\Program Files\Android\Android Studio1\jre\bin\sunec.dll
0x000000006bec0000 - 0x000000006bee6000 	C:\Program Files\Bonjour\mdnsNSP.dll
0x00007ffbbe4c0000 - 0x00007ffbbe4ca000 	C:\Windows\System32\rasadhlp.dll
0x00007ffbba970000 - 0x00007ffbba9ef000 	C:\Windows\System32\fwpuclnt.dll

dbghelp: loaded successfully - version: 4.0.5 - missing functions: none
symbol engine: initialized successfully - sym options: 0x614 - pdb path: .;C:\Program Files\Android\Android Studio1\jre\bin;C:\Windows\SYSTEM32;C:\Windows\WinSxS\amd64_microsoft.windows.common-controls_6595b64144ccf1df_6.0.19041.1110_none_60b5254171f9507e;C:\Program Files\Android\Android Studio1\jre\bin\server;C:\Users\phamh\.gradle\native\fdc75f09e3144964f2cf3f50f0aa648679c211496f362492102eb8c894070792\windows-amd64;C:\Users\phamh\.gradle\native\12488b8bf47d2d4c9fbf2f6322a914ad602e24e48041cd04a747c6da556b65c4\windows-amd64;C:\Program Files\Bonjour

VM Arguments:
jvm_args: --add-opens=java.base/java.util=ALL-UNNAMED --add-opens=java.base/java.lang=ALL-UNNAMED --add-opens=java.base/java.lang.invoke=ALL-UNNAMED --add-opens=java.prefs/java.util.prefs=ALL-UNNAMED -Xmx2048m -Dfile.encoding=UTF-8 -Duser.country=US -Duser.language=en -Duser.variant 
java_command: org.gradle.launcher.daemon.bootstrap.GradleDaemon 6.7.1
java_class_path (initial): C:\Users\phamh\.gradle\wrapper\dists\gradle-6.7.1-bin\bwlcbys1h7rz3272sye1xwiv6\gradle-6.7.1\lib\gradle-launcher-6.7.1.jar
Launcher Type: SUN_STANDARD

[Global flags]
     intx CICompilerCount                          = 4                                         {product} {ergonomic}
     uint ConcGCThreads                            = 2                                         {product} {ergonomic}
     uint G1ConcRefinementThreads                  = 8                                         {product} {ergonomic}
   size_t G1HeapRegionSize                         = 1048576                                   {product} {ergonomic}
    uintx GCDrainStackTargetSize                   = 64                                        {product} {ergonomic}
   size_t InitialHeapSize                          = 132120576                                 {product} {ergonomic}
   size_t MarkStackSize                            = 4194304                                   {product} {ergonomic}
   size_t MaxHeapSize                              = 2147483648                                {product} {command line}
   size_t MaxNewSize                               = 1287651328                                {product} {ergonomic}
   size_t MinHeapDeltaBytes                        = 1048576                                   {product} {ergonomic}
    uintx NonNMethodCodeHeapSize                   = 5836300                                {pd product} {ergonomic}
    uintx NonProfiledCodeHeapSize                  = 122910970                              {pd product} {ergonomic}
    uintx ProfiledCodeHeapSize                     = 122910970                              {pd product} {ergonomic}
    uintx ReservedCodeCacheSize                    = 251658240                              {pd product} {ergonomic}
     bool SegmentedCodeCache                       = true                                      {product} {ergonomic}
     bool UseCompressedClassPointers               = true                                 {lp64_product} {ergonomic}
     bool UseCompressedOops                        = true                                 {lp64_product} {ergonomic}
     bool UseG1GC                                  = true                                      {product} {ergonomic}
     bool UseLargePagesIndividualAllocation        = false                                  {pd product} {ergonomic}

Logging:
Log output configuration:
 #0: stdout all=warning uptime,level,tags
 #1: stderr all=off uptime,level,tags

Environment Variables:
JAVA_HOME=C:\Program Files\OpenJDK\openjdk-8u282-b08
PATH=C:\Program Files (x86)\Common Files\Oracle\Java\javapath;C:\Python39\Scripts\;C:\Python39\;C:\Windows\system32;C:\Windows;C:\Windows\System32\Wbem;C:\Windows\System32\WindowsPowerShell\v1.0\;C:\Windows\System32\OpenSSH\;C:\Program Files\dotnet\;C:\Program Files\Microsoft SQL Server\130\Tools\Binn\;C:\Program Files\Microsoft SQL Server\Client SDK\ODBC\170\Tools\Binn\;C:\Program Files\Git\cmd;C:\Program Files (x86)\Microsoft SQL Server\150\Tools\Binn\;C:\Program Files\Microsoft SQL Server\150\Tools\Binn\;C:\Program Files\Microsoft SQL Server\150\DTS\Binn\;C:\Program Files (x86)\Microsoft SQL Server\150\DTS\Binn\;C:\ProgramData\chocolatey\bin;C:\Program Files\OpenJDK\openjdk-8u282-b08\bin;C:\Program Files\nodejs\;C:\Program Files (x86)\Intel\Intel(R) Management Engine Components\DAL;C:\Program Files\Intel\Intel(R) Management Engine Components\DAL;C:\xampp\php;C:\composer;C:\Program Files (x86)\dotnet\;C:\Program Files (x86)\NVIDIA Corporation\PhysX\Common;C:\Program Files\NVIDIA Corporation\NVIDIA NvDLISR;C:\Users\phamh\AppData\Local\Microsoft\WindowsApps;C:\Users\phamh\AppData\Local\Programs\Microsoft VS Code\bin;C:\Users\phamh\.dotnet\tools;C:\Users\phamh\AppData\Local\Android\Sdk\platform-tools;C:\Users\phamh\AppData\Roaming\npm;C:\Users\phamh\AppData\Roaming\Composer\vendor\bin
USERNAME=phamh
OS=Windows_NT
PROCESSOR_IDENTIFIER=Intel64 Family 6 Model 158 Stepping 9, GenuineIntel



---------------  S Y S T E M  ---------------

OS: Windows 10 , 64 bit Build 19041 (10.0.19041.1023)
OS uptime: 2 days 7:19 hours

CPU:total 8 (initial active 8) (4 cores per cpu, 2 threads per core) family 6 model 158 stepping 9, cmov, cx8, fxsr, mmx, sse, sse2, sse3, ssse3, sse4.1, sse4.2, popcnt, avx, avx2, aes, clmul, erms, 3dnowpref, lzcnt, ht, tsc, tscinvbit, bmi1, bmi2, adx, fma

Memory: 4k page, system-wide physical 8058M (414M free)
TotalPageFile size 32634M (AvailPageFile size 2M)
current process WorkingSet (physical memory assigned to process): 427M, peak: 427M
current process commit charge ("private bytes"): 473M, peak: 479M

vm_info: OpenJDK 64-Bit Server VM (11.0.8+10-b944.6842174) for windows-amd64 JRE (11.0.8+10-b944.6842174), built on Sep 19 2020 01:11:42 by "builder" with MS VC++ 14.0 (VS2015)

END.
