#
# There is insufficient memory for the Java Runtime Environment to continue.
# Native memory allocation (malloc) failed to allocate 1589456 bytes for Chunk::new
# Possible reasons:
#   The system is out of physical RAM or swap space
#   The process is running with CompressedOops enabled, and the Java Heap may be blocking the growth of the native heap
# Possible solutions:
#   Reduce memory load on the system
#   Increase physical memory or swap space
#   Check if swap backing store is full
#   Decrease Java heap size (-Xmx/-Xms)
#   Decrease number of Java threads
#   Decrease Java thread stack sizes (-Xss)
#   Set larger code cache with -XX:ReservedCodeCacheSize=
#   JVM is running with Unscaled Compressed Oops mode in which the Java heap is
#     placed in the first 4GB address space. The Java Heap base address is the
#     maximum limit for the native heap growth. Please use -XX:HeapBaseMinAddress
#     to set the Java Heap base and to place the Java Heap above 4GB virtual address.
# This output file may be truncated or incomplete.
#
#  Out of Memory Error (./src/hotspot/share/memory/arena.cpp:197), pid=21428, tid=19276
#
# JRE version: OpenJDK Runtime Environment (11.0.8+10) (build 11.0.8+10-b944.6842174)
# Java VM: OpenJDK 64-Bit Server VM (11.0.8+10-b944.6842174, mixed mode, tiered, compressed oops, g1 gc, windows-amd64)
# No core dump will be written. Minidumps are not enabled by default on client versions of Windows
#

---------------  S U M M A R Y ------------

Command Line: --add-opens=java.base/java.util=ALL-UNNAMED --add-opens=java.base/java.lang=ALL-UNNAMED --add-opens=java.base/java.lang.invoke=ALL-UNNAMED --add-opens=java.prefs/java.util.prefs=ALL-UNNAMED -Xmx2048m -Dfile.encoding=UTF-8 -Duser.country=US -Duser.language=en -Duser.variant org.gradle.launcher.daemon.bootstrap.GradleDaemon 6.7.1

Host: Intel(R) Core(TM) i7-7700HQ CPU @ 2.80GHz, 8 cores, 7G,  Windows 10 , 64 bit Build 19041 (10.0.19041.1023)
Time: Sun Jul 18 21:21:01 2021 SE Asia Standard Time elapsed time: 90 seconds (0d 0h 1m 30s)

---------------  T H R E A D  ---------------

Current thread (0x000001d239bc0800):  JavaThread "C2 CompilerThread0" daemon [_thread_in_native, id=19276, stack(0x0000003eb1b00000,0x0000003eb1c00000)]


Current CompileTask:
C2:  90530 12456       4       javax.management.ObjectName::construct (1135 bytes)

Stack: [0x0000003eb1b00000,0x0000003eb1c00000]
Native frames: (J=compiled Java code, j=interpreted, Vv=VM code, C=native code)
V  [jvm.dll+0x5de50a]
V  [jvm.dll+0x7122f5]
V  [jvm.dll+0x71384d]
V  [jvm.dll+0x713f03]
V  [jvm.dll+0x23e728]
V  [jvm.dll+0xb899c]
V  [jvm.dll+0xb8e9c]
V  [jvm.dll+0x35024d]
V  [jvm.dll+0x31dea3]
V  [jvm.dll+0x31d39a]
V  [jvm.dll+0x1f7702]
V  [jvm.dll+0x1f68d4]
V  [jvm.dll+0x17f32c]
V  [jvm.dll+0x205047]
V  [jvm.dll+0x203891]
V  [jvm.dll+0x6dad3f]
V  [jvm.dll+0x6d3895]
V  [jvm.dll+0x5dd4a6]
C  [ucrtbase.dll+0x21bb2]
C  [KERNEL32.DLL+0x17034]
C  [ntdll.dll+0x52651]


---------------  P R O C E S S  ---------------

Threads class SMR info:
_java_thread_list=0x000001d241367070, length=148, elements={
0x000001d21f06b000, 0x000001d239399800, 0x000001d2393a2800, 0x000001d239bbe000,
0x000001d239bbf800, 0x000001d239bc0800, 0x000001d239bce000, 0x000001d239bd2000,
0x000001d239d80800, 0x000001d239d89800, 0x000001d23a99e000, 0x000001d239dd5000,
0x000001d23bad7800, 0x000001d23c0f4000, 0x000001d23b1d8000, 0x000001d23bed6000,
0x000001d23bed3800, 0x000001d23bed3000, 0x000001d23c2ee800, 0x000001d23c2f2800,
0x000001d23a36d000, 0x000001d23a367800, 0x000001d23a36c000, 0x000001d23a36e000,
0x000001d23a36a000, 0x000001d23a36b800, 0x000001d23a36a800, 0x000001d23a368000,
0x000001d23a369000, 0x000001d23a371000, 0x000001d23a372000, 0x000001d23a373000,
0x000001d23a373800, 0x000001d23a374800, 0x000001d23a36e800, 0x000001d23a375000,
0x000001d23a36f800, 0x000001d23a376000, 0x000001d23a370800, 0x000001d23bed7800,
0x000001d23bed5800, 0x000001d23bed8800, 0x000001d23bed7000, 0x000001d23bed9800,
0x000001d23bed4800, 0x000001d23c2f1000, 0x000001d23c2f0800, 0x000001d23c2f2000,
0x000001d23c2ef800, 0x000001d23c2ee000, 0x000001d23c2f3800, 0x000001d23a487000,
0x000001d23a482000, 0x000001d23a488000, 0x000001d23a483000, 0x000001d23a486000,
0x000001d23a484000, 0x000001d23a489800, 0x000001d23a488800, 0x000001d23a48a800,
0x000001d23a484800, 0x000001d23a48b000, 0x000001d23a485800, 0x000001d23a48f000,
0x000001d23a48e800, 0x000001d23a490000, 0x000001d23a48d800, 0x000001d23a48c000,
0x000001d23a491000, 0x000001d23a48d000, 0x000001d23bda1800, 0x000001d23bda2800,
0x000001d23bda5000, 0x000001d23bda9000, 0x000001d23bda8000, 0x000001d23bda7800,
0x000001d23bda3000, 0x000001d23bda9800, 0x000001d23bda5800, 0x000001d23bda4000,
0x000001d23bdab800, 0x000001d23bdaa800, 0x000001d23bda6800, 0x000001d23bdad000,
0x000001d23bdac000, 0x000001d23bdae000, 0x000001d23bdae800, 0x000001d23bdaf800,
0x000001d23bdb0000, 0x000001d23bdb2800, 0x000001d23bdb3000, 0x000001d23bdb4000,
0x000001d23bdb6800, 0x000001d23bdb5800, 0x000001d23bdb7800, 0x000001d23bdb5000,
0x000001d23bdb1800, 0x000001d23bdb9000, 0x000001d23bdb9800, 0x000001d23bdba800,
0x000001d23bdbb800, 0x000001d23bdbe000, 0x000001d23bdbc000, 0x000001d23bdbd000,
0x000001d23bdb8000, 0x000001d23bdbe800, 0x000001d23bdc0800, 0x000001d23bdbf800,
0x000001d244835800, 0x000001d244837000, 0x000001d244838000, 0x000001d24483c000,
0x000001d244839800, 0x000001d244836800, 0x000001d24483d000, 0x000001d24483e800,
0x000001d24483b000, 0x000001d244838800, 0x000001d244840000, 0x000001d24483d800,
0x000001d24483f800, 0x000001d24483a800, 0x000001d244841800, 0x000001d244841000,
0x000001d244844000, 0x000001d244843800, 0x000001d244842800, 0x000001d23fa45800,
0x000001d23fa42800, 0x000001d23fa44000, 0x000001d23fa47000, 0x000001d23fa46800,
0x000001d23fa45000, 0x000001d23fa48000, 0x000001d23fa49000, 0x000001d23fa43000,
0x000001d23fa4e800, 0x000001d23fa4f800, 0x000001d23fa49800, 0x000001d23fa4d000,
0x000001d23fa50000, 0x000001d23fa4c000, 0x000001d23fa4a800, 0x000001d23fa4d800,
0x000001d23fa51000, 0x000001d23fa4b800, 0x000001d2443b8800, 0x000001d2443bb000
}

Java Threads: ( => current thread )
  0x000001d21f06b000 JavaThread "main" [_thread_blocked, id=18472, stack(0x0000003eb1000000,0x0000003eb1100000)]
  0x000001d239399800 JavaThread "Reference Handler" daemon [_thread_blocked, id=16640, stack(0x0000003eb1700000,0x0000003eb1800000)]
  0x000001d2393a2800 JavaThread "Finalizer" daemon [_thread_blocked, id=8276, stack(0x0000003eb1800000,0x0000003eb1900000)]
  0x000001d239bbe000 JavaThread "Signal Dispatcher" daemon [_thread_blocked, id=5756, stack(0x0000003eb1900000,0x0000003eb1a00000)]
  0x000001d239bbf800 JavaThread "Attach Listener" daemon [_thread_blocked, id=21060, stack(0x0000003eb1a00000,0x0000003eb1b00000)]
=>0x000001d239bc0800 JavaThread "C2 CompilerThread0" daemon [_thread_in_native, id=19276, stack(0x0000003eb1b00000,0x0000003eb1c00000)]
  0x000001d239bce000 JavaThread "C1 CompilerThread0" daemon [_thread_blocked, id=17744, stack(0x0000003eb1c00000,0x0000003eb1d00000)]
  0x000001d239bd2000 JavaThread "Sweeper thread" daemon [_thread_blocked, id=23048, stack(0x0000003eb1d00000,0x0000003eb1e00000)]
  0x000001d239d80800 JavaThread "Common-Cleaner" daemon [_thread_blocked, id=16268, stack(0x0000003eb1e00000,0x0000003eb1f00000)]
  0x000001d239d89800 JavaThread "Service Thread" daemon [_thread_blocked, id=24308, stack(0x0000003eb1f00000,0x0000003eb2000000)]
  0x000001d23a99e000 JavaThread "Daemon health stats" [_thread_blocked, id=22672, stack(0x0000003eb2400000,0x0000003eb2500000)]
  0x000001d239dd5000 JavaThread "Incoming local TCP Connector on port 59891" [_thread_in_native, id=28576, stack(0x0000003eb2600000,0x0000003eb2700000)]
  0x000001d23bad7800 JavaThread "Daemon periodic checks" [_thread_blocked, id=26500, stack(0x0000003eb2700000,0x0000003eb2800000)]
  0x000001d23c0f4000 JavaThread "Daemon" [_thread_blocked, id=13948, stack(0x0000003eb2800000,0x0000003eb2900000)]
  0x000001d23b1d8000 JavaThread "Daemon worker" [_thread_blocked, id=27500, stack(0x0000003eb2c00000,0x0000003eb2d00000)]
  0x000001d23bed6000 JavaThread "Cache worker for file hash cache (C:\Users\phamh\.gradle\caches\6.7.1\fileHashes)" [_thread_blocked, id=3272, stack(0x0000003eb3500000,0x0000003eb3600000)]
  0x000001d23bed3800 JavaThread "File lock request listener" [_thread_in_native, id=25620, stack(0x0000003eb3600000,0x0000003eb3700000)]
  0x000001d23bed3000 JavaThread "Cache worker for journal cache (C:\Users\phamh\.gradle\caches\journal-1)" [_thread_blocked, id=17376, stack(0x0000003eb3800000,0x0000003eb3900000)]
  0x000001d23c2ee800 JavaThread "Cache worker for execution history cache (C:\Users\phamh\.gradle\caches\6.7.1\executionHistory)" [_thread_blocked, id=19096, stack(0x0000003eb5200000,0x0000003eb5300000)]
  0x000001d23c2f2800 JavaThread "Cache worker for file content cache (C:\Users\phamh\.gradle\caches\6.7.1\fileContent)" [_thread_blocked, id=2380, stack(0x0000003eb5300000,0x0000003eb5400000)]
  0x000001d23a36d000 JavaThread "Memory manager" [_thread_blocked, id=5792, stack(0x0000003ebab00000,0x0000003ebac00000)]
  0x000001d23a367800 JavaThread "Handler for socket connection from /127.0.0.1:59891 to /127.0.0.1:58430" [_thread_in_native, id=9476, stack(0x0000003eb0d00000,0x0000003eb0e00000)]
  0x000001d23a36c000 JavaThread "Cancel handler" [_thread_blocked, id=5232, stack(0x0000003eb0e00000,0x0000003eb0f00000)]
  0x000001d23a36e000 JavaThread "Asynchronous log dispatcher for DefaultDaemonConnection: socket connection from /127.0.0.1:59891 to /127.0.0.1:58430" [_thread_blocked, id=18764, stack(0x0000003eb0f00000,0x0000003eb1000000)]
  0x000001d23a36a000 JavaThread "Stdin handler" [_thread_blocked, id=12820, stack(0x0000003eb2900000,0x0000003eb2a00000)]
  0x000001d23a36b800 JavaThread "Thread-138" [_thread_blocked, id=6976, stack(0x0000003eb2a00000,0x0000003eb2b00000)]
  0x000001d23a36a800 JavaThread "Cache worker for file hash cache (D:\Data\STU_2020_2021\LVTN\LuanvanMXHHippo\.gradle\6.7.1\fileHashes)" [_thread_blocked, id=18396, stack(0x0000003eb2b00000,0x0000003eb2c00000)]
  0x000001d23a368000 JavaThread "Cache worker for checksums cache (D:\Data\STU_2020_2021\LVTN\LuanvanMXHHippo\.gradle\checksums)" [_thread_blocked, id=26912, stack(0x0000003eb2e00000,0x0000003eb2f00000)]
  0x000001d23a369000 JavaThread "Cache worker for cache directory md-supplier (C:\Users\phamh\.gradle\caches\6.7.1\md-supplier)" [_thread_blocked, id=16088, stack(0x0000003eb2f00000,0x0000003eb3000000)]
  0x000001d23a371000 JavaThread "Cache worker for cache directory md-rule (C:\Users\phamh\.gradle\caches\6.7.1\md-rule)" [_thread_blocked, id=24852, stack(0x0000003eb3900000,0x0000003eb3a00000)]
  0x000001d23a372000 JavaThread "Cache worker for Build Output Cleanup Cache (D:\Data\STU_2020_2021\LVTN\LuanvanMXHHippo\.gradle\buildOutputCleanup)" [_thread_blocked, id=12476, stack(0x0000003eb3a00000,0x0000003eb3b00000)]
  0x000001d23a373000 JavaThread "Build operations" [_thread_blocked, id=19172, stack(0x0000003eb3b00000,0x0000003eb3c00000)]
  0x000001d23a373800 JavaThread "Build operations Thread 2" [_thread_blocked, id=6444, stack(0x0000003eb3c00000,0x0000003eb3d00000)]
  0x000001d23a374800 JavaThread "Build operations Thread 3" [_thread_blocked, id=17156, stack(0x0000003eb3d00000,0x0000003eb3e00000)]
  0x000001d23a36e800 JavaThread "Build operations Thread 4" [_thread_blocked, id=14900, stack(0x0000003eb3e00000,0x0000003eb3f00000)]
  0x000001d23a375000 JavaThread "Build operations Thread 5" [_thread_blocked, id=27824, stack(0x0000003eb3f00000,0x0000003eb4000000)]
  0x000001d23a36f800 JavaThread "Build operations Thread 6" [_thread_blocked, id=10996, stack(0x0000003eb4000000,0x0000003eb4100000)]
  0x000001d23a376000 JavaThread "Build operations Thread 7" [_thread_blocked, id=14768, stack(0x0000003eb4100000,0x0000003eb4200000)]
  0x000001d23a370800 JavaThread "Build operations Thread 8" [_thread_blocked, id=15288, stack(0x0000003eb4200000,0x0000003eb4300000)]
  0x000001d23bed7800 JavaThread "jar transforms Thread 100" [_thread_blocked, id=10348, stack(0x0000003eb4300000,0x0000003eb4400000)]
  0x000001d23bed5800 JavaThread "jar transforms Thread 101" [_thread_blocked, id=4128, stack(0x0000003eb4400000,0x0000003eb4500000)]
  0x000001d23bed8800 JavaThread "jar transforms Thread 102" [_thread_blocked, id=2032, stack(0x0000003eb4500000,0x0000003eb4600000)]
  0x000001d23bed7000 JavaThread "jar transforms Thread 103" [_thread_blocked, id=10536, stack(0x0000003eb4600000,0x0000003eb4700000)]
  0x000001d23bed9800 JavaThread "jar transforms Thread 104" [_thread_blocked, id=18580, stack(0x0000003eb4700000,0x0000003eb4800000)]
  0x000001d23bed4800 JavaThread "jar transforms Thread 105" [_thread_blocked, id=17072, stack(0x0000003eb4800000,0x0000003eb4900000)]
  0x000001d23c2f1000 JavaThread "jar transforms Thread 106" [_thread_blocked, id=1832, stack(0x0000003eb4900000,0x0000003eb4a00000)]
  0x000001d23c2f0800 JavaThread "jar transforms Thread 107" [_thread_blocked, id=17440, stack(0x0000003eb4a00000,0x0000003eb4b00000)]
  0x000001d23c2f2000 JavaThread "jar transforms Thread 108" [_thread_blocked, id=9420, stack(0x0000003eb4b00000,0x0000003eb4c00000)]
  0x000001d23c2ef800 JavaThread "jar transforms Thread 109" [_thread_blocked, id=13796, stack(0x0000003eb4c00000,0x0000003eb4d00000)]
  0x000001d23c2ee000 JavaThread "jar transforms Thread 110" [_thread_blocked, id=25364, stack(0x0000003eb4d00000,0x0000003eb4e00000)]
  0x000001d23c2f3800 JavaThread "jar transforms Thread 111" [_thread_blocked, id=14464, stack(0x0000003eb4e00000,0x0000003eb4f00000)]
  0x000001d23a487000 JavaThread "jar transforms Thread 112" [_thread_blocked, id=3088, stack(0x0000003eb4f00000,0x0000003eb5000000)]
  0x000001d23a482000 JavaThread "jar transforms Thread 113" [_thread_blocked, id=21268, stack(0x0000003eb5000000,0x0000003eb5100000)]
  0x000001d23a488000 JavaThread "jar transforms Thread 114" [_thread_blocked, id=26976, stack(0x0000003eb5100000,0x0000003eb5200000)]
  0x000001d23a483000 JavaThread "jar transforms Thread 115" [_thread_blocked, id=25148, stack(0x0000003eb5400000,0x0000003eb5500000)]
  0x000001d23a486000 JavaThread "jar transforms Thread 116" [_thread_blocked, id=9468, stack(0x0000003eb5500000,0x0000003eb5600000)]
  0x000001d23a484000 JavaThread "jar transforms Thread 117" [_thread_blocked, id=27484, stack(0x0000003eb5600000,0x0000003eb5700000)]
  0x000001d23a489800 JavaThread "jar transforms Thread 118" [_thread_blocked, id=12152, stack(0x0000003eb5700000,0x0000003eb5800000)]
  0x000001d23a488800 JavaThread "jar transforms Thread 119" [_thread_blocked, id=24276, stack(0x0000003eb5800000,0x0000003eb5900000)]
  0x000001d23a48a800 JavaThread "jar transforms Thread 120" [_thread_blocked, id=9376, stack(0x0000003eb5900000,0x0000003eb5a00000)]
  0x000001d23a484800 JavaThread "jar transforms Thread 121" [_thread_blocked, id=15104, stack(0x0000003eb5a00000,0x0000003eb5b00000)]
  0x000001d23a48b000 JavaThread "jar transforms Thread 122" [_thread_blocked, id=22552, stack(0x0000003eb5b00000,0x0000003eb5c00000)]
  0x000001d23a485800 JavaThread "jar transforms Thread 123" [_thread_blocked, id=11312, stack(0x0000003eb5c00000,0x0000003eb5d00000)]
  0x000001d23a48f000 JavaThread "jar transforms Thread 124" [_thread_blocked, id=6400, stack(0x0000003eb5d00000,0x0000003eb5e00000)]
  0x000001d23a48e800 JavaThread "jar transforms Thread 125" [_thread_blocked, id=27644, stack(0x0000003eb5e00000,0x0000003eb5f00000)]
  0x000001d23a490000 JavaThread "jar transforms Thread 126" [_thread_blocked, id=2560, stack(0x0000003eb5f00000,0x0000003eb6000000)]
  0x000001d23a48d800 JavaThread "jar transforms Thread 127" [_thread_blocked, id=25232, stack(0x0000003eb6000000,0x0000003eb6100000)]
  0x000001d23a48c000 JavaThread "jar transforms Thread 128" [_thread_blocked, id=14084, stack(0x0000003eb6100000,0x0000003eb6200000)]
  0x000001d23a491000 JavaThread "jar transforms Thread 129" [_thread_blocked, id=18372, stack(0x0000003eb6200000,0x0000003eb6300000)]
  0x000001d23a48d000 JavaThread "jar transforms Thread 130" [_thread_blocked, id=15516, stack(0x0000003eb6300000,0x0000003eb6400000)]
  0x000001d23bda1800 JavaThread "jar transforms Thread 131" [_thread_blocked, id=20624, stack(0x0000003eb6400000,0x0000003eb6500000)]
  0x000001d23bda2800 JavaThread "jar transforms Thread 132" [_thread_blocked, id=24460, stack(0x0000003eb6500000,0x0000003eb6600000)]
  0x000001d23bda5000 JavaThread "jar transforms Thread 133" [_thread_blocked, id=26012, stack(0x0000003eb6600000,0x0000003eb6700000)]
  0x000001d23bda9000 JavaThread "jar transforms Thread 134" [_thread_blocked, id=13864, stack(0x0000003eb6700000,0x0000003eb6800000)]
  0x000001d23bda8000 JavaThread "jar transforms Thread 135" [_thread_blocked, id=23356, stack(0x0000003eb6800000,0x0000003eb6900000)]
  0x000001d23bda7800 JavaThread "jar transforms Thread 136" [_thread_blocked, id=1472, stack(0x0000003eb6900000,0x0000003eb6a00000)]
  0x000001d23bda3000 JavaThread "jar transforms Thread 137" [_thread_blocked, id=23660, stack(0x0000003eb6a00000,0x0000003eb6b00000)]
  0x000001d23bda9800 JavaThread "jar transforms Thread 138" [_thread_blocked, id=21808, stack(0x0000003eb6b00000,0x0000003eb6c00000)]
  0x000001d23bda5800 JavaThread "jar transforms Thread 139" [_thread_blocked, id=11128, stack(0x0000003eb6c00000,0x0000003eb6d00000)]
  0x000001d23bda4000 JavaThread "jar transforms Thread 140" [_thread_blocked, id=12984, stack(0x0000003eb6d00000,0x0000003eb6e00000)]
  0x000001d23bdab800 JavaThread "jar transforms Thread 141" [_thread_blocked, id=9396, stack(0x0000003eb6e00000,0x0000003eb6f00000)]
  0x000001d23bdaa800 JavaThread "jar transforms Thread 142" [_thread_blocked, id=23736, stack(0x0000003eb6f00000,0x0000003eb7000000)]
  0x000001d23bda6800 JavaThread "jar transforms Thread 143" [_thread_blocked, id=25020, stack(0x0000003eb7000000,0x0000003eb7100000)]
  0x000001d23bdad000 JavaThread "jar transforms Thread 144" [_thread_blocked, id=16084, stack(0x0000003eb7100000,0x0000003eb7200000)]
  0x000001d23bdac000 JavaThread "jar transforms Thread 145" [_thread_blocked, id=20984, stack(0x0000003eb7200000,0x0000003eb7300000)]
  0x000001d23bdae000 JavaThread "jar transforms Thread 146" [_thread_blocked, id=17076, stack(0x0000003eb7300000,0x0000003eb7400000)]
  0x000001d23bdae800 JavaThread "jar transforms Thread 147" [_thread_blocked, id=25072, stack(0x0000003eb7400000,0x0000003eb7500000)]
  0x000001d23bdaf800 JavaThread "jar transforms Thread 148" [_thread_blocked, id=22728, stack(0x0000003eb7500000,0x0000003eb7600000)]
  0x000001d23bdb0000 JavaThread "jar transforms Thread 149" [_thread_blocked, id=17256, stack(0x0000003eb7600000,0x0000003eb7700000)]
  0x000001d23bdb2800 JavaThread "jar transforms Thread 150" [_thread_blocked, id=21676, stack(0x0000003eb7700000,0x0000003eb7800000)]
  0x000001d23bdb3000 JavaThread "jar transforms Thread 151" [_thread_blocked, id=7928, stack(0x0000003eb7800000,0x0000003eb7900000)]
  0x000001d23bdb4000 JavaThread "jar transforms Thread 152" [_thread_blocked, id=28548, stack(0x0000003eb7900000,0x0000003eb7a00000)]
  0x000001d23bdb6800 JavaThread "jar transforms Thread 153" [_thread_blocked, id=13360, stack(0x0000003eb7a00000,0x0000003eb7b00000)]
  0x000001d23bdb5800 JavaThread "jar transforms Thread 154" [_thread_blocked, id=10436, stack(0x0000003eb7b00000,0x0000003eb7c00000)]
  0x000001d23bdb7800 JavaThread "jar transforms Thread 155" [_thread_blocked, id=27908, stack(0x0000003eb7c00000,0x0000003eb7d00000)]
  0x000001d23bdb5000 JavaThread "jar transforms Thread 156" [_thread_blocked, id=23868, stack(0x0000003eb7d00000,0x0000003eb7e00000)]
  0x000001d23bdb1800 JavaThread "jar transforms Thread 157" [_thread_blocked, id=13908, stack(0x0000003eb7e00000,0x0000003eb7f00000)]
  0x000001d23bdb9000 JavaThread "jar transforms Thread 158" [_thread_blocked, id=7948, stack(0x0000003eb7f00000,0x0000003eb8000000)]
  0x000001d23bdb9800 JavaThread "jar transforms Thread 159" [_thread_blocked, id=1076, stack(0x0000003eb8000000,0x0000003eb8100000)]
  0x000001d23bdba800 JavaThread "jar transforms Thread 160" [_thread_blocked, id=17056, stack(0x0000003eb8100000,0x0000003eb8200000)]
  0x000001d23bdbb800 JavaThread "jar transforms Thread 161" [_thread_blocked, id=24296, stack(0x0000003eb8200000,0x0000003eb8300000)]
  0x000001d23bdbe000 JavaThread "jar transforms Thread 162" [_thread_blocked, id=10056, stack(0x0000003eb8300000,0x0000003eb8400000)]
  0x000001d23bdbc000 JavaThread "jar transforms Thread 163" [_thread_blocked, id=23808, stack(0x0000003eb8400000,0x0000003eb8500000)]
  0x000001d23bdbd000 JavaThread "jar transforms Thread 164" [_thread_blocked, id=26612, stack(0x0000003eb8500000,0x0000003eb8600000)]
  0x000001d23bdb8000 JavaThread "jar transforms Thread 165" [_thread_blocked, id=26040, stack(0x0000003eb8600000,0x0000003eb8700000)]
  0x000001d23bdbe800 JavaThread "jar transforms Thread 166" [_thread_blocked, id=25468, stack(0x0000003eb8700000,0x0000003eb8800000)]
  0x000001d23bdc0800 JavaThread "jar transforms Thread 167" [_thread_blocked, id=22292, stack(0x0000003eb8800000,0x0000003eb8900000)]
  0x000001d23bdbf800 JavaThread "jar transforms Thread 168" [_thread_blocked, id=1484, stack(0x0000003eb8900000,0x0000003eb8a00000)]
  0x000001d244835800 JavaThread "jar transforms Thread 169" [_thread_blocked, id=9652, stack(0x0000003eb8a00000,0x0000003eb8b00000)]
  0x000001d244837000 JavaThread "jar transforms Thread 170" [_thread_blocked, id=144, stack(0x0000003eb8b00000,0x0000003eb8c00000)]
  0x000001d244838000 JavaThread "jar transforms Thread 171" [_thread_blocked, id=20168, stack(0x0000003eb8c00000,0x0000003eb8d00000)]
  0x000001d24483c000 JavaThread "jar transforms Thread 172" [_thread_blocked, id=16408, stack(0x0000003eb8d00000,0x0000003eb8e00000)]
  0x000001d244839800 JavaThread "jar transforms Thread 173" [_thread_blocked, id=10596, stack(0x0000003eb8e00000,0x0000003eb8f00000)]
  0x000001d244836800 JavaThread "jar transforms Thread 174" [_thread_blocked, id=13700, stack(0x0000003eb8f00000,0x0000003eb9000000)]
  0x000001d24483d000 JavaThread "jar transforms Thread 175" [_thread_blocked, id=18384, stack(0x0000003eb9000000,0x0000003eb9100000)]
  0x000001d24483e800 JavaThread "jar transforms Thread 176" [_thread_blocked, id=22732, stack(0x0000003eb9100000,0x0000003eb9200000)]
  0x000001d24483b000 JavaThread "jar transforms Thread 177" [_thread_blocked, id=12956, stack(0x0000003eb9200000,0x0000003eb9300000)]
  0x000001d244838800 JavaThread "jar transforms Thread 178" [_thread_blocked, id=13504, stack(0x0000003eb9300000,0x0000003eb9400000)]
  0x000001d244840000 JavaThread "jar transforms Thread 179" [_thread_blocked, id=15080, stack(0x0000003eb9400000,0x0000003eb9500000)]
  0x000001d24483d800 JavaThread "jar transforms Thread 180" [_thread_blocked, id=7864, stack(0x0000003eb9500000,0x0000003eb9600000)]
  0x000001d24483f800 JavaThread "jar transforms Thread 181" [_thread_blocked, id=28472, stack(0x0000003eb9600000,0x0000003eb9700000)]
  0x000001d24483a800 JavaThread "jar transforms Thread 182" [_thread_blocked, id=15532, stack(0x0000003eb9700000,0x0000003eb9800000)]
  0x000001d244841800 JavaThread "jar transforms Thread 183" [_thread_blocked, id=25168, stack(0x0000003eb9800000,0x0000003eb9900000)]
  0x000001d244841000 JavaThread "jar transforms Thread 184" [_thread_blocked, id=11144, stack(0x0000003eb9900000,0x0000003eb9a00000)]
  0x000001d244844000 JavaThread "jar transforms Thread 185" [_thread_blocked, id=24976, stack(0x0000003eb9a00000,0x0000003eb9b00000)]
  0x000001d244843800 JavaThread "jar transforms Thread 186" [_thread_blocked, id=7608, stack(0x0000003eb9b00000,0x0000003eb9c00000)]
  0x000001d244842800 JavaThread "jar transforms Thread 187" [_thread_blocked, id=20156, stack(0x0000003eb9c00000,0x0000003eb9d00000)]
  0x000001d23fa45800 JavaThread "jar transforms Thread 188" [_thread_blocked, id=10584, stack(0x0000003eb9d00000,0x0000003eb9e00000)]
  0x000001d23fa42800 JavaThread "jar transforms Thread 189" [_thread_blocked, id=4476, stack(0x0000003eb9e00000,0x0000003eb9f00000)]
  0x000001d23fa44000 JavaThread "jar transforms Thread 190" [_thread_blocked, id=18364, stack(0x0000003eb9f00000,0x0000003eba000000)]
  0x000001d23fa47000 JavaThread "jar transforms Thread 191" [_thread_blocked, id=3316, stack(0x0000003eba000000,0x0000003eba100000)]
  0x000001d23fa46800 JavaThread "jar transforms Thread 192" [_thread_blocked, id=8500, stack(0x0000003eba100000,0x0000003eba200000)]
  0x000001d23fa45000 JavaThread "jar transforms Thread 193" [_thread_blocked, id=25108, stack(0x0000003eba200000,0x0000003eba300000)]
  0x000001d23fa48000 JavaThread "jar transforms Thread 194" [_thread_blocked, id=24964, stack(0x0000003eba300000,0x0000003eba400000)]
  0x000001d23fa49000 JavaThread "jar transforms Thread 195" [_thread_blocked, id=16584, stack(0x0000003eba400000,0x0000003eba500000)]
  0x000001d23fa43000 JavaThread "jar transforms Thread 196" [_thread_blocked, id=28580, stack(0x0000003eba500000,0x0000003eba600000)]
  0x000001d23fa4e800 JavaThread "jar transforms Thread 197" [_thread_blocked, id=22336, stack(0x0000003eba600000,0x0000003eba700000)]
  0x000001d23fa4f800 JavaThread "jar transforms Thread 198" [_thread_blocked, id=24516, stack(0x0000003eba700000,0x0000003eba800000)]
  0x000001d23fa49800 JavaThread "build event listener" [_thread_blocked, id=9040, stack(0x0000003eba800000,0x0000003eba900000)]
  0x000001d23fa4d000 JavaThread "build event listener" [_thread_blocked, id=15608, stack(0x0000003eba900000,0x0000003ebaa00000)]
  0x000001d23fa50000 JavaThread "Execution worker for ':'" [_thread_in_native, id=10244, stack(0x0000003ebaa00000,0x0000003ebab00000)]
  0x000001d23fa4c000 JavaThread "Execution worker for ':' Thread 2" [_thread_blocked, id=19956, stack(0x0000003ebad00000,0x0000003ebae00000)]
  0x000001d23fa4a800 JavaThread "Execution worker for ':' Thread 3" [_thread_blocked, id=16376, stack(0x0000003ebae00000,0x0000003ebaf00000)]
  0x000001d23fa4d800 JavaThread "Execution worker for ':' Thread 4" [_thread_blocked, id=20204, stack(0x0000003ebaf00000,0x0000003ebb000000)]
  0x000001d23fa51000 JavaThread "Execution worker for ':' Thread 5" [_thread_blocked, id=11356, stack(0x0000003ebb000000,0x0000003ebb100000)]
  0x000001d23fa4b800 JavaThread "Execution worker for ':' Thread 6" [_thread_blocked, id=18176, stack(0x0000003ebb100000,0x0000003ebb200000)]
  0x000001d2443b8800 JavaThread "Execution worker for ':' Thread 7" [_thread_blocked, id=17292, stack(0x0000003ebb200000,0x0000003ebb300000)]
  0x000001d2443bb000 JavaThread "Cache worker for execution history cache (D:\Data\STU_2020_2021\LVTN\LuanvanMXHHippo\.gradle\6.7.1\executionHistory)" [_thread_blocked, id=26916, stack(0x0000003ebb300000,0x0000003ebb400000)]

Other Threads:
  0x000001d239bb0800 VMThread "VM Thread" [stack: 0x0000003eb1600000,0x0000003eb1700000] [id=8728]
  0x000001d239daa000 WatcherThread [stack: 0x0000003eb2000000,0x0000003eb2100000] [id=14732]
  0x000001d21f084000 GCTaskThread "GC Thread#0" [stack: 0x0000003eb1100000,0x0000003eb1200000] [id=15008]
  0x000001d23aa8e800 GCTaskThread "GC Thread#1" [stack: 0x0000003eb2200000,0x0000003eb2300000] [id=8748]
  0x000001d23a840800 GCTaskThread "GC Thread#2" [stack: 0x0000003eb2300000,0x0000003eb2400000] [id=12328]
  0x000001d23b63c800 GCTaskThread "GC Thread#3" [stack: 0x0000003eb3000000,0x0000003eb3100000] [id=8044]
  0x000001d23b695000 GCTaskThread "GC Thread#4" [stack: 0x0000003eb3100000,0x0000003eb3200000] [id=6580]
  0x000001d23bf51000 GCTaskThread "GC Thread#5" [stack: 0x0000003eb3200000,0x0000003eb3300000] [id=27692]
  0x000001d23b404000 GCTaskThread "GC Thread#6" [stack: 0x0000003eb3300000,0x0000003eb3400000] [id=23732]
  0x000001d23bf21000 GCTaskThread "GC Thread#7" [stack: 0x0000003eb3400000,0x0000003eb3500000] [id=18420]
  0x000001d21f0b5800 ConcurrentGCThread "G1 Main Marker" [stack: 0x0000003eb1200000,0x0000003eb1300000] [id=19036]
  0x000001d21f0b8000 ConcurrentGCThread "G1 Conc#0" [stack: 0x0000003eb1300000,0x0000003eb1400000] [id=22236]
  0x000001d23bd79800 ConcurrentGCThread "G1 Conc#1" [stack: 0x0000003eb3700000,0x0000003eb3800000] [id=21548]
  0x000001d21f147800 ConcurrentGCThread "G1 Refine#0" [stack: 0x0000003eb1400000,0x0000003eb1500000] [id=22444]
  0x000001d21f148800 ConcurrentGCThread "G1 Young RemSet Sampling" [stack: 0x0000003eb1500000,0x0000003eb1600000] [id=13092]

Threads with active compile tasks:
C2 CompilerThread0  90573 12456       4       javax.management.ObjectName::construct (1135 bytes)

VM state:not at safepoint (normal execution)

VM Mutex/Monitor currently owned by a thread: None

Heap address: 0x0000000080000000, size: 2048 MB, Compressed Oops mode: 32-bit
Narrow klass base: 0x0000000000000000, Narrow klass shift: 3
Compressed class space size: 1073741824 Address: 0x0000000100000000

Heap:
 garbage-first heap   total 225280K, used 156880K [0x0000000080000000, 0x0000000100000000)
  region size 1024K, 51 young (52224K), 9 survivors (9216K)
 Metaspace       used 104460K, capacity 107235K, committed 107468K, reserved 1142784K
  class space    used 13249K, capacity 14209K, committed 14284K, reserved 1048576K
Heap Regions: E=young(eden), S=young(survivor), O=old, HS=humongous(starts), HC=humongous(continues), CS=collection set, F=free, A=archive, TAMS=top-at-mark-start (previous, next)
|   0|0x0000000080000000, 0x0000000080100000, 0x0000000080100000|100%| O|  |TAMS 0x0000000080100000, 0x0000000080000000| Untracked 
|   1|0x0000000080100000, 0x0000000080200000, 0x0000000080200000|100%| O|  |TAMS 0x0000000080200000, 0x0000000080100000| Untracked 
|   2|0x0000000080200000, 0x0000000080300000, 0x0000000080300000|100%| O|  |TAMS 0x0000000080300000, 0x0000000080200000| Untracked 
|   3|0x0000000080300000, 0x0000000080400000, 0x0000000080400000|100%|HS|  |TAMS 0x0000000080400000, 0x0000000080300000| Complete 
|   4|0x0000000080400000, 0x0000000080500000, 0x0000000080500000|100%|HC|  |TAMS 0x0000000080500000, 0x0000000080400000| Complete 
|   5|0x0000000080500000, 0x0000000080600000, 0x0000000080600000|100%|HC|  |TAMS 0x0000000080600000, 0x0000000080500000| Complete 
|   6|0x0000000080600000, 0x0000000080700000, 0x0000000080700000|100%| O|  |TAMS 0x0000000080700000, 0x0000000080600000| Untracked 
|   7|0x0000000080700000, 0x0000000080800000, 0x0000000080800000|100%| O|  |TAMS 0x0000000080800000, 0x0000000080700000| Untracked 
|   8|0x0000000080800000, 0x0000000080900000, 0x0000000080900000|100%| O|  |TAMS 0x0000000080900000, 0x0000000080800000| Untracked 
|   9|0x0000000080900000, 0x0000000080a00000, 0x0000000080a00000|100%| O|  |TAMS 0x0000000080a00000, 0x0000000080900000| Untracked 
|  10|0x0000000080a00000, 0x0000000080b00000, 0x0000000080b00000|100%| O|  |TAMS 0x0000000080b00000, 0x0000000080a00000| Untracked 
|  11|0x0000000080b00000, 0x0000000080c00000, 0x0000000080c00000|100%| O|  |TAMS 0x0000000080c00000, 0x0000000080b00000| Untracked 
|  12|0x0000000080c00000, 0x0000000080d00000, 0x0000000080d00000|100%| O|  |TAMS 0x0000000080d00000, 0x0000000080c00000| Untracked 
|  13|0x0000000080d00000, 0x0000000080e00000, 0x0000000080e00000|100%| O|  |TAMS 0x0000000080e00000, 0x0000000080d00000| Untracked 
|  14|0x0000000080e00000, 0x0000000080f00000, 0x0000000080f00000|100%| O|  |TAMS 0x0000000080f00000, 0x0000000080e00000| Untracked 
|  15|0x0000000080f00000, 0x0000000081000000, 0x0000000081000000|100%| O|  |TAMS 0x0000000081000000, 0x0000000080f00000| Untracked 
|  16|0x0000000081000000, 0x0000000081100000, 0x0000000081100000|100%|HS|  |TAMS 0x0000000081100000, 0x0000000081000000| Complete 
|  17|0x0000000081100000, 0x0000000081200000, 0x0000000081200000|100%|HC|  |TAMS 0x0000000081200000, 0x0000000081100000| Complete 
|  18|0x0000000081200000, 0x0000000081300000, 0x0000000081300000|100%|HS|  |TAMS 0x0000000081300000, 0x0000000081200000| Complete 
|  19|0x0000000081300000, 0x0000000081400000, 0x0000000081400000|100%|HC|  |TAMS 0x0000000081400000, 0x0000000081300000| Complete 
|  20|0x0000000081400000, 0x0000000081500000, 0x0000000081500000|100%|HC|  |TAMS 0x0000000081500000, 0x0000000081400000| Complete 
|  21|0x0000000081500000, 0x0000000081600000, 0x0000000081600000|100%|HS|  |TAMS 0x0000000081600000, 0x0000000081500000| Complete 
|  22|0x0000000081600000, 0x0000000081700000, 0x0000000081700000|100%|HC|  |TAMS 0x0000000081700000, 0x0000000081600000| Complete 
|  23|0x0000000081700000, 0x0000000081800000, 0x0000000081800000|100%|HC|  |TAMS 0x0000000081800000, 0x0000000081700000| Complete 
|  24|0x0000000081800000, 0x0000000081900000, 0x0000000081900000|100%|HC|  |TAMS 0x0000000081900000, 0x0000000081800000| Complete 
|  25|0x0000000081900000, 0x0000000081a00000, 0x0000000081a00000|100%| O|  |TAMS 0x0000000081a00000, 0x0000000081900000| Untracked 
|  26|0x0000000081a00000, 0x0000000081b00000, 0x0000000081b00000|100%| O|  |TAMS 0x0000000081b00000, 0x0000000081a00000| Untracked 
|  27|0x0000000081b00000, 0x0000000081c00000, 0x0000000081c00000|100%| O|  |TAMS 0x0000000081c00000, 0x0000000081b00000| Untracked 
|  28|0x0000000081c00000, 0x0000000081d00000, 0x0000000081d00000|100%| O|  |TAMS 0x0000000081d00000, 0x0000000081c00000| Untracked 
|  29|0x0000000081d00000, 0x0000000081e00000, 0x0000000081e00000|100%| O|  |TAMS 0x0000000081e00000, 0x0000000081d00000| Untracked 
|  30|0x0000000081e00000, 0x0000000081f00000, 0x0000000081f00000|100%| O|  |TAMS 0x0000000081f00000, 0x0000000081e00000| Untracked 
|  31|0x0000000081f00000, 0x0000000082000000, 0x0000000082000000|100%| O|  |TAMS 0x0000000082000000, 0x0000000081f00000| Untracked 
|  32|0x0000000082000000, 0x0000000082100000, 0x0000000082100000|100%| O|  |TAMS 0x0000000082100000, 0x0000000082000000| Untracked 
|  33|0x0000000082100000, 0x0000000082200000, 0x0000000082200000|100%|HS|  |TAMS 0x0000000082200000, 0x0000000082100000| Complete 
|  34|0x0000000082200000, 0x0000000082300000, 0x0000000082300000|100%|HC|  |TAMS 0x0000000082300000, 0x0000000082200000| Complete 
|  35|0x0000000082300000, 0x0000000082400000, 0x0000000082400000|100%|HC|  |TAMS 0x0000000082400000, 0x0000000082300000| Complete 
|  36|0x0000000082400000, 0x0000000082500000, 0x0000000082500000|100%|HS|  |TAMS 0x0000000082500000, 0x0000000082400000| Complete 
|  37|0x0000000082500000, 0x0000000082600000, 0x0000000082600000|100%|HC|  |TAMS 0x0000000082600000, 0x0000000082500000| Complete 
|  38|0x0000000082600000, 0x0000000082700000, 0x0000000082700000|100%|HC|  |TAMS 0x0000000082700000, 0x0000000082600000| Complete 
|  39|0x0000000082700000, 0x0000000082800000, 0x0000000082800000|100%|HC|  |TAMS 0x0000000082800000, 0x0000000082700000| Complete 
|  40|0x0000000082800000, 0x0000000082900000, 0x0000000082900000|100%| O|  |TAMS 0x0000000082900000, 0x0000000082800000| Untracked 
|  41|0x0000000082900000, 0x0000000082a00000, 0x0000000082a00000|100%| O|  |TAMS 0x0000000082a00000, 0x0000000082900000| Untracked 
|  42|0x0000000082a00000, 0x0000000082b00000, 0x0000000082b00000|100%| O|  |TAMS 0x0000000082b00000, 0x0000000082a00000| Untracked 
|  43|0x0000000082b00000, 0x0000000082c00000, 0x0000000082c00000|100%| O|  |TAMS 0x0000000082c00000, 0x0000000082b00000| Untracked 
|  44|0x0000000082c00000, 0x0000000082d00000, 0x0000000082d00000|100%| O|  |TAMS 0x0000000082d00000, 0x0000000082c00000| Untracked 
|  45|0x0000000082d00000, 0x0000000082e00000, 0x0000000082e00000|100%| O|  |TAMS 0x0000000082e00000, 0x0000000082d00000| Untracked 
|  46|0x0000000082e00000, 0x0000000082f00000, 0x0000000082f00000|100%| O|  |TAMS 0x0000000082f00000, 0x0000000082e00000| Untracked 
|  47|0x0000000082f00000, 0x0000000083000000, 0x0000000083000000|100%| O|  |TAMS 0x0000000083000000, 0x0000000082f00000| Untracked 
|  48|0x0000000083000000, 0x0000000083100000, 0x0000000083100000|100%| O|  |TAMS 0x0000000083100000, 0x0000000083000000| Untracked 
|  49|0x0000000083100000, 0x0000000083200000, 0x0000000083200000|100%| O|  |TAMS 0x0000000083200000, 0x0000000083100000| Untracked 
|  50|0x0000000083200000, 0x0000000083300000, 0x0000000083300000|100%|HS|  |TAMS 0x0000000083300000, 0x0000000083200000| Complete 
|  51|0x0000000083300000, 0x0000000083400000, 0x0000000083400000|100%|HS|  |TAMS 0x0000000083400000, 0x0000000083300000| Complete 
|  52|0x0000000083400000, 0x0000000083500000, 0x0000000083500000|100%|HC|  |TAMS 0x0000000083500000, 0x0000000083400000| Complete 
|  53|0x0000000083500000, 0x0000000083600000, 0x0000000083600000|100%| O|  |TAMS 0x0000000083600000, 0x0000000083500000| Untracked 
|  54|0x0000000083600000, 0x0000000083700000, 0x0000000083700000|100%| O|  |TAMS 0x0000000083700000, 0x0000000083600000| Untracked 
|  55|0x0000000083700000, 0x0000000083800000, 0x0000000083800000|100%| O|  |TAMS 0x0000000083800000, 0x0000000083700000| Untracked 
|  56|0x0000000083800000, 0x0000000083900000, 0x0000000083900000|100%| O|  |TAMS 0x0000000083900000, 0x0000000083800000| Untracked 
|  57|0x0000000083900000, 0x0000000083a00000, 0x0000000083a00000|100%| O|  |TAMS 0x0000000083a00000, 0x0000000083900000| Untracked 
|  58|0x0000000083a00000, 0x0000000083b00000, 0x0000000083b00000|100%| O|  |TAMS 0x0000000083b00000, 0x0000000083a00000| Untracked 
|  59|0x0000000083b00000, 0x0000000083c00000, 0x0000000083c00000|100%| O|  |TAMS 0x0000000083c00000, 0x0000000083b00000| Untracked 
|  60|0x0000000083c00000, 0x0000000083d00000, 0x0000000083d00000|100%| O|  |TAMS 0x0000000083d00000, 0x0000000083c00000| Untracked 
|  61|0x0000000083d00000, 0x0000000083e00000, 0x0000000083e00000|100%| O|  |TAMS 0x0000000083e00000, 0x0000000083d00000| Untracked 
|  62|0x0000000083e00000, 0x0000000083f00000, 0x0000000083f00000|100%| O|  |TAMS 0x0000000083f00000, 0x0000000083e00000| Untracked 
|  63|0x0000000083f00000, 0x0000000084000000, 0x0000000084000000|100%| O|  |TAMS 0x0000000084000000, 0x0000000083f00000| Untracked 
|  64|0x0000000084000000, 0x0000000084100000, 0x0000000084100000|100%| O|  |TAMS 0x0000000084100000, 0x0000000084000000| Untracked 
|  65|0x0000000084100000, 0x0000000084200000, 0x0000000084200000|100%| O|  |TAMS 0x0000000084200000, 0x0000000084100000| Untracked 
|  66|0x0000000084200000, 0x0000000084300000, 0x0000000084300000|100%| O|  |TAMS 0x0000000084300000, 0x0000000084200000| Untracked 
|  67|0x0000000084300000, 0x0000000084400000, 0x0000000084400000|100%| O|  |TAMS 0x0000000084400000, 0x0000000084300000| Untracked 
|  68|0x0000000084400000, 0x0000000084500000, 0x0000000084500000|100%| O|  |TAMS 0x0000000084500000, 0x0000000084400000| Untracked 
|  69|0x0000000084500000, 0x0000000084600000, 0x0000000084600000|100%| O|  |TAMS 0x0000000084600000, 0x0000000084500000| Untracked 
|  70|0x0000000084600000, 0x0000000084700000, 0x0000000084700000|100%| O|  |TAMS 0x0000000084700000, 0x0000000084600000| Untracked 
|  71|0x0000000084700000, 0x0000000084800000, 0x0000000084800000|100%| O|  |TAMS 0x0000000084800000, 0x0000000084700000| Untracked 
|  72|0x0000000084800000, 0x0000000084900000, 0x0000000084900000|100%| O|  |TAMS 0x0000000084900000, 0x0000000084800000| Untracked 
|  73|0x0000000084900000, 0x0000000084a00000, 0x0000000084a00000|100%| O|  |TAMS 0x0000000084a00000, 0x0000000084900000| Untracked 
|  74|0x0000000084a00000, 0x0000000084b00000, 0x0000000084b00000|100%| O|  |TAMS 0x0000000084b00000, 0x0000000084a00000| Untracked 
|  75|0x0000000084b00000, 0x0000000084c00000, 0x0000000084c00000|100%| O|  |TAMS 0x0000000084c00000, 0x0000000084b00000| Untracked 
|  76|0x0000000084c00000, 0x0000000084d00000, 0x0000000084d00000|100%| O|  |TAMS 0x0000000084d00000, 0x0000000084c00000| Untracked 
|  77|0x0000000084d00000, 0x0000000084e00000, 0x0000000084e00000|100%| O|  |TAMS 0x0000000084e00000, 0x0000000084d00000| Untracked 
|  78|0x0000000084e00000, 0x0000000084f00000, 0x0000000084f00000|100%| O|  |TAMS 0x0000000084f00000, 0x0000000084e00000| Untracked 
|  79|0x0000000084f00000, 0x0000000085000000, 0x0000000085000000|100%| O|  |TAMS 0x0000000085000000, 0x0000000084f00000| Untracked 
|  80|0x0000000085000000, 0x0000000085100000, 0x0000000085100000|100%| O|  |TAMS 0x0000000085100000, 0x0000000085000000| Untracked 
|  81|0x0000000085100000, 0x0000000085200000, 0x0000000085200000|100%| O|  |TAMS 0x0000000085200000, 0x0000000085100000| Untracked 
|  82|0x0000000085200000, 0x0000000085300000, 0x0000000085300000|100%| O|  |TAMS 0x0000000085300000, 0x0000000085200000| Untracked 
|  83|0x0000000085300000, 0x0000000085400000, 0x0000000085400000|100%| O|  |TAMS 0x0000000085400000, 0x0000000085300000| Untracked 
|  84|0x0000000085400000, 0x0000000085500000, 0x0000000085500000|100%| O|  |TAMS 0x0000000085500000, 0x0000000085400000| Untracked 
|  85|0x0000000085500000, 0x0000000085600000, 0x0000000085600000|100%| O|  |TAMS 0x0000000085600000, 0x0000000085500000| Untracked 
|  86|0x0000000085600000, 0x0000000085700000, 0x0000000085700000|100%| O|  |TAMS 0x0000000085700000, 0x0000000085600000| Untracked 
|  87|0x0000000085700000, 0x0000000085800000, 0x0000000085800000|100%| O|  |TAMS 0x0000000085800000, 0x0000000085700000| Untracked 
|  88|0x0000000085800000, 0x0000000085900000, 0x0000000085900000|100%| O|  |TAMS 0x0000000085900000, 0x0000000085800000| Untracked 
|  89|0x0000000085900000, 0x0000000085a00000, 0x0000000085a00000|100%| O|  |TAMS 0x0000000085a00000, 0x0000000085900000| Untracked 
|  90|0x0000000085a00000, 0x0000000085b00000, 0x0000000085b00000|100%| O|  |TAMS 0x0000000085b00000, 0x0000000085a00000| Untracked 
|  91|0x0000000085b00000, 0x0000000085c00000, 0x0000000085c00000|100%| O|  |TAMS 0x0000000085c00000, 0x0000000085b00000| Untracked 
|  92|0x0000000085c00000, 0x0000000085d00000, 0x0000000085d00000|100%| O|  |TAMS 0x0000000085d00000, 0x0000000085c00000| Untracked 
|  93|0x0000000085d00000, 0x0000000085e00000, 0x0000000085e00000|100%| O|  |TAMS 0x0000000085e00000, 0x0000000085d00000| Untracked 
|  94|0x0000000085e00000, 0x0000000085f00000, 0x0000000085f00000|100%| O|  |TAMS 0x0000000085f00000, 0x0000000085e00000| Untracked 
|  95|0x0000000085f00000, 0x0000000086000000, 0x0000000086000000|100%| O|  |TAMS 0x0000000086000000, 0x0000000085f00000| Untracked 
|  96|0x0000000086000000, 0x0000000086100000, 0x0000000086100000|100%| O|  |TAMS 0x0000000086100000, 0x0000000086000000| Untracked 
|  97|0x0000000086100000, 0x0000000086200000, 0x0000000086200000|100%| O|  |TAMS 0x0000000086200000, 0x0000000086100000| Untracked 
|  98|0x0000000086200000, 0x0000000086300000, 0x0000000086300000|100%| O|  |TAMS 0x0000000086300000, 0x0000000086200000| Untracked 
|  99|0x0000000086300000, 0x0000000086400000, 0x0000000086400000|100%| O|  |TAMS 0x000000008636f000, 0x0000000086300000| Untracked 
| 100|0x0000000086400000, 0x0000000086400000, 0x0000000086500000|  0%| F|  |TAMS 0x0000000086400000, 0x0000000086400000| Untracked 
| 101|0x0000000086500000, 0x0000000086600000, 0x0000000086600000|100%| O|  |TAMS 0x0000000086500000, 0x0000000086500000| Untracked 
| 102|0x0000000086600000, 0x0000000086700000, 0x0000000086700000|100%| O|  |TAMS 0x0000000086600000, 0x0000000086600000| Untracked 
| 103|0x0000000086700000, 0x0000000086800000, 0x0000000086800000|100%| O|  |TAMS 0x0000000086700000, 0x0000000086700000| Untracked 
| 104|0x0000000086800000, 0x0000000086875e00, 0x0000000086900000| 46%| O|  |TAMS 0x0000000086800000, 0x0000000086800000| Untracked 
| 105|0x0000000086900000, 0x0000000086900000, 0x0000000086a00000|  0%| F|  |TAMS 0x0000000086900000, 0x0000000086900000| Untracked 
| 106|0x0000000086a00000, 0x0000000086a00000, 0x0000000086b00000|  0%| F|  |TAMS 0x0000000086a00000, 0x0000000086a00000| Untracked 
| 107|0x0000000086b00000, 0x0000000086b00000, 0x0000000086c00000|  0%| F|  |TAMS 0x0000000086b00000, 0x0000000086b00000| Untracked 
| 108|0x0000000086c00000, 0x0000000086c00000, 0x0000000086d00000|  0%| F|  |TAMS 0x0000000086c00000, 0x0000000086c00000| Untracked 
| 109|0x0000000086d00000, 0x0000000086d00000, 0x0000000086e00000|  0%| F|  |TAMS 0x0000000086d00000, 0x0000000086d00000| Untracked 
| 110|0x0000000086e00000, 0x0000000086e00000, 0x0000000086f00000|  0%| F|  |TAMS 0x0000000086e00000, 0x0000000086e00000| Untracked 
| 111|0x0000000086f00000, 0x0000000086f00000, 0x0000000087000000|  0%| F|  |TAMS 0x0000000086f00000, 0x0000000086f00000| Untracked 
| 112|0x0000000087000000, 0x0000000087000000, 0x0000000087100000|  0%| F|  |TAMS 0x0000000087000000, 0x0000000087000000| Untracked 
| 113|0x0000000087100000, 0x0000000087100000, 0x0000000087200000|  0%| F|  |TAMS 0x0000000087100000, 0x0000000087100000| Untracked 
| 114|0x0000000087200000, 0x0000000087200000, 0x0000000087300000|  0%| F|  |TAMS 0x0000000087200000, 0x0000000087200000| Untracked 
| 115|0x0000000087300000, 0x0000000087300000, 0x0000000087400000|  0%| F|  |TAMS 0x0000000087300000, 0x0000000087300000| Untracked 
| 116|0x0000000087400000, 0x0000000087400000, 0x0000000087500000|  0%| F|  |TAMS 0x0000000087400000, 0x0000000087400000| Untracked 
| 117|0x0000000087500000, 0x0000000087500000, 0x0000000087600000|  0%| F|  |TAMS 0x0000000087500000, 0x0000000087500000| Untracked 
| 118|0x0000000087600000, 0x0000000087600000, 0x0000000087700000|  0%| F|  |TAMS 0x0000000087600000, 0x0000000087600000| Untracked 
| 119|0x0000000087700000, 0x0000000087700000, 0x0000000087800000|  0%| F|  |TAMS 0x0000000087700000, 0x0000000087700000| Untracked 
| 120|0x0000000087800000, 0x0000000087800000, 0x0000000087900000|  0%| F|  |TAMS 0x0000000087800000, 0x0000000087800000| Untracked 
| 121|0x0000000087900000, 0x0000000087900000, 0x0000000087a00000|  0%| F|  |TAMS 0x0000000087900000, 0x0000000087900000| Untracked 
| 122|0x0000000087a00000, 0x0000000087a00000, 0x0000000087b00000|  0%| F|  |TAMS 0x0000000087a00000, 0x0000000087a00000| Untracked 
| 123|0x0000000087b00000, 0x0000000087b00000, 0x0000000087c00000|  0%| F|  |TAMS 0x0000000087b00000, 0x0000000087b00000| Untracked 
| 124|0x0000000087c00000, 0x0000000087c00000, 0x0000000087d00000|  0%| F|  |TAMS 0x0000000087c00000, 0x0000000087c00000| Untracked 
| 125|0x0000000087d00000, 0x0000000087d00000, 0x0000000087e00000|  0%| F|  |TAMS 0x0000000087d00000, 0x0000000087d00000| Untracked 
| 126|0x0000000087e00000, 0x0000000087e00000, 0x0000000087f00000|  0%| F|  |TAMS 0x0000000087e00000, 0x0000000087e00000| Untracked 
| 127|0x0000000087f00000, 0x0000000087f00000, 0x0000000088000000|  0%| F|  |TAMS 0x0000000087f00000, 0x0000000087f00000| Untracked 
| 128|0x0000000088000000, 0x0000000088000000, 0x0000000088100000|  0%| F|  |TAMS 0x0000000088000000, 0x0000000088000000| Untracked 
| 129|0x0000000088100000, 0x0000000088100000, 0x0000000088200000|  0%| F|  |TAMS 0x0000000088100000, 0x0000000088100000| Untracked 
| 130|0x0000000088200000, 0x0000000088200000, 0x0000000088300000|  0%| F|  |TAMS 0x0000000088200000, 0x0000000088200000| Untracked 
| 131|0x0000000088300000, 0x0000000088300000, 0x0000000088400000|  0%| F|  |TAMS 0x0000000088300000, 0x0000000088300000| Untracked 
| 132|0x0000000088400000, 0x0000000088400000, 0x0000000088500000|  0%| F|  |TAMS 0x0000000088400000, 0x0000000088400000| Untracked 
| 133|0x0000000088500000, 0x0000000088500000, 0x0000000088600000|  0%| F|  |TAMS 0x0000000088500000, 0x0000000088500000| Untracked 
| 134|0x0000000088600000, 0x00000000886be240, 0x0000000088700000| 74%| S|CS|TAMS 0x0000000088600000, 0x0000000088600000| Complete 
| 135|0x0000000088700000, 0x0000000088800000, 0x0000000088800000|100%| S|CS|TAMS 0x0000000088700000, 0x0000000088700000| Complete 
| 136|0x0000000088800000, 0x0000000088900000, 0x0000000088900000|100%| S|CS|TAMS 0x0000000088800000, 0x0000000088800000| Complete 
| 137|0x0000000088900000, 0x0000000088a00000, 0x0000000088a00000|100%| S|CS|TAMS 0x0000000088900000, 0x0000000088900000| Complete 
| 138|0x0000000088a00000, 0x0000000088b00000, 0x0000000088b00000|100%| S|CS|TAMS 0x0000000088a00000, 0x0000000088a00000| Complete 
| 139|0x0000000088b00000, 0x0000000088c00000, 0x0000000088c00000|100%| S|CS|TAMS 0x0000000088b00000, 0x0000000088b00000| Complete 
| 140|0x0000000088c00000, 0x0000000088d00000, 0x0000000088d00000|100%| S|CS|TAMS 0x0000000088c00000, 0x0000000088c00000| Complete 
| 141|0x0000000088d00000, 0x0000000088e00000, 0x0000000088e00000|100%| S|CS|TAMS 0x0000000088d00000, 0x0000000088d00000| Complete 
| 142|0x0000000088e00000, 0x0000000088f00000, 0x0000000088f00000|100%| S|CS|TAMS 0x0000000088e00000, 0x0000000088e00000| Complete 
| 143|0x0000000088f00000, 0x0000000088f00000, 0x0000000089000000|  0%| F|  |TAMS 0x0000000088f00000, 0x0000000088f00000| Untracked 
| 144|0x0000000089000000, 0x0000000089000000, 0x0000000089100000|  0%| F|  |TAMS 0x0000000089000000, 0x0000000089000000| Untracked 
| 145|0x0000000089100000, 0x0000000089100000, 0x0000000089200000|  0%| F|  |TAMS 0x0000000089100000, 0x0000000089100000| Untracked 
| 146|0x0000000089200000, 0x0000000089200000, 0x0000000089300000|  0%| F|  |TAMS 0x0000000089200000, 0x0000000089200000| Untracked 
| 147|0x0000000089300000, 0x0000000089300000, 0x0000000089400000|  0%| F|  |TAMS 0x0000000089300000, 0x0000000089300000| Untracked 
| 148|0x0000000089400000, 0x0000000089400000, 0x0000000089500000|  0%| F|  |TAMS 0x0000000089400000, 0x0000000089400000| Untracked 
| 149|0x0000000089500000, 0x0000000089500000, 0x0000000089600000|  0%| F|  |TAMS 0x0000000089500000, 0x0000000089500000| Untracked 
| 150|0x0000000089600000, 0x0000000089600000, 0x0000000089700000|  0%| F|  |TAMS 0x0000000089600000, 0x0000000089600000| Untracked 
| 151|0x0000000089700000, 0x0000000089700000, 0x0000000089800000|  0%| F|  |TAMS 0x0000000089700000, 0x0000000089700000| Untracked 
| 152|0x0000000089800000, 0x0000000089800000, 0x0000000089900000|  0%| F|  |TAMS 0x0000000089800000, 0x0000000089800000| Untracked 
| 153|0x0000000089900000, 0x0000000089900000, 0x0000000089a00000|  0%| F|  |TAMS 0x0000000089900000, 0x0000000089900000| Untracked 
| 154|0x0000000089a00000, 0x0000000089a00000, 0x0000000089b00000|  0%| F|  |TAMS 0x0000000089a00000, 0x0000000089a00000| Untracked 
| 155|0x0000000089b00000, 0x0000000089b00000, 0x0000000089c00000|  0%| F|  |TAMS 0x0000000089b00000, 0x0000000089b00000| Untracked 
| 156|0x0000000089c00000, 0x0000000089c00000, 0x0000000089d00000|  0%| F|  |TAMS 0x0000000089c00000, 0x0000000089c00000| Untracked 
| 157|0x0000000089d00000, 0x0000000089d00000, 0x0000000089e00000|  0%| F|  |TAMS 0x0000000089d00000, 0x0000000089d00000| Untracked 
| 158|0x0000000089e00000, 0x0000000089e00000, 0x0000000089f00000|  0%| F|  |TAMS 0x0000000089e00000, 0x0000000089e00000| Untracked 
| 159|0x0000000089f00000, 0x0000000089f00000, 0x000000008a000000|  0%| F|  |TAMS 0x0000000089f00000, 0x0000000089f00000| Untracked 
| 160|0x000000008a000000, 0x000000008a000000, 0x000000008a100000|  0%| F|  |TAMS 0x000000008a000000, 0x000000008a000000| Untracked 
| 161|0x000000008a100000, 0x000000008a100000, 0x000000008a200000|  0%| F|  |TAMS 0x000000008a100000, 0x000000008a100000| Untracked 
| 162|0x000000008a200000, 0x000000008a200000, 0x000000008a300000|  0%| F|  |TAMS 0x000000008a200000, 0x000000008a200000| Untracked 
| 163|0x000000008a300000, 0x000000008a300000, 0x000000008a400000|  0%| F|  |TAMS 0x000000008a300000, 0x000000008a300000| Untracked 
| 164|0x000000008a400000, 0x000000008a400000, 0x000000008a500000|  0%| F|  |TAMS 0x000000008a400000, 0x000000008a400000| Untracked 
| 165|0x000000008a500000, 0x000000008a500000, 0x000000008a600000|  0%| F|  |TAMS 0x000000008a500000, 0x000000008a500000| Untracked 
| 166|0x000000008a600000, 0x000000008a600000, 0x000000008a700000|  0%| F|  |TAMS 0x000000008a600000, 0x000000008a600000| Untracked 
| 167|0x000000008a700000, 0x000000008a700000, 0x000000008a800000|  0%| F|  |TAMS 0x000000008a700000, 0x000000008a700000| Untracked 
| 168|0x000000008a800000, 0x000000008a800000, 0x000000008a900000|  0%| F|  |TAMS 0x000000008a800000, 0x000000008a800000| Untracked 
| 169|0x000000008a900000, 0x000000008a900000, 0x000000008aa00000|  0%| F|  |TAMS 0x000000008a900000, 0x000000008a900000| Untracked 
| 170|0x000000008aa00000, 0x000000008aa00000, 0x000000008ab00000|  0%| F|  |TAMS 0x000000008aa00000, 0x000000008aa00000| Untracked 
| 171|0x000000008ab00000, 0x000000008ab00000, 0x000000008ac00000|  0%| F|  |TAMS 0x000000008ab00000, 0x000000008ab00000| Untracked 
| 172|0x000000008ac00000, 0x000000008ac00000, 0x000000008ad00000|  0%| F|  |TAMS 0x000000008ac00000, 0x000000008ac00000| Untracked 
| 173|0x000000008ad00000, 0x000000008ad00000, 0x000000008ae00000|  0%| F|  |TAMS 0x000000008ad00000, 0x000000008ad00000| Untracked 
| 174|0x000000008ae00000, 0x000000008ae00000, 0x000000008af00000|  0%| F|  |TAMS 0x000000008ae00000, 0x000000008ae00000| Untracked 
| 175|0x000000008af00000, 0x000000008af00000, 0x000000008b000000|  0%| F|  |TAMS 0x000000008af00000, 0x000000008af00000| Untracked 
| 176|0x000000008b000000, 0x000000008b000000, 0x000000008b100000|  0%| F|  |TAMS 0x000000008b000000, 0x000000008b000000| Untracked 
| 177|0x000000008b100000, 0x000000008b100000, 0x000000008b200000|  0%| F|  |TAMS 0x000000008b100000, 0x000000008b100000| Untracked 
| 178|0x000000008b200000, 0x000000008b2cea28, 0x000000008b300000| 80%| E|  |TAMS 0x000000008b200000, 0x000000008b200000| Complete 
| 179|0x000000008b300000, 0x000000008b400000, 0x000000008b400000|100%| E|CS|TAMS 0x000000008b300000, 0x000000008b300000| Complete 
| 180|0x000000008b400000, 0x000000008b500000, 0x000000008b500000|100%| E|CS|TAMS 0x000000008b400000, 0x000000008b400000| Complete 
| 181|0x000000008b500000, 0x000000008b600000, 0x000000008b600000|100%| E|CS|TAMS 0x000000008b500000, 0x000000008b500000| Complete 
| 182|0x000000008b600000, 0x000000008b700000, 0x000000008b700000|100%| E|CS|TAMS 0x000000008b600000, 0x000000008b600000| Complete 
| 183|0x000000008b700000, 0x000000008b800000, 0x000000008b800000|100%| E|CS|TAMS 0x000000008b700000, 0x000000008b700000| Complete 
| 184|0x000000008b800000, 0x000000008b900000, 0x000000008b900000|100%| E|CS|TAMS 0x000000008b800000, 0x000000008b800000| Complete 
| 185|0x000000008b900000, 0x000000008ba00000, 0x000000008ba00000|100%| E|CS|TAMS 0x000000008b900000, 0x000000008b900000| Complete 
| 186|0x000000008ba00000, 0x000000008bb00000, 0x000000008bb00000|100%| E|CS|TAMS 0x000000008ba00000, 0x000000008ba00000| Complete 
| 187|0x000000008bb00000, 0x000000008bc00000, 0x000000008bc00000|100%| E|CS|TAMS 0x000000008bb00000, 0x000000008bb00000| Complete 
| 188|0x000000008bc00000, 0x000000008bd00000, 0x000000008bd00000|100%| E|CS|TAMS 0x000000008bc00000, 0x000000008bc00000| Complete 
| 189|0x000000008bd00000, 0x000000008be00000, 0x000000008be00000|100%| E|CS|TAMS 0x000000008bd00000, 0x000000008bd00000| Complete 
| 190|0x000000008be00000, 0x000000008bf00000, 0x000000008bf00000|100%| E|CS|TAMS 0x000000008be00000, 0x000000008be00000| Complete 
| 191|0x000000008bf00000, 0x000000008c000000, 0x000000008c000000|100%| E|CS|TAMS 0x000000008bf00000, 0x000000008bf00000| Complete 
| 192|0x000000008c000000, 0x000000008c100000, 0x000000008c100000|100%| E|CS|TAMS 0x000000008c000000, 0x000000008c000000| Complete 
| 193|0x000000008c100000, 0x000000008c200000, 0x000000008c200000|100%| E|CS|TAMS 0x000000008c100000, 0x000000008c100000| Complete 
| 194|0x000000008c200000, 0x000000008c300000, 0x000000008c300000|100%| E|CS|TAMS 0x000000008c200000, 0x000000008c200000| Complete 
| 195|0x000000008c300000, 0x000000008c400000, 0x000000008c400000|100%| E|CS|TAMS 0x000000008c300000, 0x000000008c300000| Complete 
| 196|0x000000008c400000, 0x000000008c500000, 0x000000008c500000|100%| E|CS|TAMS 0x000000008c400000, 0x000000008c400000| Complete 
| 197|0x000000008c500000, 0x000000008c600000, 0x000000008c600000|100%| E|CS|TAMS 0x000000008c500000, 0x000000008c500000| Complete 
| 198|0x000000008c600000, 0x000000008c700000, 0x000000008c700000|100%| E|CS|TAMS 0x000000008c600000, 0x000000008c600000| Complete 
| 199|0x000000008c700000, 0x000000008c800000, 0x000000008c800000|100%| E|CS|TAMS 0x000000008c700000, 0x000000008c700000| Complete 
| 200|0x000000008c800000, 0x000000008c900000, 0x000000008c900000|100%| E|CS|TAMS 0x000000008c800000, 0x000000008c800000| Complete 
| 201|0x000000008c900000, 0x000000008ca00000, 0x000000008ca00000|100%| E|CS|TAMS 0x000000008c900000, 0x000000008c900000| Complete 
| 202|0x000000008ca00000, 0x000000008cb00000, 0x000000008cb00000|100%| E|CS|TAMS 0x000000008ca00000, 0x000000008ca00000| Complete 
| 203|0x000000008cb00000, 0x000000008cc00000, 0x000000008cc00000|100%| E|CS|TAMS 0x000000008cb00000, 0x000000008cb00000| Complete 
| 204|0x000000008cc00000, 0x000000008cd00000, 0x000000008cd00000|100%| E|CS|TAMS 0x000000008cc00000, 0x000000008cc00000| Complete 
| 205|0x000000008cd00000, 0x000000008ce00000, 0x000000008ce00000|100%| E|CS|TAMS 0x000000008cd00000, 0x000000008cd00000| Complete 
| 206|0x000000008ce00000, 0x000000008cf00000, 0x000000008cf00000|100%| E|CS|TAMS 0x000000008ce00000, 0x000000008ce00000| Complete 
| 207|0x000000008cf00000, 0x000000008d000000, 0x000000008d000000|100%| E|CS|TAMS 0x000000008cf00000, 0x000000008cf00000| Complete 
| 208|0x000000008d000000, 0x000000008d100000, 0x000000008d100000|100%| E|CS|TAMS 0x000000008d000000, 0x000000008d000000| Complete 
| 209|0x000000008d100000, 0x000000008d200000, 0x000000008d200000|100%| E|CS|TAMS 0x000000008d100000, 0x000000008d100000| Complete 
| 210|0x000000008d200000, 0x000000008d300000, 0x000000008d300000|100%| E|CS|TAMS 0x000000008d200000, 0x000000008d200000| Complete 
| 211|0x000000008d300000, 0x000000008d400000, 0x000000008d400000|100%| E|CS|TAMS 0x000000008d300000, 0x000000008d300000| Complete 
| 212|0x000000008d400000, 0x000000008d500000, 0x000000008d500000|100%| E|CS|TAMS 0x000000008d400000, 0x000000008d400000| Complete 
| 213|0x000000008d500000, 0x000000008d600000, 0x000000008d600000|100%| E|CS|TAMS 0x000000008d500000, 0x000000008d500000| Complete 
| 214|0x000000008d600000, 0x000000008d700000, 0x000000008d700000|100%| E|CS|TAMS 0x000000008d600000, 0x000000008d600000| Complete 
| 215|0x000000008d700000, 0x000000008d800000, 0x000000008d800000|100%| E|CS|TAMS 0x000000008d700000, 0x000000008d700000| Complete 
| 216|0x000000008d800000, 0x000000008d900000, 0x000000008d900000|100%| E|CS|TAMS 0x000000008d800000, 0x000000008d800000| Complete 
| 217|0x000000008d900000, 0x000000008da00000, 0x000000008da00000|100%| E|CS|TAMS 0x000000008d900000, 0x000000008d900000| Complete 
| 218|0x000000008da00000, 0x000000008db00000, 0x000000008db00000|100%| E|CS|TAMS 0x000000008da00000, 0x000000008da00000| Complete 
| 219|0x000000008db00000, 0x000000008dc00000, 0x000000008dc00000|100%| E|CS|TAMS 0x000000008db00000, 0x000000008db00000| Complete 

Card table byte_map: [0x000001d232130000,0x000001d232530000] _byte_map_base: 0x000001d231d30000

Marking Bits (Prev, Next): (CMBitMap*) 0x000001d21f0acac0, (CMBitMap*) 0x000001d21f0aca88
 Prev Bits: [0x000001d234930000, 0x000001d236930000)
 Next Bits: [0x000001d232930000, 0x000001d234930000)

Polling page: 0x000001d21d030000

Metaspace:

Usage:
  Non-class:     90.85 MB capacity,    89.07 MB ( 98%) used,     1.51 MB (  2%) free+waste,   273.50 KB ( <1%) overhead. 
      Class:     13.88 MB capacity,    12.94 MB ( 93%) used,   834.55 KB (  6%) free+waste,   125.25 KB ( <1%) overhead. 
       Both:    104.72 MB capacity,   102.01 MB ( 97%) used,     2.32 MB (  2%) free+waste,   398.75 KB ( <1%) overhead. 

Virtual space:
  Non-class space:       92.00 MB reserved,      91.00 MB ( 99%) committed 
      Class space:        1.00 GB reserved,      13.95 MB (  1%) committed 
             Both:        1.09 GB reserved,     104.95 MB (  9%) committed 

Chunk freelists:
   Non-Class:  30.00 KB
       Class:  63.00 KB
        Both:  93.00 KB

MaxMetaspaceSize: 17179869184.00 GB
CompressedClassSpaceSize: 1.00 GB

CodeHeap 'non-profiled nmethods': size=120000Kb used=7455Kb max_used=7455Kb free=112544Kb
 bounds [0x000001d22a4c0000, 0x000001d22ac10000, 0x000001d2319f0000]
CodeHeap 'profiled nmethods': size=120000Kb used=26777Kb max_used=26777Kb free=93222Kb
 bounds [0x000001d222f90000, 0x000001d2249c0000, 0x000001d22a4c0000]
CodeHeap 'non-nmethods': size=5760Kb used=2320Kb max_used=2393Kb free=3440Kb
 bounds [0x000001d2229f0000, 0x000001d222c60000, 0x000001d222f90000]
 total_blobs=12964 nmethods=12035 adapters=839
 compilation: enabled
              stopped_count=0, restarted_count=0
 full_count=0

Compilation events (20 events):
Event: 90.054 Thread 0x000001d239bce000 nmethod 12446 0x000001d22abfe190 code [0x000001d22abfe340, 0x000001d22abfe3f8]
Event: 90.057 Thread 0x000001d239bce000 12447       3       sun.security.util.math.intpoly.IntegerPolynomial$ImmutableElement::<init> (12 bytes)
Event: 90.058 Thread 0x000001d239bc0800 12449       4       sun.security.ec.ECOperations::setDouble (559 bytes)
Event: 90.058 Thread 0x000001d239bce000 nmethod 12447 0x000001d2249b5790 code [0x000001d2249b5940, 0x000001d2249b5ac8]
Event: 90.058 Thread 0x000001d239bce000 12450       3       java.math.BigInteger::shiftLeft (148 bytes)
Event: 90.058 Thread 0x000001d239bce000 nmethod 12450 0x000001d2249b5b90 code [0x000001d2249b5d80, 0x000001d2249b6348]
Event: 90.058 Thread 0x000001d239bce000 12448       3       sun.security.util.math.intpoly.IntegerPolynomial$Element::<init> (40 bytes)
Event: 90.058 Thread 0x000001d239bce000 nmethod 12448 0x000001d2249b6610 code [0x000001d2249b67e0, 0x000001d2249b6b18]
Event: 90.060 Thread 0x000001d239bce000 12451       3       sun.security.util.math.intpoly.IntegerPolynomial$Element::mutable (5 bytes)
Event: 90.062 Thread 0x000001d239bce000 nmethod 12451 0x000001d2249b6c10 code [0x000001d2249b6e00, 0x000001d2249b7448]
Event: 90.062 Thread 0x000001d239bce000 12452       3       sun.security.util.math.intpoly.IntegerPolynomial$Element::mutable (26 bytes)
Event: 90.062 Thread 0x000001d239bce000 nmethod 12452 0x000001d2249b7610 code [0x000001d2249b7800, 0x000001d2249b7d88]
Event: 90.062 Thread 0x000001d239bce000 12453       3       sun.security.util.math.intpoly.IntegerPolynomial$MutableElement::<init> (13 bytes)
Event: 90.063 Thread 0x000001d239bce000 nmethod 12453 0x000001d2249b7f10 code [0x000001d2249b80e0, 0x000001d2249b83b8]
Event: 90.066 Thread 0x000001d239bce000 12454       3       java.security.MessageDigest::digest (49 bytes)
Event: 90.066 Thread 0x000001d239bce000 nmethod 12454 0x000001d2249b8490 code [0x000001d2249b8680, 0x000001d2249b8a48]
Event: 90.066 Thread 0x000001d239bce000 12455       3       java.security.MessageDigest$Delegate::engineDigest (11 bytes)
Event: 90.066 Thread 0x000001d239bce000 nmethod 12455 0x000001d2249b8b90 code [0x000001d2249b8d40, 0x000001d2249b8f08]
Event: 90.366 Thread 0x000001d239bc0800 nmethod 12449 0x000001d22abfe490 code [0x000001d22abfea80, 0x000001d22ac03ec0]
Event: 90.366 Thread 0x000001d239bc0800 12456       4       javax.management.ObjectName::construct (1135 bytes)

GC Heap History (20 events):
Event: 8.861 GC heap before
{Heap before GC invocations=18 (full 0):
 garbage-first heap   total 155648K, used 120801K [0x0000000080000000, 0x0000000100000000)
  region size 1024K, 47 young (48128K), 3 survivors (3072K)
 Metaspace       used 67499K, capacity 69217K, committed 69324K, reserved 1110016K
  class space    used 8802K, capacity 9368K, committed 9420K, reserved 1048576K
}
Event: 8.868 GC heap after
{Heap after GC invocations=19 (full 0):
 garbage-first heap   total 187392K, used 79811K [0x0000000080000000, 0x0000000100000000)
  region size 1024K, 6 young (6144K), 6 survivors (6144K)
 Metaspace       used 67499K, capacity 69217K, committed 69324K, reserved 1110016K
  class space    used 8802K, capacity 9368K, committed 9420K, reserved 1048576K
}
Event: 9.633 GC heap before
{Heap before GC invocations=20 (full 0):
 garbage-first heap   total 187392K, used 135107K [0x0000000080000000, 0x0000000100000000)
  region size 1024K, 61 young (62464K), 6 survivors (6144K)
 Metaspace       used 72517K, capacity 74428K, committed 74572K, reserved 1114112K
  class space    used 9418K, capacity 10049K, committed 10060K, reserved 1048576K
}
Event: 9.643 GC heap after
{Heap after GC invocations=21 (full 0):
 garbage-first heap   total 187392K, used 83207K [0x0000000080000000, 0x0000000100000000)
  region size 1024K, 7 young (7168K), 7 survivors (7168K)
 Metaspace       used 72517K, capacity 74428K, committed 74572K, reserved 1114112K
  class space    used 9418K, capacity 10049K, committed 10060K, reserved 1048576K
}
Event: 10.265 GC heap before
{Heap before GC invocations=21 (full 0):
 garbage-first heap   total 187392K, used 139527K [0x0000000080000000, 0x0000000100000000)
  region size 1024K, 62 young (63488K), 7 survivors (7168K)
 Metaspace       used 75763K, capacity 77768K, committed 78028K, reserved 1116160K
  class space    used 9912K, capacity 10609K, committed 10700K, reserved 1048576K
}
Event: 10.274 GC heap after
{Heap after GC invocations=22 (full 0):
 garbage-first heap   total 187392K, used 87211K [0x0000000080000000, 0x0000000100000000)
  region size 1024K, 7 young (7168K), 7 survivors (7168K)
 Metaspace       used 75763K, capacity 77768K, committed 78028K, reserved 1116160K
  class space    used 9912K, capacity 10609K, committed 10700K, reserved 1048576K
}
Event: 11.027 GC heap before
{Heap before GC invocations=22 (full 0):
 garbage-first heap   total 187392K, used 143531K [0x0000000080000000, 0x0000000100000000)
  region size 1024K, 62 young (63488K), 7 survivors (7168K)
 Metaspace       used 81909K, capacity 83897K, committed 84172K, reserved 1122304K
  class space    used 10747K, capacity 11444K, committed 11468K, reserved 1048576K
}
Event: 11.040 GC heap after
{Heap after GC invocations=23 (full 0):
 garbage-first heap   total 187392K, used 90044K [0x0000000080000000, 0x0000000100000000)
  region size 1024K, 7 young (7168K), 7 survivors (7168K)
 Metaspace       used 81909K, capacity 83897K, committed 84172K, reserved 1122304K
  class space    used 10747K, capacity 11444K, committed 11468K, reserved 1048576K
}
Event: 11.931 GC heap before
{Heap before GC invocations=23 (full 0):
 garbage-first heap   total 187392K, used 146364K [0x0000000080000000, 0x0000000100000000)
  region size 1024K, 62 young (63488K), 7 survivors (7168K)
 Metaspace       used 88677K, capacity 90789K, committed 91084K, reserved 1128448K
  class space    used 11590K, capacity 12366K, committed 12492K, reserved 1048576K
}
Event: 11.941 GC heap after
{Heap after GC invocations=24 (full 0):
 garbage-first heap   total 187392K, used 95219K [0x0000000080000000, 0x0000000100000000)
  region size 1024K, 8 young (8192K), 8 survivors (8192K)
 Metaspace       used 88677K, capacity 90789K, committed 91084K, reserved 1128448K
  class space    used 11590K, capacity 12366K, committed 12492K, reserved 1048576K
}
Event: 51.640 GC heap before
{Heap before GC invocations=24 (full 0):
 garbage-first heap   total 187392K, used 148467K [0x0000000080000000, 0x0000000100000000)
  region size 1024K, 61 young (62464K), 8 survivors (8192K)
 Metaspace       used 93947K, capacity 96418K, committed 96716K, reserved 1132544K
  class space    used 12276K, capacity 13198K, committed 13260K, reserved 1048576K
}
Event: 51.664 GC heap after
{Heap after GC invocations=25 (full 0):
 garbage-first heap   total 225280K, used 99747K [0x0000000080000000, 0x0000000100000000)
  region size 1024K, 6 young (6144K), 6 survivors (6144K)
 Metaspace       used 93947K, capacity 96418K, committed 96716K, reserved 1132544K
  class space    used 12276K, capacity 13198K, committed 13260K, reserved 1048576K
}
Event: 52.458 GC heap before
{Heap before GC invocations=26 (full 0):
 garbage-first heap   total 225280K, used 168355K [0x0000000080000000, 0x0000000100000000)
  region size 1024K, 74 young (75776K), 6 survivors (6144K)
 Metaspace       used 94299K, capacity 96730K, committed 96972K, reserved 1132544K
  class space    used 12274K, capacity 13189K, committed 13260K, reserved 1048576K
}
Event: 52.469 GC heap after
{Heap after GC invocations=27 (full 0):
 garbage-first heap   total 225280K, used 104174K [0x0000000080000000, 0x0000000100000000)
  region size 1024K, 10 young (10240K), 10 survivors (10240K)
 Metaspace       used 94299K, capacity 96730K, committed 96972K, reserved 1132544K
  class space    used 12274K, capacity 13189K, committed 13260K, reserved 1048576K
}
Event: 53.267 GC heap before
{Heap before GC invocations=27 (full 0):
 garbage-first heap   total 225280K, used 172782K [0x0000000080000000, 0x0000000100000000)
  region size 1024K, 78 young (79872K), 10 survivors (10240K)
 Metaspace       used 94841K, capacity 97373K, committed 97484K, reserved 1134592K
  class space    used 12322K, capacity 13239K, committed 13260K, reserved 1048576K
}
Event: 53.278 GC heap after
{Heap after GC invocations=28 (full 0):
 garbage-first heap   total 225280K, used 107136K [0x0000000080000000, 0x0000000100000000)
  region size 1024K, 6 young (6144K), 6 survivors (6144K)
 Metaspace       used 94841K, capacity 97373K, committed 97484K, reserved 1134592K
  class space    used 12322K, capacity 13239K, committed 13260K, reserved 1048576K
}
Event: 61.123 GC heap before
{Heap before GC invocations=28 (full 0):
 garbage-first heap   total 225280K, used 176768K [0x0000000080000000, 0x0000000100000000)
  region size 1024K, 74 young (75776K), 6 survivors (6144K)
 Metaspace       used 98748K, capacity 101532K, committed 101708K, reserved 1136640K
  class space    used 12840K, capacity 13801K, committed 13900K, reserved 1048576K
}
Event: 61.133 GC heap after
{Heap after GC invocations=29 (full 0):
 garbage-first heap   total 225280K, used 110558K [0x0000000080000000, 0x0000000100000000)
  region size 1024K, 9 young (9216K), 9 survivors (9216K)
 Metaspace       used 98748K, capacity 101532K, committed 101708K, reserved 1136640K
  class space    used 12840K, capacity 13801K, committed 13900K, reserved 1048576K
}
Event: 87.744 GC heap before
{Heap before GC invocations=30 (full 0):
 garbage-first heap   total 225280K, used 180190K [0x0000000080000000, 0x0000000100000000)
  region size 1024K, 77 young (78848K), 9 survivors (9216K)
 Metaspace       used 102971K, capacity 105618K, committed 106060K, reserved 1140736K
  class space    used 13059K, capacity 13968K, committed 14156K, reserved 1048576K
}
Event: 87.763 GC heap after
{Heap after GC invocations=31 (full 0):
 garbage-first heap   total 225280K, used 114896K [0x0000000080000000, 0x0000000100000000)
  region size 1024K, 9 young (9216K), 9 survivors (9216K)
 Metaspace       used 102971K, capacity 105618K, committed 106060K, reserved 1140736K
  class space    used 13059K, capacity 13968K, committed 14156K, reserved 1048576K
}

Deoptimization events (20 events):
Event: 88.621 Thread 0x000001d23fa50000 Uncommon trap: trap_request=0xffffffbe fr.pc=0x000001d22aa1a894 relative=0x0000000000000754
Event: 88.621 Thread 0x000001d23a376000 Uncommon trap: trap_request=0xffffffbe fr.pc=0x000001d22aa1a894 relative=0x0000000000000754
Event: 88.621 Thread 0x000001d23a376000 Uncommon trap: reason=profile_predicate action=maybe_recompile pc=0x000001d22aa1a894 method=org.gradle.internal.snapshot.SearchUtil.binarySearch(Ljava/util/List;Ljava/lang/Comparable;)I @ 88 c2
Event: 88.621 Thread 0x000001d23fa50000 Uncommon trap: reason=profile_predicate action=maybe_recompile pc=0x000001d22aa1a894 method=org.gradle.internal.snapshot.SearchUtil.binarySearch(Ljava/util/List;Ljava/lang/Comparable;)I @ 88 c2
Event: 88.621 Thread 0x000001d23a376000 DEOPT PACKING pc=0x000001d22aa1a894 sp=0x0000003eb41fe040
Event: 88.621 Thread 0x000001d23fa50000 DEOPT PACKING pc=0x000001d22aa1a894 sp=0x0000003ebaafad70
Event: 88.621 Thread 0x000001d23a376000 DEOPT UNPACKING pc=0x000001d222a174af sp=0x0000003eb41fdfc8 mode 2
Event: 88.621 Thread 0x000001d23fa50000 DEOPT UNPACKING pc=0x000001d222a174af sp=0x0000003ebaafacf8 mode 2
Event: 88.621 Thread 0x000001d23a376000 Uncommon trap: trap_request=0xffffffbe fr.pc=0x000001d22aa1a894 relative=0x0000000000000754
Event: 88.621 Thread 0x000001d23fa50000 Uncommon trap: trap_request=0xffffffbe fr.pc=0x000001d22aa1a894 relative=0x0000000000000754
Event: 88.621 Thread 0x000001d23a376000 Uncommon trap: reason=profile_predicate action=maybe_recompile pc=0x000001d22aa1a894 method=org.gradle.internal.snapshot.SearchUtil.binarySearch(Ljava/util/List;Ljava/lang/Comparable;)I @ 88 c2
Event: 88.621 Thread 0x000001d23fa50000 Uncommon trap: reason=profile_predicate action=maybe_recompile pc=0x000001d22aa1a894 method=org.gradle.internal.snapshot.SearchUtil.binarySearch(Ljava/util/List;Ljava/lang/Comparable;)I @ 88 c2
Event: 88.621 Thread 0x000001d23a376000 DEOPT PACKING pc=0x000001d22aa1a894 sp=0x0000003eb41fde20
Event: 88.621 Thread 0x000001d23fa50000 DEOPT PACKING pc=0x000001d22aa1a894 sp=0x0000003ebaafab50
Event: 88.621 Thread 0x000001d23a376000 DEOPT UNPACKING pc=0x000001d222a174af sp=0x0000003eb41fdda8 mode 2
Event: 88.622 Thread 0x000001d23fa50000 DEOPT UNPACKING pc=0x000001d222a174af sp=0x0000003ebaafaad8 mode 2
Event: 88.631 Thread 0x000001d23fa50000 Uncommon trap: trap_request=0xffffffc6 fr.pc=0x000001d22aac7ab4 relative=0x0000000000002474
Event: 88.631 Thread 0x000001d23fa50000 Uncommon trap: reason=bimorphic_or_optimized_type_check action=maybe_recompile pc=0x000001d22aac7ab4 method=org.gradle.internal.Try$Success.map(Ljava/util/function/Function;)Lorg/gradle/internal/Try; @ 5 c2
Event: 88.631 Thread 0x000001d23fa50000 DEOPT PACKING pc=0x000001d22aac7ab4 sp=0x0000003ebaafe220
Event: 88.631 Thread 0x000001d23fa50000 DEOPT UNPACKING pc=0x000001d222a174af sp=0x0000003ebaafe268 mode 2

Classes redefined (0 events):
No events

Internal exceptions (20 events):
Event: 87.967 Thread 0x000001d23b1d8000 Exception <a 'java/lang/NoSuchMethodError'{0x000000008cc37c88}: 'long java.lang.invoke.DirectMethodHandle$Holder.invokeVirtual(java.lang.Object, java.lang.Object)'> (0x000000008cc37c88) thrown at [./src/hotspot/share/interpreter/linkResolver.cpp, line 773]
Event: 87.972 Thread 0x000001d23a36b800 Exception <a 'java/lang/NoSuchMethodError'{0x000000008db09240}: <clinit>> (0x000000008db09240) thrown at [./src/hotspot/share/prims/jni.cpp, line 1362]
Event: 87.975 Thread 0x000001d23a36b800 Exception <a 'java/lang/NoSuchMethodError'{0x000000008cc9b080}: <clinit>> (0x000000008cc9b080) thrown at [./src/hotspot/share/prims/jni.cpp, line 1362]
Event: 87.975 Thread 0x000001d23a36b800 Exception <a 'java/lang/NoSuchMethodError'{0x000000008cc9c1a8}: <clinit>> (0x000000008cc9c1a8) thrown at [./src/hotspot/share/prims/jni.cpp, line 1362]
Event: 87.975 Thread 0x000001d23a36b800 Exception <a 'java/lang/NoSuchMethodError'{0x000000008cc9d4b0}: <clinit>> (0x000000008cc9d4b0) thrown at [./src/hotspot/share/prims/jni.cpp, line 1362]
Event: 87.976 Thread 0x000001d23a36b800 Exception <a 'java/lang/NoSuchMethodError'{0x000000008cc9e4d0}: <clinit>> (0x000000008cc9e4d0) thrown at [./src/hotspot/share/prims/jni.cpp, line 1362]
Event: 87.977 Thread 0x000001d23a36b800 Exception <a 'java/lang/NoSuchMethodError'{0x000000008cca8230}: <clinit>> (0x000000008cca8230) thrown at [./src/hotspot/share/prims/jni.cpp, line 1362]
Event: 87.978 Thread 0x000001d23a36b800 Exception <a 'java/lang/NoSuchMethodError'{0x000000008ccb2680}: <clinit>> (0x000000008ccb2680) thrown at [./src/hotspot/share/prims/jni.cpp, line 1362]
Event: 87.980 Thread 0x000001d23a36b800 Exception <a 'java/lang/NoSuchMethodError'{0x000000008ccc5f70}: <clinit>> (0x000000008ccc5f70) thrown at [./src/hotspot/share/prims/jni.cpp, line 1362]
Event: 88.178 Thread 0x000001d23b1d8000 Exception <a 'sun/nio/fs/WindowsException'{0x000000008c4b3708}> (0x000000008c4b3708) thrown at [./src/hotspot/share/prims/jni.cpp, line 615]
Event: 88.349 Thread 0x000001d23b1d8000 Exception <a 'java/lang/NoSuchMethodError'{0x000000008bd9e2b8}: <clinit>> (0x000000008bd9e2b8) thrown at [./src/hotspot/share/prims/jni.cpp, line 1362]
Event: 88.397 Thread 0x000001d23a36b800 Exception <a 'java/lang/NoSuchMethodError'{0x000000008ccdcb70}: <clinit>> (0x000000008ccdcb70) thrown at [./src/hotspot/share/prims/jni.cpp, line 1362]
Event: 88.398 Thread 0x000001d23a36b800 Exception <a 'java/lang/NoSuchMethodError'{0x000000008ba1cef0}: <clinit>> (0x000000008ba1cef0) thrown at [./src/hotspot/share/prims/jni.cpp, line 1362]
Event: 88.401 Thread 0x000001d23a36b800 Exception <a 'java/lang/NoSuchMethodError'{0x000000008ba3bcf0}: <clinit>> (0x000000008ba3bcf0) thrown at [./src/hotspot/share/prims/jni.cpp, line 1362]
Event: 88.403 Thread 0x000001d23a36b800 Exception <a 'java/lang/NoSuchMethodError'{0x000000008ba74450}: <clinit>> (0x000000008ba74450) thrown at [./src/hotspot/share/prims/jni.cpp, line 1362]
Event: 88.403 Thread 0x000001d23a36b800 Exception <a 'java/lang/NoSuchMethodError'{0x000000008ba75968}: <clinit>> (0x000000008ba75968) thrown at [./src/hotspot/share/prims/jni.cpp, line 1362]
Event: 88.405 Thread 0x000001d23fa50000 Exception <a 'java/lang/NoSuchMethodError'{0x000000008ba51550}: 'java.lang.Object java.lang.invoke.Invokers$Holder.linkToTargetMethod(java.lang.Object, java.lang.Object, java.lang.Object, java.lang.Object, java.lang.Object, java.lang.Object, java.lang.Object, java.lang.Object)'> (0x000000008ba51550) thrown at [./src/hotspot/share/interpreter/linkResolver.cpp, line 773]
Event: 88.426 Thread 0x000001d23fa49800 Exception <a 'java/lang/NoSuchMethodError'{0x000000008b8451e8}: <clinit>> (0x000000008b8451e8) thrown at [./src/hotspot/share/prims/jni.cpp, line 1362]
Event: 88.429 Thread 0x000001d23fa49800 Exception <a 'java/lang/NoSuchMethodError'{0x000000008b869d20}: <clinit>> (0x000000008b869d20) thrown at [./src/hotspot/share/prims/jni.cpp, line 1362]
Event: 88.519 Thread 0x000001d23a36b800 Exception <a 'java/lang/NoSuchMethodError'{0x000000008b62d388}: <clinit>> (0x000000008b62d388) thrown at [./src/hotspot/share/prims/jni.cpp, line 1362]

Events (20 events):
Event: 90.012 Executing VM operation: RevokeBias
Event: 90.013 Executing VM operation: RevokeBias done
Event: 90.013 Executing VM operation: RevokeBias
Event: 90.013 Executing VM operation: RevokeBias done
Event: 90.014 Executing VM operation: RevokeBias
Event: 90.015 Executing VM operation: RevokeBias done
Event: 90.015 Executing VM operation: RevokeBias
Event: 90.016 Executing VM operation: RevokeBias done
Event: 90.017 Executing VM operation: BulkRevokeBias
Event: 90.019 Executing VM operation: BulkRevokeBias done
Event: 90.042 Executing VM operation: RevokeBias
Event: 90.042 Executing VM operation: RevokeBias done
Event: 90.042 Executing VM operation: RevokeBias
Event: 90.043 Executing VM operation: RevokeBias done
Event: 90.062 Executing VM operation: RevokeBias
Event: 90.063 Executing VM operation: RevokeBias done
Event: 90.064 Executing VM operation: RevokeBias
Event: 90.064 Executing VM operation: RevokeBias done
Event: 90.064 Executing VM operation: RevokeBias
Event: 90.065 Executing VM operation: RevokeBias done


Dynamic libraries:
0x00007ff7d48d0000 - 0x00007ff7d48da000 	C:\Program Files\Android\Android Studio1\jre\bin\java.exe
0x00007ffbc8d50000 - 0x00007ffbc8f45000 	C:\Windows\SYSTEM32\ntdll.dll
0x00007ffbc7080000 - 0x00007ffbc713d000 	C:\Windows\System32\KERNEL32.DLL
0x00007ffbc6780000 - 0x00007ffbc6a49000 	C:\Windows\System32\KERNELBASE.dll
0x00007ffbc65a0000 - 0x00007ffbc66a0000 	C:\Windows\System32\ucrtbase.dll
0x00007ffb9d560000 - 0x00007ffb9d579000 	C:\Program Files\Android\Android Studio1\jre\bin\jli.dll
0x00007ffb9a610000 - 0x00007ffb9a627000 	C:\Program Files\Android\Android Studio1\jre\bin\VCRUNTIME140.dll
0x00007ffbc6ee0000 - 0x00007ffbc7080000 	C:\Windows\System32\USER32.dll
0x00007ffba9640000 - 0x00007ffba98da000 	C:\Windows\WinSxS\amd64_microsoft.windows.common-controls_6595b64144ccf1df_6.0.19041.1110_none_60b5254171f9507e\COMCTL32.dll
0x00007ffbc6750000 - 0x00007ffbc6772000 	C:\Windows\System32\win32u.dll
0x00007ffbc6e40000 - 0x00007ffbc6ede000 	C:\Windows\System32\msvcrt.dll
0x00007ffbc7fb0000 - 0x00007ffbc7fda000 	C:\Windows\System32\GDI32.dll
0x00007ffbc6490000 - 0x00007ffbc659b000 	C:\Windows\System32\gdi32full.dll
0x00007ffbc6bc0000 - 0x00007ffbc6c5d000 	C:\Windows\System32\msvcp_win.dll
0x00007ffbc7b70000 - 0x00007ffbc7ba0000 	C:\Windows\System32\IMM32.DLL
0x00007ffb86680000 - 0x00007ffb8671d000 	C:\Program Files\Android\Android Studio1\jre\bin\msvcp140.dll
0x00007ffb6e6a0000 - 0x00007ffb6f15c000 	C:\Program Files\Android\Android Studio1\jre\bin\server\jvm.dll
0x00007ffbc8000000 - 0x00007ffbc80ac000 	C:\Windows\System32\ADVAPI32.dll
0x00007ffbc8120000 - 0x00007ffbc81bb000 	C:\Windows\System32\sechost.dll
0x00007ffbc7cd0000 - 0x00007ffbc7dfa000 	C:\Windows\System32\RPCRT4.dll
0x00007ffbc7fe0000 - 0x00007ffbc7fe8000 	C:\Windows\System32\PSAPI.DLL
0x00007ffbb7620000 - 0x00007ffbb7647000 	C:\Windows\SYSTEM32\WINMM.dll
0x00007ffbb93c0000 - 0x00007ffbb93c9000 	C:\Windows\SYSTEM32\WSOCK32.dll
0x00007ffbbf4a0000 - 0x00007ffbbf4aa000 	C:\Windows\SYSTEM32\VERSION.dll
0x00007ffbc80b0000 - 0x00007ffbc811b000 	C:\Windows\System32\WS2_32.dll
0x00007ffbc4d60000 - 0x00007ffbc4d72000 	C:\Windows\SYSTEM32\kernel.appcore.dll
0x00007ffbc1440000 - 0x00007ffbc1451000 	C:\Program Files\Android\Android Studio1\jre\bin\verify.dll
0x00007ffbc4a40000 - 0x00007ffbc4c24000 	C:\Windows\SYSTEM32\DBGHELP.DLL
0x00007ffbbed30000 - 0x00007ffbbed5c000 	C:\Windows\SYSTEM32\dbgcore.DLL
0x00007ffbc6a80000 - 0x00007ffbc6b03000 	C:\Windows\System32\bcryptPrimitives.dll
0x00007ffbc11e0000 - 0x00007ffbc1209000 	C:\Program Files\Android\Android Studio1\jre\bin\java.dll
0x00007ffbc1430000 - 0x00007ffbc143b000 	C:\Program Files\Android\Android Studio1\jre\bin\jimage.dll
0x00007ffbc1180000 - 0x00007ffbc1198000 	C:\Program Files\Android\Android Studio1\jre\bin\zip.dll
0x00007ffbc83d0000 - 0x00007ffbc8b0f000 	C:\Windows\System32\SHELL32.dll
0x00007ffbc41d0000 - 0x00007ffbc4961000 	C:\Windows\SYSTEM32\windows.storage.dll
0x00007ffbc71a0000 - 0x00007ffbc74f5000 	C:\Windows\System32\combase.dll
0x00007ffbc5f00000 - 0x00007ffbc5f2c000 	C:\Windows\SYSTEM32\Wldp.dll
0x00007ffbc8bd0000 - 0x00007ffbc8c7e000 	C:\Windows\System32\SHCORE.dll
0x00007ffbc81e0000 - 0x00007ffbc8235000 	C:\Windows\System32\shlwapi.dll
0x00007ffbc63d0000 - 0x00007ffbc63ef000 	C:\Windows\SYSTEM32\profapi.dll
0x00007ffbbffa0000 - 0x00007ffbbffba000 	C:\Program Files\Android\Android Studio1\jre\bin\net.dll
0x00007ffbbbb90000 - 0x00007ffbbbc9a000 	C:\Windows\SYSTEM32\WINHTTP.dll
0x00007ffbc5c60000 - 0x00007ffbc5cca000 	C:\Windows\system32\mswsock.dll
0x00007ffbbfe30000 - 0x00007ffbbfe44000 	C:\Program Files\Android\Android Studio1\jre\bin\nio.dll
0x00007ffba71f0000 - 0x00007ffba7216000 	C:\Users\phamh\.gradle\native\fdc75f09e3144964f2cf3f50f0aa648679c211496f362492102eb8c894070792\windows-amd64\native-platform.dll
0x00007ffb868f0000 - 0x00007ffb86a81000 	C:\Users\phamh\.gradle\native\12488b8bf47d2d4c9fbf2f6322a914ad602e24e48041cd04a747c6da556b65c4\windows-amd64\native-platform-file-events.dll
0x00007ffbbfe20000 - 0x00007ffbbfe2a000 	C:\Program Files\Android\Android Studio1\jre\bin\management.dll
0x00007ffbbf990000 - 0x00007ffbbf99c000 	C:\Program Files\Android\Android Studio1\jre\bin\management_ext.dll
0x00007ffbc5e40000 - 0x00007ffbc5e58000 	C:\Windows\SYSTEM32\CRYPTSP.dll
0x00007ffbc5590000 - 0x00007ffbc55c4000 	C:\Windows\system32\rsaenh.dll
0x00007ffbc6a50000 - 0x00007ffbc6a77000 	C:\Windows\System32\bcrypt.dll
0x00007ffbc6390000 - 0x00007ffbc63be000 	C:\Windows\SYSTEM32\USERENV.dll
0x00007ffbc5e60000 - 0x00007ffbc5e6c000 	C:\Windows\SYSTEM32\CRYPTBASE.dll
0x00007ffbc5900000 - 0x00007ffbc593b000 	C:\Windows\SYSTEM32\IPHLPAPI.DLL
0x00007ffbc8240000 - 0x00007ffbc8248000 	C:\Windows\System32\NSI.dll
0x00007ffbbd8a0000 - 0x00007ffbbd8b7000 	C:\Windows\SYSTEM32\dhcpcsvc6.DLL
0x00007ffbbe740000 - 0x00007ffbbe75d000 	C:\Windows\SYSTEM32\dhcpcsvc.DLL
0x00007ffbc5950000 - 0x00007ffbc5a1c000 	C:\Windows\SYSTEM32\DNSAPI.dll
0x00007ffbbf4b0000 - 0x00007ffbbf4bb000 	C:\Windows\SYSTEM32\WINNSI.DLL
0x00007ffbbb660000 - 0x00007ffbbb687000 	C:\Program Files\Android\Android Studio1\jre\bin\sunec.dll
0x000000006bec0000 - 0x000000006bee6000 	C:\Program Files\Bonjour\mdnsNSP.dll
0x00007ffbbe4c0000 - 0x00007ffbbe4ca000 	C:\Windows\System32\rasadhlp.dll
0x00007ffbba970000 - 0x00007ffbba9ef000 	C:\Windows\System32\fwpuclnt.dll

dbghelp: loaded successfully - version: 4.0.5 - missing functions: none
symbol engine: initialized successfully - sym options: 0x614 - pdb path: .;C:\Program Files\Android\Android Studio1\jre\bin;C:\Windows\SYSTEM32;C:\Windows\WinSxS\amd64_microsoft.windows.common-controls_6595b64144ccf1df_6.0.19041.1110_none_60b5254171f9507e;C:\Program Files\Android\Android Studio1\jre\bin\server;C:\Users\phamh\.gradle\native\fdc75f09e3144964f2cf3f50f0aa648679c211496f362492102eb8c894070792\windows-amd64;C:\Users\phamh\.gradle\native\12488b8bf47d2d4c9fbf2f6322a914ad602e24e48041cd04a747c6da556b65c4\windows-amd64;C:\Program Files\Bonjour

VM Arguments:
jvm_args: --add-opens=java.base/java.util=ALL-UNNAMED --add-opens=java.base/java.lang=ALL-UNNAMED --add-opens=java.base/java.lang.invoke=ALL-UNNAMED --add-opens=java.prefs/java.util.prefs=ALL-UNNAMED -Xmx2048m -Dfile.encoding=UTF-8 -Duser.country=US -Duser.language=en -Duser.variant 
java_command: org.gradle.launcher.daemon.bootstrap.GradleDaemon 6.7.1
java_class_path (initial): C:\Users\phamh\.gradle\wrapper\dists\gradle-6.7.1-bin\bwlcbys1h7rz3272sye1xwiv6\gradle-6.7.1\lib\gradle-launcher-6.7.1.jar
Launcher Type: SUN_STANDARD

[Global flags]
     intx CICompilerCount                          = 4                                         {product} {ergonomic}
     uint ConcGCThreads                            = 2                                         {product} {ergonomic}
     uint G1ConcRefinementThreads                  = 8                                         {product} {ergonomic}
   size_t G1HeapRegionSize                         = 1048576                                   {product} {ergonomic}
    uintx GCDrainStackTargetSize                   = 64                                        {product} {ergonomic}
   size_t InitialHeapSize                          = 132120576                                 {product} {ergonomic}
   size_t MarkStackSize                            = 4194304                                   {product} {ergonomic}
   size_t MaxHeapSize                              = 2147483648                                {product} {command line}
   size_t MaxNewSize                               = 1287651328                                {product} {ergonomic}
   size_t MinHeapDeltaBytes                        = 1048576                                   {product} {ergonomic}
    uintx NonNMethodCodeHeapSize                   = 5836300                                {pd product} {ergonomic}
    uintx NonProfiledCodeHeapSize                  = 122910970                              {pd product} {ergonomic}
    uintx ProfiledCodeHeapSize                     = 122910970                              {pd product} {ergonomic}
    uintx ReservedCodeCacheSize                    = 251658240                              {pd product} {ergonomic}
     bool SegmentedCodeCache                       = true                                      {product} {ergonomic}
     bool UseCompressedClassPointers               = true                                 {lp64_product} {ergonomic}
     bool UseCompressedOops                        = true                                 {lp64_product} {ergonomic}
     bool UseG1GC                                  = true                                      {product} {ergonomic}
     bool UseLargePagesIndividualAllocation        = false                                  {pd product} {ergonomic}

Logging:
Log output configuration:
 #0: stdout all=warning uptime,level,tags
 #1: stderr all=off uptime,level,tags

Environment Variables:
JAVA_HOME=C:\Program Files\OpenJDK\openjdk-8u282-b08
PATH=C:\Program Files (x86)\Common Files\Oracle\Java\javapath;C:\Python39\Scripts\;C:\Python39\;C:\Windows\system32;C:\Windows;C:\Windows\System32\Wbem;C:\Windows\System32\WindowsPowerShell\v1.0\;C:\Windows\System32\OpenSSH\;C:\Program Files\dotnet\;C:\Program Files\Microsoft SQL Server\130\Tools\Binn\;C:\Program Files\Microsoft SQL Server\Client SDK\ODBC\170\Tools\Binn\;C:\Program Files\Git\cmd;C:\Program Files (x86)\Microsoft SQL Server\150\Tools\Binn\;C:\Program Files\Microsoft SQL Server\150\Tools\Binn\;C:\Program Files\Microsoft SQL Server\150\DTS\Binn\;C:\Program Files (x86)\Microsoft SQL Server\150\DTS\Binn\;C:\ProgramData\chocolatey\bin;C:\Program Files\OpenJDK\openjdk-8u282-b08\bin;C:\Program Files\nodejs\;C:\Program Files (x86)\Intel\Intel(R) Management Engine Components\DAL;C:\Program Files\Intel\Intel(R) Management Engine Components\DAL;C:\xampp\php;C:\composer;C:\Program Files (x86)\dotnet\;C:\Program Files (x86)\NVIDIA Corporation\PhysX\Common;C:\Program Files\NVIDIA Corporation\NVIDIA NvDLISR;C:\Users\phamh\AppData\Local\Microsoft\WindowsApps;C:\Users\phamh\AppData\Local\Programs\Microsoft VS Code\bin;C:\Users\phamh\.dotnet\tools;C:\Users\phamh\AppData\Local\Android\Sdk\platform-tools;C:\Users\phamh\AppData\Roaming\npm;C:\Users\phamh\AppData\Roaming\Composer\vendor\bin
USERNAME=phamh
OS=Windows_NT
PROCESSOR_IDENTIFIER=Intel64 Family 6 Model 158 Stepping 9, GenuineIntel



---------------  S Y S T E M  ---------------

OS: Windows 10 , 64 bit Build 19041 (10.0.19041.1023)
OS uptime: 2 days 7:20 hours

CPU:total 8 (initial active 8) (4 cores per cpu, 2 threads per core) family 6 model 158 stepping 9, cmov, cx8, fxsr, mmx, sse, sse2, sse3, ssse3, sse4.1, sse4.2, popcnt, avx, avx2, aes, clmul, erms, 3dnowpref, lzcnt, ht, tsc, tscinvbit, bmi1, bmi2, adx, fma

Memory: 4k page, system-wide physical 8058M (319M free)
TotalPageFile size 32634M (AvailPageFile size 9M)
current process WorkingSet (physical memory assigned to process): 326M, peak: 427M
current process commit charge ("private bytes"): 562M, peak: 567M

vm_info: OpenJDK 64-Bit Server VM (11.0.8+10-b944.6842174) for windows-amd64 JRE (11.0.8+10-b944.6842174), built on Sep 19 2020 01:11:42 by "builder" with MS VC++ 14.0 (VS2015)

END.
